{"type":"operationStart","subtype":"profile","data":{"_id":"586Efm2KkPi9UdU2","timestamp":"2023-11-01T14:31:14.891Z","state":"queued","mode":"standard","creationDate":"2023-11-01T14:31:14.893Z","modificationDate":"2023-11-01T14:31:14.893Z","shortid":"VUTMdCL","$entitySet":"profiles"},"doDiffs":false,"timestamp":1698849074893,"id":"9i6mj3rphcdehid","previousOperationId":null,"operationId":"gyzi9esuifiqimg"}
{"type":"log","level":"info","message":"Render request 13 queued for execution and waiting for available worker","previousOperationId":"gyzi9esuifiqimg","timestamp":1698849074893,"id":"zr9mpcnnlwnwhxk"}
{"type":"operationStart","subtype":"render","name":"main","previousOperationId":"gyzi9esuifiqimg","timestamp":1698849074903,"id":"r55hr0kv72gv0sa","previousEventId":"9i6mj3rphcdehid","operationId":"4vmk67cjcr8eiw8"}
{"type":"log","timestamp":1698849074903,"level":"info","message":"Starting rendering request 13","meta":{"rootId":"0ft07zltknnx4nd","id":"0ft07zltknnx4nd"},"id":"n1ua96uk8dnhy3o","previousOperationId":"4vmk67cjcr8eiw8"}
{"type":"log","timestamp":1698849074903,"level":"info","message":"Rendering template { name: main, recipe: chrome-pdf, engine: handlebars, preview: true }","meta":{"rootId":"0ft07zltknnx4nd","id":"0ft07zltknnx4nd"},"id":"1hbat6s1uwf5s4p","previousOperationId":"4vmk67cjcr8eiw8"}
{"type":"log","timestamp":1698849074903,"level":"debug","message":"Data item not defined for this template.","meta":{"rootId":"0ft07zltknnx4nd","id":"0ft07zltknnx4nd"},"id":"uxv5rs1s3p9una2","previousOperationId":"4vmk67cjcr8eiw8"}
{"type":"log","timestamp":1698849074905,"level":"debug","message":"Base url not specified, skipping its injection.","meta":{"rootId":"0ft07zltknnx4nd","id":"0ft07zltknnx4nd"},"id":"gz20h6fof1ecwcc","previousOperationId":"4vmk67cjcr8eiw8"}
{"type":"operationStart","subtype":"engine","name":"handlebars","timestamp":1698849074905,"id":"sprx3vyzuh497x8","previousEventId":"r55hr0kv72gv0sa","operationId":"ez24nb9oy8rcckh","previousOperationId":"4vmk67cjcr8eiw8"}
{"type":"log","timestamp":1698849074905,"level":"debug","message":"Rendering engine handlebars","meta":{"rootId":"0ft07zltknnx4nd","id":"0ft07zltknnx4nd"},"id":"ekm1qkgabosczao","previousOperationId":"ez24nb9oy8rcckh"}
{"type":"operationEnd","operationId":"ez24nb9oy8rcckh","timestamp":1698849074921,"id":"4h4vxtpg4gba2n7","previousEventId":"sprx3vyzuh497x8","previousOperationId":"ez24nb9oy8rcckh"}
{"type":"operationStart","subtype":"recipe","name":"chrome-pdf","timestamp":1698849074922,"id":"v5il3ptu39t8gir","previousEventId":"4h4vxtpg4gba2n7","operationId":"vc0t3sx7dxpiiq7","previousOperationId":"ez24nb9oy8rcckh"}
{"type":"log","timestamp":1698849074922,"level":"debug","message":"Executing recipe chrome-pdf","meta":{"rootId":"0ft07zltknnx4nd","id":"0ft07zltknnx4nd"},"id":"jdguhwfc94026p2","previousOperationId":"vc0t3sx7dxpiiq7"}
{"type":"log","timestamp":1698849074924,"level":"debug","message":"Converting with chrome HeadlessChrome/117.0.5938.149 using chrome-pool strategy","meta":{"rootId":"0ft07zltknnx4nd","id":"0ft07zltknnx4nd"},"id":"ghbu0j4xa6o8o18","previousOperationId":"vc0t3sx7dxpiiq7"}
{"type":"log","timestamp":1698849075031,"level":"debug","message":"Page request: GET (document) file:///C:/Users/OGNJEN~1/AppData/Local/Temp/jsreport/autocleanup/b796b0b1-55d5-4d02-9879-43d5c17c7a2d-chrome-pdf.html","meta":{"rootId":"0ft07zltknnx4nd","id":"0ft07zltknnx4nd"},"id":"tet3cac94674amq","previousOperationId":"vc0t3sx7dxpiiq7"}
{"type":"log","timestamp":1698849075040,"level":"debug","message":"Page request: GET (stylesheet) https://cdn.jsdelivr.net/npm/tailwindcss@2.2.19/dist/tailwind.min.css","meta":{"rootId":"0ft07zltknnx4nd","id":"0ft07zltknnx4nd"},"id":"kgnbkx8ftvfjpcu","previousOperationId":"vc0t3sx7dxpiiq7"}
{"type":"log","timestamp":1698849075040,"level":"debug","message":"Page request: GET (stylesheet) https://cdnjs.cloudflare.com/ajax/libs/font-awesome/6.0.0-beta3/css/all.min.css","meta":{"rootId":"0ft07zltknnx4nd","id":"0ft07zltknnx4nd"},"id":"cddhs3hsbqgsiom","previousOperationId":"vc0t3sx7dxpiiq7"}
{"type":"log","timestamp":1698849075040,"level":"debug","message":"Page request finished: GET (document) 200 file:///C:/Users/OGNJEN~1/AppData/Local/Temp/jsreport/autocleanup/b796b0b1-55d5-4d02-9879-43d5c17c7a2d-chrome-pdf.html","meta":{"rootId":"0ft07zltknnx4nd","id":"0ft07zltknnx4nd"},"id":"u4n8rzkdpgod326","previousOperationId":"vc0t3sx7dxpiiq7"}
{"type":"log","timestamp":1698849075046,"level":"debug","message":"Page request finished: GET (stylesheet) 200 https://cdnjs.cloudflare.com/ajax/libs/font-awesome/6.0.0-beta3/css/all.min.css","meta":{"rootId":"0ft07zltknnx4nd","id":"0ft07zltknnx4nd"},"id":"pj2iygzkzkzz8ah","previousOperationId":"vc0t3sx7dxpiiq7"}
{"type":"log","timestamp":1698849075114,"level":"debug","message":"Page request finished: GET (stylesheet) 200 https://cdn.jsdelivr.net/npm/tailwindcss@2.2.19/dist/tailwind.min.css","meta":{"rootId":"0ft07zltknnx4nd","id":"0ft07zltknnx4nd"},"id":"75ympqbsnowjlea","previousOperationId":"vc0t3sx7dxpiiq7"}
{"type":"log","timestamp":1698849075151,"level":"debug","message":"Page request: GET (font) https://cdnjs.cloudflare.com/ajax/libs/font-awesome/6.0.0-beta3/webfonts/fa-solid-900.woff2","meta":{"rootId":"0ft07zltknnx4nd","id":"0ft07zltknnx4nd"},"id":"rpbi6a3ydh83op6","previousOperationId":"vc0t3sx7dxpiiq7"}
{"type":"log","timestamp":1698849075152,"level":"debug","message":"Running chrome with params {\"printBackground\":true,\"timeout\":59968,\"margin\":{}}","meta":{"rootId":"0ft07zltknnx4nd","id":"0ft07zltknnx4nd"},"id":"di5my1a0ptjgi3u","previousOperationId":"vc0t3sx7dxpiiq7"}
{"type":"operationEnd","operationId":"vc0t3sx7dxpiiq7","timestamp":1698849075188,"id":"howx7cw2uguev6v","previousEventId":"v5il3ptu39t8gir","previousOperationId":"vc0t3sx7dxpiiq7"}
{"type":"log","timestamp":1698849075188,"level":"debug","message":"Skipping storing report.","meta":{"rootId":"0ft07zltknnx4nd","id":"0ft07zltknnx4nd"},"id":"hvf1kgxw6ahwq1t","previousOperationId":"vc0t3sx7dxpiiq7"}
{"type":"log","timestamp":1698849075188,"level":"info","message":"Rendering request 13 finished in 297 ms","meta":{"rootId":"0ft07zltknnx4nd","id":"0ft07zltknnx4nd"},"id":"dkzou08vnlq2a9w","previousOperationId":"vc0t3sx7dxpiiq7"}
{"type":"operationEnd","subtype":"render","operationId":"4vmk67cjcr8eiw8","timestamp":1698849075188,"id":"vt72olbt0m5r9kn","previousEventId":"howx7cw2uguev6v","previousOperationId":"vc0t3sx7dxpiiq7"}
{"type":"operationEnd","doDiffs":false,"previousEventId":"9i6mj3rphcdehid","previousOperationId":"gyzi9esuifiqimg","operationId":"gyzi9esuifiqimg","timestamp":1698849075192,"id":"gs9g51lgo1eqjvb"}
