{"type":"operationStart","subtype":"profile","data":{"_id":"FErPj0xAzj2K1d1Q","timestamp":"2023-11-01T14:30:32.108Z","state":"queued","mode":"standard","creationDate":"2023-11-01T14:30:32.111Z","modificationDate":"2023-11-01T14:30:32.111Z","shortid":"Pzx0gY6","$entitySet":"profiles"},"doDiffs":false,"timestamp":1698849032109,"id":"6hv6acev20n0by3","previousOperationId":null,"operationId":"38zd6u3vfcuf9gl"}
{"type":"log","level":"info","message":"Render request 10 queued for execution and waiting for available worker","previousOperationId":"38zd6u3vfcuf9gl","timestamp":1698849032110,"id":"74mppxwhr2wtmzz"}
{"type":"operationStart","subtype":"render","name":"main","previousOperationId":"38zd6u3vfcuf9gl","timestamp":1698849032131,"id":"zncayfxiys5wj0c","previousEventId":"6hv6acev20n0by3","operationId":"2yui8ismqg433kb"}
{"type":"log","timestamp":1698849032131,"level":"info","message":"Starting rendering request 10","meta":{"rootId":"0sgtjh587o1h3uq","id":"0sgtjh587o1h3uq"},"id":"b40thmksk05mooc","previousOperationId":"2yui8ismqg433kb"}
{"type":"log","timestamp":1698849032131,"level":"info","message":"Rendering template { name: main, recipe: chrome-pdf, engine: handlebars, preview: true }","meta":{"rootId":"0sgtjh587o1h3uq","id":"0sgtjh587o1h3uq"},"id":"mh59v61jaii0r20","previousOperationId":"2yui8ismqg433kb"}
{"type":"log","timestamp":1698849032131,"level":"debug","message":"Data item not defined for this template.","meta":{"rootId":"0sgtjh587o1h3uq","id":"0sgtjh587o1h3uq"},"id":"x1gqfamw6ilbbfr","previousOperationId":"2yui8ismqg433kb"}
{"type":"log","timestamp":1698849032134,"level":"debug","message":"Base url not specified, skipping its injection.","meta":{"rootId":"0sgtjh587o1h3uq","id":"0sgtjh587o1h3uq"},"id":"d1ym7pbrp6ocrhx","previousOperationId":"2yui8ismqg433kb"}
{"type":"operationStart","subtype":"engine","name":"handlebars","timestamp":1698849032135,"id":"vfjrx0ifsmm3w57","previousEventId":"zncayfxiys5wj0c","operationId":"i3xozjdmjp9046b","previousOperationId":"2yui8ismqg433kb"}
{"type":"log","timestamp":1698849032135,"level":"debug","message":"Rendering engine handlebars","meta":{"rootId":"0sgtjh587o1h3uq","id":"0sgtjh587o1h3uq"},"id":"7aehps6kbt0swro","previousOperationId":"i3xozjdmjp9046b"}
{"type":"operationEnd","operationId":"i3xozjdmjp9046b","timestamp":1698849032149,"id":"xpq9loutzauc3qg","previousEventId":"vfjrx0ifsmm3w57","previousOperationId":"i3xozjdmjp9046b"}
{"type":"operationStart","subtype":"recipe","name":"chrome-pdf","timestamp":1698849032149,"id":"vq5ppsmj94kvtp1","previousEventId":"xpq9loutzauc3qg","operationId":"nmgp5uusacgtroe","previousOperationId":"i3xozjdmjp9046b"}
{"type":"log","timestamp":1698849032149,"level":"debug","message":"Executing recipe chrome-pdf","meta":{"rootId":"0sgtjh587o1h3uq","id":"0sgtjh587o1h3uq"},"id":"2rm50iya6pm7gqs","previousOperationId":"nmgp5uusacgtroe"}
{"type":"log","timestamp":1698849032154,"level":"debug","message":"Converting with chrome HeadlessChrome/117.0.5938.149 using chrome-pool strategy","meta":{"rootId":"0sgtjh587o1h3uq","id":"0sgtjh587o1h3uq"},"id":"5lzjz229eg83lpw","previousOperationId":"nmgp5uusacgtroe"}
{"type":"log","timestamp":1698849032268,"level":"debug","message":"Page request: GET (document) file:///C:/Users/OGNJEN~1/AppData/Local/Temp/jsreport/autocleanup/2defd194-4041-4420-af82-a829221b3d81-chrome-pdf.html","meta":{"rootId":"0sgtjh587o1h3uq","id":"0sgtjh587o1h3uq"},"id":"60q5hiiu9x7ical","previousOperationId":"nmgp5uusacgtroe"}
{"type":"log","timestamp":1698849032276,"level":"debug","message":"Page request: GET (stylesheet) https://cdn.jsdelivr.net/npm/tailwindcss@2.2.19/dist/tailwind.min.css","meta":{"rootId":"0sgtjh587o1h3uq","id":"0sgtjh587o1h3uq"},"id":"4khphkg6ww6rppe","previousOperationId":"nmgp5uusacgtroe"}
{"type":"log","timestamp":1698849032276,"level":"debug","message":"Page request: GET (stylesheet) https://cdnjs.cloudflare.com/ajax/libs/font-awesome/6.0.0-beta3/css/all.min.css","meta":{"rootId":"0sgtjh587o1h3uq","id":"0sgtjh587o1h3uq"},"id":"37wi88ynlvv6sao","previousOperationId":"nmgp5uusacgtroe"}
{"type":"log","timestamp":1698849032277,"level":"debug","message":"Page request finished: GET (document) 200 file:///C:/Users/OGNJEN~1/AppData/Local/Temp/jsreport/autocleanup/2defd194-4041-4420-af82-a829221b3d81-chrome-pdf.html","meta":{"rootId":"0sgtjh587o1h3uq","id":"0sgtjh587o1h3uq"},"id":"bu5gcyuqkdouvr8","previousOperationId":"nmgp5uusacgtroe"}
{"type":"log","timestamp":1698849032287,"level":"debug","message":"Page request finished: GET (stylesheet) 200 https://cdnjs.cloudflare.com/ajax/libs/font-awesome/6.0.0-beta3/css/all.min.css","meta":{"rootId":"0sgtjh587o1h3uq","id":"0sgtjh587o1h3uq"},"id":"07d3ol0mqtzzwr5","previousOperationId":"nmgp5uusacgtroe"}
{"type":"log","timestamp":1698849032349,"level":"debug","message":"Page request finished: GET (stylesheet) 200 https://cdn.jsdelivr.net/npm/tailwindcss@2.2.19/dist/tailwind.min.css","meta":{"rootId":"0sgtjh587o1h3uq","id":"0sgtjh587o1h3uq"},"id":"j4ulcpnfyjtuozv","previousOperationId":"nmgp5uusacgtroe"}
{"type":"log","timestamp":1698849032401,"level":"debug","message":"Page request: GET (font) https://cdnjs.cloudflare.com/ajax/libs/font-awesome/6.0.0-beta3/webfonts/fa-solid-900.woff2","meta":{"rootId":"0sgtjh587o1h3uq","id":"0sgtjh587o1h3uq"},"id":"bjzp9ls279po788","previousOperationId":"nmgp5uusacgtroe"}
{"type":"log","timestamp":1698849032402,"level":"debug","message":"Running chrome with params {\"printBackground\":true,\"timeout\":59957,\"margin\":{}}","meta":{"rootId":"0sgtjh587o1h3uq","id":"0sgtjh587o1h3uq"},"id":"8fesz4ucpn8ha2r","previousOperationId":"nmgp5uusacgtroe"}
{"type":"operationEnd","operationId":"nmgp5uusacgtroe","timestamp":1698849032440,"id":"zds1z60fa0ae76v","previousEventId":"vq5ppsmj94kvtp1","previousOperationId":"nmgp5uusacgtroe"}
{"type":"log","timestamp":1698849032440,"level":"debug","message":"Skipping storing report.","meta":{"rootId":"0sgtjh587o1h3uq","id":"0sgtjh587o1h3uq"},"id":"y3fk2mxjxlrizzz","previousOperationId":"nmgp5uusacgtroe"}
{"type":"log","timestamp":1698849032440,"level":"info","message":"Rendering request 10 finished in 332 ms","meta":{"rootId":"0sgtjh587o1h3uq","id":"0sgtjh587o1h3uq"},"id":"xx9q7znn13gty34","previousOperationId":"nmgp5uusacgtroe"}
{"type":"operationEnd","subtype":"render","operationId":"2yui8ismqg433kb","timestamp":1698849032440,"id":"q7tn9vt4us748tr","previousEventId":"zds1z60fa0ae76v","previousOperationId":"nmgp5uusacgtroe"}
{"type":"operationEnd","doDiffs":false,"previousEventId":"6hv6acev20n0by3","previousOperationId":"38zd6u3vfcuf9gl","operationId":"38zd6u3vfcuf9gl","timestamp":1698849032453,"id":"9owizmf3zc8usbe"}
