{"type":"operationStart","subtype":"profile","data":{"_id":"aOo4eB7RUzRVv91J","timestamp":"2023-11-03T11:06:57.985Z","state":"queued","mode":"standard","creationDate":"2023-11-03T11:06:57.987Z","modificationDate":"2023-11-03T11:06:57.987Z","shortid":"pi0qHUv","$entitySet":"profiles"},"doDiffs":false,"timestamp":1699009617986,"id":"a7uc7yxztoary4v","previousOperationId":null,"operationId":"j3lx3mvc5mk7mb3"}
{"type":"log","level":"info","message":"Render request 245 queued for execution and waiting for available worker","previousOperationId":"j3lx3mvc5mk7mb3","timestamp":1699009617986,"id":"yanc78g2xdgi0se"}
{"type":"operationStart","subtype":"render","name":"main","previousOperationId":"j3lx3mvc5mk7mb3","timestamp":1699009617998,"id":"4aqad8lrhvvz5ms","previousEventId":"a7uc7yxztoary4v","operationId":"9gq8fho6ww0el4g"}
{"type":"log","timestamp":1699009617998,"level":"info","message":"Starting rendering request 245","meta":{"rootId":"2n4nlq1avt2rwfm","id":"2n4nlq1avt2rwfm"},"id":"trto3vw38dem9k3","previousOperationId":"9gq8fho6ww0el4g"}
{"type":"log","timestamp":1699009617998,"level":"info","message":"Rendering template { name: main, recipe: html, engine: handlebars, preview: true }","meta":{"rootId":"2n4nlq1avt2rwfm","id":"2n4nlq1avt2rwfm"},"id":"qi0nhfz89y4g02z","previousOperationId":"9gq8fho6ww0el4g"}
{"type":"log","timestamp":1699009617999,"level":"debug","message":"Adding sample data xOo8CoQnV","meta":{"rootId":"2n4nlq1avt2rwfm","id":"2n4nlq1avt2rwfm"},"id":"xaahm8setg7q4dz","previousOperationId":"9gq8fho6ww0el4g"}
{"type":"log","timestamp":1699009618000,"level":"debug","message":"Base url not specified, skipping its injection.","meta":{"rootId":"2n4nlq1avt2rwfm","id":"2n4nlq1avt2rwfm"},"id":"wsq4ptjn4oysdqv","previousOperationId":"9gq8fho6ww0el4g"}
{"type":"operationStart","subtype":"engine","name":"handlebars","timestamp":1699009618000,"id":"zfhwz162ipwpg4y","previousEventId":"4aqad8lrhvvz5ms","operationId":"yi1k3q8fanl7wa0","previousOperationId":"9gq8fho6ww0el4g"}
{"type":"log","timestamp":1699009618000,"level":"debug","message":"Rendering engine handlebars","meta":{"rootId":"2n4nlq1avt2rwfm","id":"2n4nlq1avt2rwfm"},"id":"8etk78yda9b6ith","previousOperationId":"yi1k3q8fanl7wa0"}
{"type":"operationStart","subtype":"render","name":"proposed-portfolio","previousOperationId":"yi1k3q8fanl7wa0","timestamp":1699009618009,"id":"p9bus90etijsvg9","previousEventId":"zfhwz162ipwpg4y","operationId":"vhxcogz57amdhcn"}
{"type":"log","timestamp":1699009618010,"level":"info","message":"Starting rendering (child) request","meta":{"rootId":"2n4nlq1avt2rwfm","id":"a4whjjkvhd4jlq6"},"id":"tbz0sbt41f5l159","previousOperationId":"vhxcogz57amdhcn"}
{"type":"log","timestamp":1699009618010,"level":"info","message":"Rendering template { name: proposed-portfolio, recipe: html, engine: handlebars, preview: true }","meta":{"rootId":"2n4nlq1avt2rwfm","id":"a4whjjkvhd4jlq6"},"id":"pa2k6rh4cjvbfj9","previousOperationId":"vhxcogz57amdhcn"}
{"type":"log","timestamp":1699009618010,"level":"debug","message":"Inline data specified.","meta":{"rootId":"2n4nlq1avt2rwfm","id":"a4whjjkvhd4jlq6"},"id":"1nw6uayjjqgx752","previousOperationId":"vhxcogz57amdhcn"}
{"type":"log","timestamp":1699009618014,"level":"debug","message":"Base url not specified, skipping its injection.","meta":{"rootId":"2n4nlq1avt2rwfm","id":"a4whjjkvhd4jlq6"},"id":"b2c01nooi4784f2","previousOperationId":"vhxcogz57amdhcn"}
{"type":"operationStart","subtype":"engine","name":"handlebars","timestamp":1699009618015,"id":"h02iyvyawmyvhhw","previousEventId":"p9bus90etijsvg9","operationId":"k4dd1yicv8rj4il","previousOperationId":"vhxcogz57amdhcn"}
{"type":"log","timestamp":1699009618015,"level":"debug","message":"Rendering engine handlebars","meta":{"rootId":"2n4nlq1avt2rwfm","id":"a4whjjkvhd4jlq6"},"id":"x1m0ru8ug50z1vt","previousOperationId":"k4dd1yicv8rj4il"}
{"type":"operationEnd","operationId":"k4dd1yicv8rj4il","timestamp":1699009618032,"id":"ik19hkxsv3vuiuh","previousEventId":"h02iyvyawmyvhhw","previousOperationId":"k4dd1yicv8rj4il"}
{"type":"operationStart","subtype":"recipe","name":"html","timestamp":1699009618032,"id":"hqbkvh74cbohf55","previousEventId":"ik19hkxsv3vuiuh","operationId":"0a6u5734nibw1ap","previousOperationId":"k4dd1yicv8rj4il"}
{"type":"log","timestamp":1699009618032,"level":"debug","message":"Executing recipe html","meta":{"rootId":"2n4nlq1avt2rwfm","id":"a4whjjkvhd4jlq6"},"id":"tygwdcm04i4xzcz","previousOperationId":"0a6u5734nibw1ap"}
{"type":"operationEnd","operationId":"0a6u5734nibw1ap","timestamp":1699009618032,"id":"svmuk1v425rvb03","previousEventId":"hqbkvh74cbohf55","previousOperationId":"0a6u5734nibw1ap"}
{"type":"log","timestamp":1699009618032,"level":"debug","message":"Skipping storing report.","meta":{"rootId":"2n4nlq1avt2rwfm","id":"a4whjjkvhd4jlq6"},"id":"w26qt1wcz0ibq5r","previousOperationId":"0a6u5734nibw1ap"}
{"type":"log","timestamp":1699009618032,"level":"info","message":"Rendering (child) request finished in 47 ms","meta":{"rootId":"2n4nlq1avt2rwfm","id":"a4whjjkvhd4jlq6"},"id":"zegjv71ulwce3d2","previousOperationId":"0a6u5734nibw1ap"}
{"type":"operationEnd","subtype":"render","operationId":"vhxcogz57amdhcn","timestamp":1699009618032,"id":"khs1rvf0g4egljz","previousEventId":"svmuk1v425rvb03","previousOperationId":"0a6u5734nibw1ap"}
{"type":"operationEnd","operationId":"yi1k3q8fanl7wa0","timestamp":1699009618032,"id":"ahbjp5ist65nn04","previousEventId":"zfhwz162ipwpg4y","previousOperationId":"yi1k3q8fanl7wa0"}
{"type":"operationStart","subtype":"recipe","name":"html","timestamp":1699009618032,"id":"7x6goxkrrri9q3o","previousEventId":"ahbjp5ist65nn04","operationId":"57lj1knzi39momd","previousOperationId":"yi1k3q8fanl7wa0"}
{"type":"log","timestamp":1699009618032,"level":"debug","message":"Executing recipe html","meta":{"rootId":"2n4nlq1avt2rwfm","id":"2n4nlq1avt2rwfm"},"id":"u8ku6jwabsakicb","previousOperationId":"57lj1knzi39momd"}
{"type":"operationEnd","operationId":"57lj1knzi39momd","timestamp":1699009618032,"id":"nx1a0tqjxxhay11","previousEventId":"7x6goxkrrri9q3o","previousOperationId":"57lj1knzi39momd"}
{"type":"log","timestamp":1699009618032,"level":"debug","message":"Skipping pdf utils processing because template is rendered with non-pdf recipe.","meta":{"rootId":"2n4nlq1avt2rwfm","id":"2n4nlq1avt2rwfm"},"id":"x8ysrl32qf48rll","previousOperationId":"57lj1knzi39momd"}
{"type":"log","timestamp":1699009618032,"level":"debug","message":"Skipping storing report.","meta":{"rootId":"2n4nlq1avt2rwfm","id":"2n4nlq1avt2rwfm"},"id":"2cnlxqr7fw83cc7","previousOperationId":"57lj1knzi39momd"}
{"type":"log","timestamp":1699009618033,"level":"info","message":"Rendering request 245 finished in 48 ms","meta":{"rootId":"2n4nlq1avt2rwfm","id":"2n4nlq1avt2rwfm"},"id":"vpwvqowpktc9d0u","previousOperationId":"57lj1knzi39momd"}
{"type":"operationEnd","subtype":"render","operationId":"9gq8fho6ww0el4g","timestamp":1699009618033,"id":"qs2z2dmfr99t2c2","previousEventId":"nx1a0tqjxxhay11","previousOperationId":"57lj1knzi39momd"}
{"type":"operationEnd","doDiffs":false,"previousEventId":"a7uc7yxztoary4v","previousOperationId":"j3lx3mvc5mk7mb3","operationId":"j3lx3mvc5mk7mb3","timestamp":1699009618039,"id":"55czhtpvtgi9hxc"}
