{"type":"operationStart","subtype":"profile","data":{"_id":"8R6zgA4vRjLiBZPw","timestamp":"2023-11-01T14:27:05.434Z","state":"queued","mode":"standard","creationDate":"2023-11-01T14:27:05.436Z","modificationDate":"2023-11-01T14:27:05.436Z","shortid":"Y-ZNiHg","$entitySet":"profiles"},"doDiffs":false,"timestamp":1698848825435,"id":"9hdmp02dr9ngv0d","previousOperationId":null,"operationId":"4z77uebos3l7ptm"}
{"type":"log","level":"info","message":"Render request 6 queued for execution and waiting for available worker","previousOperationId":"4z77uebos3l7ptm","timestamp":1698848825435,"id":"v985m1mpkmbjrz4"}
{"type":"operationStart","subtype":"render","name":"main","previousOperationId":"4z77uebos3l7ptm","timestamp":1698848825448,"id":"brtxi9leke4fcuc","previousEventId":"9hdmp02dr9ngv0d","operationId":"xayvlhb6vik8int"}
{"type":"log","timestamp":1698848825448,"level":"info","message":"Starting rendering request 6","meta":{"rootId":"3pc6jhzzhbcdtgg","id":"3pc6jhzzhbcdtgg"},"id":"d67ko6rsjedousg","previousOperationId":"xayvlhb6vik8int"}
{"type":"log","timestamp":1698848825448,"level":"info","message":"Rendering template { name: main, recipe: chrome-pdf, engine: handlebars, preview: true }","meta":{"rootId":"3pc6jhzzhbcdtgg","id":"3pc6jhzzhbcdtgg"},"id":"hgvw8qycyhdrw23","previousOperationId":"xayvlhb6vik8int"}
{"type":"log","timestamp":1698848825448,"level":"debug","message":"Data item not defined for this template.","meta":{"rootId":"3pc6jhzzhbcdtgg","id":"3pc6jhzzhbcdtgg"},"id":"pzq4koj9wgrjfcs","previousOperationId":"xayvlhb6vik8int"}
{"type":"log","timestamp":1698848825452,"level":"debug","message":"Base url not specified, skipping its injection.","meta":{"rootId":"3pc6jhzzhbcdtgg","id":"3pc6jhzzhbcdtgg"},"id":"0yfqfnnfrddstwv","previousOperationId":"xayvlhb6vik8int"}
{"type":"operationStart","subtype":"engine","name":"handlebars","timestamp":1698848825453,"id":"l61brvp5156nzec","previousEventId":"brtxi9leke4fcuc","operationId":"no1xktnwxp0eisr","previousOperationId":"xayvlhb6vik8int"}
{"type":"log","timestamp":1698848825453,"level":"debug","message":"Rendering engine handlebars","meta":{"rootId":"3pc6jhzzhbcdtgg","id":"3pc6jhzzhbcdtgg"},"id":"87fqhvmjyyamb7a","previousOperationId":"no1xktnwxp0eisr"}
{"type":"operationEnd","operationId":"no1xktnwxp0eisr","timestamp":1698848825471,"id":"7r3pd56ydkp01yd","previousEventId":"l61brvp5156nzec","previousOperationId":"no1xktnwxp0eisr"}
{"type":"operationStart","subtype":"recipe","name":"chrome-pdf","timestamp":1698848825471,"id":"4yvw1eatolzbnep","previousEventId":"7r3pd56ydkp01yd","operationId":"4ocgibocyrpudfi","previousOperationId":"no1xktnwxp0eisr"}
{"type":"log","timestamp":1698848825471,"level":"debug","message":"Executing recipe chrome-pdf","meta":{"rootId":"3pc6jhzzhbcdtgg","id":"3pc6jhzzhbcdtgg"},"id":"p7nm38sgxw6a4fi","previousOperationId":"4ocgibocyrpudfi"}
{"type":"log","timestamp":1698848825474,"level":"debug","message":"Converting with chrome HeadlessChrome/117.0.5938.149 using chrome-pool strategy","meta":{"rootId":"3pc6jhzzhbcdtgg","id":"3pc6jhzzhbcdtgg"},"id":"ref2hxcixvtz9ko","previousOperationId":"4ocgibocyrpudfi"}
{"type":"log","timestamp":1698848825587,"level":"debug","message":"Page request: GET (document) file:///C:/Users/OGNJEN~1/AppData/Local/Temp/jsreport/autocleanup/c7f62ac4-0d4a-4cec-96a4-efd9508133d5-chrome-pdf.html","meta":{"rootId":"3pc6jhzzhbcdtgg","id":"3pc6jhzzhbcdtgg"},"id":"zrub0ebap4102rl","previousOperationId":"4ocgibocyrpudfi"}
{"type":"log","timestamp":1698848825596,"level":"debug","message":"Page request: GET (stylesheet) https://cdn.jsdelivr.net/npm/tailwindcss@2.2.19/dist/tailwind.min.css","meta":{"rootId":"3pc6jhzzhbcdtgg","id":"3pc6jhzzhbcdtgg"},"id":"0jrls73b1kpn3m3","previousOperationId":"4ocgibocyrpudfi"}
{"type":"log","timestamp":1698848825597,"level":"debug","message":"Page request: GET (stylesheet) https://cdnjs.cloudflare.com/ajax/libs/font-awesome/6.0.0-beta3/css/all.min.css","meta":{"rootId":"3pc6jhzzhbcdtgg","id":"3pc6jhzzhbcdtgg"},"id":"fje65d1mzotqc2v","previousOperationId":"4ocgibocyrpudfi"}
{"type":"log","timestamp":1698848825597,"level":"debug","message":"Page request finished: GET (document) 200 file:///C:/Users/OGNJEN~1/AppData/Local/Temp/jsreport/autocleanup/c7f62ac4-0d4a-4cec-96a4-efd9508133d5-chrome-pdf.html","meta":{"rootId":"3pc6jhzzhbcdtgg","id":"3pc6jhzzhbcdtgg"},"id":"w2lqwsm41uf7wsf","previousOperationId":"4ocgibocyrpudfi"}
{"type":"log","timestamp":1698848825602,"level":"debug","message":"Page request finished: GET (stylesheet) 200 https://cdnjs.cloudflare.com/ajax/libs/font-awesome/6.0.0-beta3/css/all.min.css","meta":{"rootId":"3pc6jhzzhbcdtgg","id":"3pc6jhzzhbcdtgg"},"id":"m3yzey202lnbpu4","previousOperationId":"4ocgibocyrpudfi"}
{"type":"log","timestamp":1698848825671,"level":"debug","message":"Page request finished: GET (stylesheet) 200 https://cdn.jsdelivr.net/npm/tailwindcss@2.2.19/dist/tailwind.min.css","meta":{"rootId":"3pc6jhzzhbcdtgg","id":"3pc6jhzzhbcdtgg"},"id":"n708n4wx6231jqj","previousOperationId":"4ocgibocyrpudfi"}
{"type":"log","timestamp":1698848825694,"level":"debug","message":"Page request: GET (font) https://cdnjs.cloudflare.com/ajax/libs/font-awesome/6.0.0-beta3/webfonts/fa-solid-900.woff2","meta":{"rootId":"3pc6jhzzhbcdtgg","id":"3pc6jhzzhbcdtgg"},"id":"l13zw98w1qsvccc","previousOperationId":"4ocgibocyrpudfi"}
{"type":"log","timestamp":1698848825695,"level":"debug","message":"Running chrome with params {\"printBackground\":true,\"timeout\":59960,\"margin\":{}}","meta":{"rootId":"3pc6jhzzhbcdtgg","id":"3pc6jhzzhbcdtgg"},"id":"4z4xlegh6d5mwnm","previousOperationId":"4ocgibocyrpudfi"}
{"type":"operationEnd","operationId":"4ocgibocyrpudfi","timestamp":1698848825736,"id":"dsmwcxx1tg8ndit","previousEventId":"4yvw1eatolzbnep","previousOperationId":"4ocgibocyrpudfi"}
{"type":"log","timestamp":1698848825736,"level":"debug","message":"Skipping storing report.","meta":{"rootId":"3pc6jhzzhbcdtgg","id":"3pc6jhzzhbcdtgg"},"id":"6rmex4cd30dsdy7","previousOperationId":"4ocgibocyrpudfi"}
{"type":"log","timestamp":1698848825736,"level":"info","message":"Rendering request 6 finished in 302 ms","meta":{"rootId":"3pc6jhzzhbcdtgg","id":"3pc6jhzzhbcdtgg"},"id":"x05s6if9achfv2s","previousOperationId":"4ocgibocyrpudfi"}
{"type":"operationEnd","subtype":"render","operationId":"xayvlhb6vik8int","timestamp":1698848825736,"id":"4ugp79oaucmft7c","previousEventId":"dsmwcxx1tg8ndit","previousOperationId":"4ocgibocyrpudfi"}
{"type":"operationEnd","doDiffs":false,"previousEventId":"9hdmp02dr9ngv0d","previousOperationId":"4z77uebos3l7ptm","operationId":"4z77uebos3l7ptm","timestamp":1698848825748,"id":"cp2xwqncq6l30bd"}
