{"type":"operationStart","subtype":"profile","data":{"_id":"Bal5gAZdzf60ZXoa","timestamp":"2023-11-01T14:52:25.491Z","state":"queued","mode":"standard","creationDate":"2023-11-01T14:52:25.493Z","modificationDate":"2023-11-01T14:52:25.493Z","shortid":"cO_7YwW","$entitySet":"profiles"},"doDiffs":false,"timestamp":1698850345491,"id":"jvhoruwnxo6op82","previousOperationId":null,"operationId":"2tm76lrtn7t0k0t"}
{"type":"log","level":"info","message":"Render request 15 queued for execution and waiting for available worker","previousOperationId":"2tm76lrtn7t0k0t","timestamp":1698850345492,"id":"sysa6fel0k45npy"}
{"type":"operationStart","subtype":"render","name":"main","previousOperationId":"2tm76lrtn7t0k0t","timestamp":1698850345504,"id":"281s2ngq1uuljav","previousEventId":"jvhoruwnxo6op82","operationId":"bywpqkysrr1ki3h"}
{"type":"log","timestamp":1698850345504,"level":"info","message":"Starting rendering request 15","meta":{"rootId":"7siavrmezyii7uo","id":"7siavrmezyii7uo"},"id":"d0jfn04pqb7nsps","previousOperationId":"bywpqkysrr1ki3h"}
{"type":"log","timestamp":1698850345504,"level":"info","message":"Rendering template { name: main, recipe: chrome-pdf, engine: handlebars, preview: true }","meta":{"rootId":"7siavrmezyii7uo","id":"7siavrmezyii7uo"},"id":"w1lwp91u98h7cr5","previousOperationId":"bywpqkysrr1ki3h"}
{"type":"log","timestamp":1698850345504,"level":"debug","message":"Data item not defined for this template.","meta":{"rootId":"7siavrmezyii7uo","id":"7siavrmezyii7uo"},"id":"aj6gup42r8iklkd","previousOperationId":"bywpqkysrr1ki3h"}
{"type":"log","timestamp":1698850345507,"level":"debug","message":"Base url not specified, skipping its injection.","meta":{"rootId":"7siavrmezyii7uo","id":"7siavrmezyii7uo"},"id":"hwg1i6nk3mqb2t5","previousOperationId":"bywpqkysrr1ki3h"}
{"type":"operationStart","subtype":"engine","name":"handlebars","timestamp":1698850345507,"id":"fubzmfnwlgs35cn","previousEventId":"281s2ngq1uuljav","operationId":"yv2e41euyu6rn2f","previousOperationId":"bywpqkysrr1ki3h"}
{"type":"log","timestamp":1698850345507,"level":"debug","message":"Rendering engine handlebars","meta":{"rootId":"7siavrmezyii7uo","id":"7siavrmezyii7uo"},"id":"zeoii3dbasfu599","previousOperationId":"yv2e41euyu6rn2f"}
{"type":"operationEnd","operationId":"yv2e41euyu6rn2f","timestamp":1698850345526,"id":"9fpc0q6uikus9ti","previousEventId":"fubzmfnwlgs35cn","previousOperationId":"yv2e41euyu6rn2f"}
{"type":"operationStart","subtype":"recipe","name":"chrome-pdf","timestamp":1698850345526,"id":"hgr2z6taiweej49","previousEventId":"9fpc0q6uikus9ti","operationId":"1hyvin1ltuizm6t","previousOperationId":"yv2e41euyu6rn2f"}
{"type":"log","timestamp":1698850345526,"level":"debug","message":"Executing recipe chrome-pdf","meta":{"rootId":"7siavrmezyii7uo","id":"7siavrmezyii7uo"},"id":"y9smrn7p30l1l0k","previousOperationId":"1hyvin1ltuizm6t"}
{"type":"log","timestamp":1698850345528,"level":"debug","message":"Converting with chrome HeadlessChrome/117.0.5938.149 using chrome-pool strategy","meta":{"rootId":"7siavrmezyii7uo","id":"7siavrmezyii7uo"},"id":"sqtczbjrr4u2pf8","previousOperationId":"1hyvin1ltuizm6t"}
{"type":"log","timestamp":1698850345642,"level":"debug","message":"Page request: GET (document) file:///C:/Users/OGNJEN~1/AppData/Local/Temp/jsreport/autocleanup/648d0925-ef0b-42fe-8e99-d82c037b6666-chrome-pdf.html","meta":{"rootId":"7siavrmezyii7uo","id":"7siavrmezyii7uo"},"id":"8azasa3k9qluhi4","previousOperationId":"1hyvin1ltuizm6t"}
{"type":"log","timestamp":1698850345649,"level":"debug","message":"Page request: GET (stylesheet) https://cdn.jsdelivr.net/npm/tailwindcss@2.2.19/dist/tailwind.min.css","meta":{"rootId":"7siavrmezyii7uo","id":"7siavrmezyii7uo"},"id":"0b8phumzeu5xus2","previousOperationId":"1hyvin1ltuizm6t"}
{"type":"log","timestamp":1698850345650,"level":"debug","message":"Page request: GET (stylesheet) https://cdnjs.cloudflare.com/ajax/libs/font-awesome/6.0.0-beta3/css/all.min.css","meta":{"rootId":"7siavrmezyii7uo","id":"7siavrmezyii7uo"},"id":"j4volb7k38zzwk5","previousOperationId":"1hyvin1ltuizm6t"}
{"type":"log","timestamp":1698850345651,"level":"debug","message":"Page request: GET (stylesheet) https://fonts.googleapis.com/css2?family=IBM+Plex+Mono:wght@300;400&family=Ubuntu:ital,wght@0,300;0,500;0,700;1,300;1,500;1,700&display=swap","meta":{"rootId":"7siavrmezyii7uo","id":"7siavrmezyii7uo"},"id":"3vjum8hju6w39rf","previousOperationId":"1hyvin1ltuizm6t"}
{"type":"log","timestamp":1698850345651,"level":"debug","message":"Page request finished: GET (document) 200 file:///C:/Users/OGNJEN~1/AppData/Local/Temp/jsreport/autocleanup/648d0925-ef0b-42fe-8e99-d82c037b6666-chrome-pdf.html","meta":{"rootId":"7siavrmezyii7uo","id":"7siavrmezyii7uo"},"id":"oiw56sgbkv43ytd","previousOperationId":"1hyvin1ltuizm6t"}
{"type":"log","timestamp":1698850345657,"level":"debug","message":"Page request finished: GET (stylesheet) 200 https://cdnjs.cloudflare.com/ajax/libs/font-awesome/6.0.0-beta3/css/all.min.css","meta":{"rootId":"7siavrmezyii7uo","id":"7siavrmezyii7uo"},"id":"sqwzwi26eawq6lt","previousOperationId":"1hyvin1ltuizm6t"}
{"type":"log","timestamp":1698850345734,"level":"debug","message":"Page request finished: GET (stylesheet) 200 https://cdn.jsdelivr.net/npm/tailwindcss@2.2.19/dist/tailwind.min.css","meta":{"rootId":"7siavrmezyii7uo","id":"7siavrmezyii7uo"},"id":"bjfw1orbnjcj5bz","previousOperationId":"1hyvin1ltuizm6t"}
{"type":"log","timestamp":1698850345753,"level":"debug","message":"Page request finished: GET (stylesheet) 200 https://fonts.googleapis.com/css2?family=IBM+Plex+Mono:wght@300;400&family=Ubuntu:ital,wght@0,300;0,500;0,700;1,300;1,500;1,700&display=swap","meta":{"rootId":"7siavrmezyii7uo","id":"7siavrmezyii7uo"},"id":"ctaqblxy3ylwtrj","previousOperationId":"1hyvin1ltuizm6t"}
{"type":"log","timestamp":1698850345782,"level":"debug","message":"Page request: GET (font) https://cdnjs.cloudflare.com/ajax/libs/font-awesome/6.0.0-beta3/webfonts/fa-solid-900.woff2","meta":{"rootId":"7siavrmezyii7uo","id":"7siavrmezyii7uo"},"id":"ia1n8w39x25slki","previousOperationId":"1hyvin1ltuizm6t"}
{"type":"log","timestamp":1698850345783,"level":"debug","message":"Running chrome with params {\"printBackground\":true,\"timeout\":59963,\"margin\":{}}","meta":{"rootId":"7siavrmezyii7uo","id":"7siavrmezyii7uo"},"id":"wbv5vb1bibt296h","previousOperationId":"1hyvin1ltuizm6t"}
{"type":"operationEnd","operationId":"1hyvin1ltuizm6t","timestamp":1698850345828,"id":"7uj4wlutg3k6l5w","previousEventId":"hgr2z6taiweej49","previousOperationId":"1hyvin1ltuizm6t"}
{"type":"log","timestamp":1698850345828,"level":"debug","message":"Skipping storing report.","meta":{"rootId":"7siavrmezyii7uo","id":"7siavrmezyii7uo"},"id":"1c309063t1jqmy3","previousOperationId":"1hyvin1ltuizm6t"}
{"type":"log","timestamp":1698850345828,"level":"info","message":"Rendering request 15 finished in 337 ms","meta":{"rootId":"7siavrmezyii7uo","id":"7siavrmezyii7uo"},"id":"ui1glsjkxel0r47","previousOperationId":"1hyvin1ltuizm6t"}
{"type":"operationEnd","subtype":"render","operationId":"bywpqkysrr1ki3h","timestamp":1698850345828,"id":"4bgszzu8frhggfp","previousEventId":"7uj4wlutg3k6l5w","previousOperationId":"1hyvin1ltuizm6t"}
{"type":"operationEnd","doDiffs":false,"previousEventId":"jvhoruwnxo6op82","previousOperationId":"2tm76lrtn7t0k0t","operationId":"2tm76lrtn7t0k0t","timestamp":1698850345838,"id":"43s6cep2ho8pugm"}
