{"type":"operationStart","subtype":"profile","data":{"_id":"aJCaDwEwuvm6VtO9","timestamp":"2023-11-03T11:05:31.516Z","state":"queued","mode":"standard","creationDate":"2023-11-03T11:05:31.520Z","modificationDate":"2023-11-03T11:05:31.520Z","shortid":"2uDPknp","$entitySet":"profiles"},"doDiffs":false,"timestamp":1699009531519,"id":"14vdy8hlgb5m2cb","previousOperationId":null,"operationId":"34quzcrj9rvx2ym"}
{"type":"log","level":"info","message":"Render request 241 queued for execution and waiting for available worker","previousOperationId":"34quzcrj9rvx2ym","timestamp":1699009531520,"id":"8ei8b8sqznawlcq"}
{"type":"operationStart","subtype":"render","name":"main","previousOperationId":"34quzcrj9rvx2ym","timestamp":1699009531530,"id":"ilc5e87ji2ln909","previousEventId":"14vdy8hlgb5m2cb","operationId":"57qn1gbdvh18nn0"}
{"type":"log","timestamp":1699009531530,"level":"info","message":"Starting rendering request 241","meta":{"rootId":"7u72o42p953lwqd","id":"7u72o42p953lwqd"},"id":"5mz6nwb1v0gkz8b","previousOperationId":"57qn1gbdvh18nn0"}
{"type":"log","timestamp":1699009531530,"level":"info","message":"Rendering template { name: main, recipe: html, engine: handlebars, preview: true }","meta":{"rootId":"7u72o42p953lwqd","id":"7u72o42p953lwqd"},"id":"d57iquvzv8ufpmf","previousOperationId":"57qn1gbdvh18nn0"}
{"type":"log","timestamp":1699009531531,"level":"debug","message":"Adding sample data xOo8CoQnV","meta":{"rootId":"7u72o42p953lwqd","id":"7u72o42p953lwqd"},"id":"73u45y2mr9s1gdn","previousOperationId":"57qn1gbdvh18nn0"}
{"type":"log","timestamp":1699009531535,"level":"debug","message":"Base url not specified, skipping its injection.","meta":{"rootId":"7u72o42p953lwqd","id":"7u72o42p953lwqd"},"id":"fxhbc81s059go8m","previousOperationId":"57qn1gbdvh18nn0"}
{"type":"operationStart","subtype":"engine","name":"handlebars","timestamp":1699009531535,"id":"w5h9e0s2sthtg69","previousEventId":"ilc5e87ji2ln909","operationId":"2bu1j38wnmtxrei","previousOperationId":"57qn1gbdvh18nn0"}
{"type":"log","timestamp":1699009531535,"level":"debug","message":"Rendering engine handlebars","meta":{"rootId":"7u72o42p953lwqd","id":"7u72o42p953lwqd"},"id":"dwybo7yudinjsp0","previousOperationId":"2bu1j38wnmtxrei"}
{"type":"operationStart","subtype":"render","name":"proposed-portfolio","previousOperationId":"2bu1j38wnmtxrei","timestamp":1699009531545,"id":"rluh1yh12196v9z","previousEventId":"w5h9e0s2sthtg69","operationId":"igc3zxdmi3fnubp"}
{"type":"log","timestamp":1699009531546,"level":"info","message":"Starting rendering (child) request","meta":{"rootId":"7u72o42p953lwqd","id":"26iaxz2kaxdc0bb"},"id":"ig1hxa8ksdz4dwg","previousOperationId":"igc3zxdmi3fnubp"}
{"type":"log","timestamp":1699009531546,"level":"info","message":"Rendering template { name: proposed-portfolio, recipe: html, engine: handlebars, preview: true }","meta":{"rootId":"7u72o42p953lwqd","id":"26iaxz2kaxdc0bb"},"id":"v6w8wkm9bchuad4","previousOperationId":"igc3zxdmi3fnubp"}
{"type":"log","timestamp":1699009531546,"level":"debug","message":"Inline data specified.","meta":{"rootId":"7u72o42p953lwqd","id":"26iaxz2kaxdc0bb"},"id":"ev74se3p5ealodk","previousOperationId":"igc3zxdmi3fnubp"}
{"type":"log","timestamp":1699009531547,"level":"debug","message":"Base url not specified, skipping its injection.","meta":{"rootId":"7u72o42p953lwqd","id":"26iaxz2kaxdc0bb"},"id":"c3z741r1l6886ko","previousOperationId":"igc3zxdmi3fnubp"}
{"type":"operationStart","subtype":"engine","name":"handlebars","timestamp":1699009531547,"id":"kxrzk67incog9ie","previousEventId":"rluh1yh12196v9z","operationId":"h40f0shkuxau77w","previousOperationId":"igc3zxdmi3fnubp"}
{"type":"log","timestamp":1699009531547,"level":"debug","message":"Rendering engine handlebars","meta":{"rootId":"7u72o42p953lwqd","id":"26iaxz2kaxdc0bb"},"id":"k6eyhekre3qnw8h","previousOperationId":"h40f0shkuxau77w"}
{"type":"operationEnd","operationId":"h40f0shkuxau77w","timestamp":1699009531568,"id":"tnm0uvl5joge1hn","previousEventId":"kxrzk67incog9ie","previousOperationId":"h40f0shkuxau77w"}
{"type":"operationStart","subtype":"recipe","name":"html","timestamp":1699009531568,"id":"ru50y8nquyo8dl6","previousEventId":"tnm0uvl5joge1hn","operationId":"ik25of24o71aqeu","previousOperationId":"h40f0shkuxau77w"}
{"type":"log","timestamp":1699009531568,"level":"debug","message":"Executing recipe html","meta":{"rootId":"7u72o42p953lwqd","id":"26iaxz2kaxdc0bb"},"id":"i15du212t2uy3kj","previousOperationId":"ik25of24o71aqeu"}
{"type":"operationEnd","operationId":"ik25of24o71aqeu","timestamp":1699009531568,"id":"1s4gfrblt2q8qzw","previousEventId":"ru50y8nquyo8dl6","previousOperationId":"ik25of24o71aqeu"}
{"type":"log","timestamp":1699009531568,"level":"debug","message":"Skipping storing report.","meta":{"rootId":"7u72o42p953lwqd","id":"26iaxz2kaxdc0bb"},"id":"xxskle16kc9c91w","previousOperationId":"ik25of24o71aqeu"}
{"type":"log","timestamp":1699009531569,"level":"info","message":"Rendering (child) request finished in 53 ms","meta":{"rootId":"7u72o42p953lwqd","id":"26iaxz2kaxdc0bb"},"id":"60jsgujj5sk2usv","previousOperationId":"ik25of24o71aqeu"}
{"type":"operationEnd","subtype":"render","operationId":"igc3zxdmi3fnubp","timestamp":1699009531569,"id":"rm1f06651a6rfo8","previousEventId":"1s4gfrblt2q8qzw","previousOperationId":"ik25of24o71aqeu"}
{"type":"operationEnd","operationId":"2bu1j38wnmtxrei","timestamp":1699009531569,"id":"biazllpz32t4d2z","previousEventId":"w5h9e0s2sthtg69","previousOperationId":"2bu1j38wnmtxrei"}
{"type":"operationStart","subtype":"recipe","name":"html","timestamp":1699009531569,"id":"kb7trsau3se2lyk","previousEventId":"biazllpz32t4d2z","operationId":"r06l2puwq8bg5y6","previousOperationId":"2bu1j38wnmtxrei"}
{"type":"log","timestamp":1699009531569,"level":"debug","message":"Executing recipe html","meta":{"rootId":"7u72o42p953lwqd","id":"7u72o42p953lwqd"},"id":"3o91m5j5g9v7og6","previousOperationId":"r06l2puwq8bg5y6"}
{"type":"operationEnd","operationId":"r06l2puwq8bg5y6","timestamp":1699009531569,"id":"ntka5ia8i8rnky8","previousEventId":"kb7trsau3se2lyk","previousOperationId":"r06l2puwq8bg5y6"}
{"type":"log","timestamp":1699009531569,"level":"debug","message":"Skipping pdf utils processing because template is rendered with non-pdf recipe.","meta":{"rootId":"7u72o42p953lwqd","id":"7u72o42p953lwqd"},"id":"4wpafupcoraycdx","previousOperationId":"r06l2puwq8bg5y6"}
{"type":"log","timestamp":1699009531569,"level":"debug","message":"Skipping storing report.","meta":{"rootId":"7u72o42p953lwqd","id":"7u72o42p953lwqd"},"id":"3byqc5fuzzi4knr","previousOperationId":"r06l2puwq8bg5y6"}
{"type":"log","timestamp":1699009531569,"level":"info","message":"Rendering request 241 finished in 53 ms","meta":{"rootId":"7u72o42p953lwqd","id":"7u72o42p953lwqd"},"id":"g3cg2q0qhrokljq","previousOperationId":"r06l2puwq8bg5y6"}
{"type":"operationEnd","subtype":"render","operationId":"57qn1gbdvh18nn0","timestamp":1699009531569,"id":"gpywqf7lwu3i5g9","previousEventId":"ntka5ia8i8rnky8","previousOperationId":"r06l2puwq8bg5y6"}
{"type":"operationEnd","doDiffs":false,"previousEventId":"14vdy8hlgb5m2cb","previousOperationId":"34quzcrj9rvx2ym","operationId":"34quzcrj9rvx2ym","timestamp":1699009531582,"id":"0c6r8jg9lym3e88"}
