{"type":"operationStart","subtype":"profile","data":{"_id":"QkcH3smmTrbxlW3x","timestamp":"2023-11-03T11:12:57.775Z","state":"queued","mode":"standard","creationDate":"2023-11-03T11:12:57.779Z","modificationDate":"2023-11-03T11:12:57.779Z","shortid":"AjPg2dB","$entitySet":"profiles"},"doDiffs":false,"timestamp":1699009977778,"id":"64alsxdapc65cjb","previousOperationId":null,"operationId":"4bjl0fnpkj73cg5"}
{"type":"log","level":"info","message":"Render request 254 queued for execution and waiting for available worker","previousOperationId":"4bjl0fnpkj73cg5","timestamp":1699009977778,"id":"cpop50w4grpb9qp"}
{"type":"operationStart","subtype":"render","name":"main","previousOperationId":"4bjl0fnpkj73cg5","timestamp":1699009977787,"id":"jl4hiyzlqk2aqt9","previousEventId":"64alsxdapc65cjb","operationId":"nyj09ndv5ynjyty"}
{"type":"log","timestamp":1699009977787,"level":"info","message":"Starting rendering request 254","meta":{"rootId":"9x059xhyx86hzsu","id":"9x059xhyx86hzsu"},"id":"gqcpyovxkulk1t8","previousOperationId":"nyj09ndv5ynjyty"}
{"type":"log","timestamp":1699009977787,"level":"info","message":"Rendering template { name: main, recipe: html, engine: handlebars, preview: true }","meta":{"rootId":"9x059xhyx86hzsu","id":"9x059xhyx86hzsu"},"id":"ublaqdid29rh25d","previousOperationId":"nyj09ndv5ynjyty"}
{"type":"log","timestamp":1699009977788,"level":"debug","message":"Adding sample data xOo8CoQnV","meta":{"rootId":"9x059xhyx86hzsu","id":"9x059xhyx86hzsu"},"id":"fydnenlj8q9nfjv","previousOperationId":"nyj09ndv5ynjyty"}
{"type":"log","timestamp":1699009977790,"level":"debug","message":"Base url not specified, skipping its injection.","meta":{"rootId":"9x059xhyx86hzsu","id":"9x059xhyx86hzsu"},"id":"t10ohx00w54xbf2","previousOperationId":"nyj09ndv5ynjyty"}
{"type":"operationStart","subtype":"engine","name":"handlebars","timestamp":1699009977790,"id":"loibc8nguxzcak7","previousEventId":"jl4hiyzlqk2aqt9","operationId":"ccm51wgjkefrzav","previousOperationId":"nyj09ndv5ynjyty"}
{"type":"log","timestamp":1699009977790,"level":"debug","message":"Rendering engine handlebars","meta":{"rootId":"9x059xhyx86hzsu","id":"9x059xhyx86hzsu"},"id":"oxlveylemvg6tjb","previousOperationId":"ccm51wgjkefrzav"}
{"type":"operationStart","subtype":"render","name":"proposed-portfolio","previousOperationId":"ccm51wgjkefrzav","timestamp":1699009977801,"id":"vyxy78wl1kkhilo","previousEventId":"loibc8nguxzcak7","operationId":"sfytwlw9x6l9c26"}
{"type":"log","timestamp":1699009977801,"level":"info","message":"Starting rendering (child) request","meta":{"rootId":"9x059xhyx86hzsu","id":"xbn9kiq0oriags6"},"id":"8c4wgojuei85bus","previousOperationId":"sfytwlw9x6l9c26"}
{"type":"log","timestamp":1699009977801,"level":"info","message":"Rendering template { name: proposed-portfolio, recipe: html, engine: handlebars, preview: true }","meta":{"rootId":"9x059xhyx86hzsu","id":"xbn9kiq0oriags6"},"id":"gvtgwx1vccnz45l","previousOperationId":"sfytwlw9x6l9c26"}
{"type":"log","timestamp":1699009977802,"level":"debug","message":"Inline data specified.","meta":{"rootId":"9x059xhyx86hzsu","id":"xbn9kiq0oriags6"},"id":"o9wn30v3ada8r44","previousOperationId":"sfytwlw9x6l9c26"}
{"type":"log","timestamp":1699009977803,"level":"debug","message":"Base url not specified, skipping its injection.","meta":{"rootId":"9x059xhyx86hzsu","id":"xbn9kiq0oriags6"},"id":"d4t9rz2igrlr1gj","previousOperationId":"sfytwlw9x6l9c26"}
{"type":"operationStart","subtype":"engine","name":"handlebars","timestamp":1699009977803,"id":"2kvoktpqfqmkjk7","previousEventId":"vyxy78wl1kkhilo","operationId":"la27as7quu21vhh","previousOperationId":"sfytwlw9x6l9c26"}
{"type":"log","timestamp":1699009977803,"level":"debug","message":"Rendering engine handlebars","meta":{"rootId":"9x059xhyx86hzsu","id":"xbn9kiq0oriags6"},"id":"gk51hatuxkffw1h","previousOperationId":"la27as7quu21vhh"}
{"type":"operationEnd","operationId":"la27as7quu21vhh","timestamp":1699009977822,"id":"08obq2mv226b1fw","previousEventId":"2kvoktpqfqmkjk7","previousOperationId":"la27as7quu21vhh"}
{"type":"operationStart","subtype":"recipe","name":"html","timestamp":1699009977822,"id":"ulukf9tst1or2us","previousEventId":"08obq2mv226b1fw","operationId":"df74g28lp0hu1nr","previousOperationId":"la27as7quu21vhh"}
{"type":"log","timestamp":1699009977822,"level":"debug","message":"Executing recipe html","meta":{"rootId":"9x059xhyx86hzsu","id":"xbn9kiq0oriags6"},"id":"o8k5nv3p631b2zl","previousOperationId":"df74g28lp0hu1nr"}
{"type":"operationEnd","operationId":"df74g28lp0hu1nr","timestamp":1699009977822,"id":"vuw3fv99phpbehk","previousEventId":"ulukf9tst1or2us","previousOperationId":"df74g28lp0hu1nr"}
{"type":"log","timestamp":1699009977823,"level":"debug","message":"Skipping storing report.","meta":{"rootId":"9x059xhyx86hzsu","id":"xbn9kiq0oriags6"},"id":"ei7lzrhffos0ipm","previousOperationId":"df74g28lp0hu1nr"}
{"type":"log","timestamp":1699009977823,"level":"info","message":"Rendering (child) request finished in 48 ms","meta":{"rootId":"9x059xhyx86hzsu","id":"xbn9kiq0oriags6"},"id":"k0xhwncqmubn5of","previousOperationId":"df74g28lp0hu1nr"}
{"type":"operationEnd","subtype":"render","operationId":"sfytwlw9x6l9c26","timestamp":1699009977823,"id":"pt9p0so2y60870m","previousEventId":"vuw3fv99phpbehk","previousOperationId":"df74g28lp0hu1nr"}
{"type":"operationEnd","operationId":"ccm51wgjkefrzav","timestamp":1699009977823,"id":"r7qz6uv42b5xnfw","previousEventId":"loibc8nguxzcak7","previousOperationId":"ccm51wgjkefrzav"}
{"type":"operationStart","subtype":"recipe","name":"html","timestamp":1699009977823,"id":"likjgmd0pgki4ef","previousEventId":"r7qz6uv42b5xnfw","operationId":"mtn7xwagmyy03ol","previousOperationId":"ccm51wgjkefrzav"}
{"type":"log","timestamp":1699009977823,"level":"debug","message":"Executing recipe html","meta":{"rootId":"9x059xhyx86hzsu","id":"9x059xhyx86hzsu"},"id":"6pxit91bq4agdkc","previousOperationId":"mtn7xwagmyy03ol"}
{"type":"operationEnd","operationId":"mtn7xwagmyy03ol","timestamp":1699009977823,"id":"qg5iu2a9310y9gd","previousEventId":"likjgmd0pgki4ef","previousOperationId":"mtn7xwagmyy03ol"}
{"type":"log","timestamp":1699009977823,"level":"debug","message":"Skipping pdf utils processing because template is rendered with non-pdf recipe.","meta":{"rootId":"9x059xhyx86hzsu","id":"9x059xhyx86hzsu"},"id":"tztg7r1jz0rblh8","previousOperationId":"mtn7xwagmyy03ol"}
{"type":"log","timestamp":1699009977823,"level":"debug","message":"Skipping storing report.","meta":{"rootId":"9x059xhyx86hzsu","id":"9x059xhyx86hzsu"},"id":"6ejdqmetg64nb33","previousOperationId":"mtn7xwagmyy03ol"}
{"type":"log","timestamp":1699009977823,"level":"info","message":"Rendering request 254 finished in 48 ms","meta":{"rootId":"9x059xhyx86hzsu","id":"9x059xhyx86hzsu"},"id":"9mlbvzrr5ro3lea","previousOperationId":"mtn7xwagmyy03ol"}
{"type":"operationEnd","subtype":"render","operationId":"nyj09ndv5ynjyty","timestamp":1699009977823,"id":"zcwzfw9160rl0jj","previousEventId":"qg5iu2a9310y9gd","previousOperationId":"mtn7xwagmyy03ol"}
{"type":"operationEnd","doDiffs":false,"previousEventId":"64alsxdapc65cjb","previousOperationId":"4bjl0fnpkj73cg5","operationId":"4bjl0fnpkj73cg5","timestamp":1699009977831,"id":"euer17bhyt8s72n"}
