{"type":"operationStart","subtype":"profile","data":{"_id":"FMYQfGHMZX8aipaz","timestamp":"2023-11-03T11:11:48.953Z","state":"queued","mode":"standard","creationDate":"2023-11-03T11:11:48.955Z","modificationDate":"2023-11-03T11:11:48.955Z","shortid":"SlYgyZ1","$entitySet":"profiles"},"doDiffs":false,"timestamp":1699009908954,"id":"mvpneq5g32n2on6","previousOperationId":null,"operationId":"2tf913z6c7te7rn"}
{"type":"log","level":"info","message":"Render request 250 queued for execution and waiting for available worker","previousOperationId":"2tf913z6c7te7rn","timestamp":1699009908954,"id":"m5wif6mepg8edt0"}
{"type":"operationStart","subtype":"render","name":"main","previousOperationId":"2tf913z6c7te7rn","timestamp":1699009908964,"id":"lc27qwshmi2ft3w","previousEventId":"mvpneq5g32n2on6","operationId":"9k99l0qttplg514"}
{"type":"log","timestamp":1699009908964,"level":"info","message":"Starting rendering request 250","meta":{"rootId":"aqiwq2m88fhxnqa","id":"aqiwq2m88fhxnqa"},"id":"y93uex9j35c2xpz","previousOperationId":"9k99l0qttplg514"}
{"type":"log","timestamp":1699009908964,"level":"info","message":"Rendering template { name: main, recipe: html, engine: handlebars, preview: true }","meta":{"rootId":"aqiwq2m88fhxnqa","id":"aqiwq2m88fhxnqa"},"id":"qfvck69q341jwc6","previousOperationId":"9k99l0qttplg514"}
{"type":"log","timestamp":1699009908966,"level":"debug","message":"Adding sample data xOo8CoQnV","meta":{"rootId":"aqiwq2m88fhxnqa","id":"aqiwq2m88fhxnqa"},"id":"9gv8fzapvgdb0i9","previousOperationId":"9k99l0qttplg514"}
{"type":"log","timestamp":1699009908967,"level":"debug","message":"Base url not specified, skipping its injection.","meta":{"rootId":"aqiwq2m88fhxnqa","id":"aqiwq2m88fhxnqa"},"id":"74jc671w4lf988h","previousOperationId":"9k99l0qttplg514"}
{"type":"operationStart","subtype":"engine","name":"handlebars","timestamp":1699009908967,"id":"qgev8ee1xgnlc24","previousEventId":"lc27qwshmi2ft3w","operationId":"k3cx56wsxn6asw1","previousOperationId":"9k99l0qttplg514"}
{"type":"log","timestamp":1699009908967,"level":"debug","message":"Rendering engine handlebars","meta":{"rootId":"aqiwq2m88fhxnqa","id":"aqiwq2m88fhxnqa"},"id":"30e58i24v13feb5","previousOperationId":"k3cx56wsxn6asw1"}
{"type":"operationStart","subtype":"render","name":"proposed-portfolio","previousOperationId":"k3cx56wsxn6asw1","timestamp":1699009908978,"id":"yb7aj55ml2dqkix","previousEventId":"qgev8ee1xgnlc24","operationId":"09vxtg9noy519qw"}
{"type":"log","timestamp":1699009908978,"level":"info","message":"Starting rendering (child) request","meta":{"rootId":"aqiwq2m88fhxnqa","id":"igne0ueca5y8lm4"},"id":"5up1snglimrszop","previousOperationId":"09vxtg9noy519qw"}
{"type":"log","timestamp":1699009908978,"level":"info","message":"Rendering template { name: proposed-portfolio, recipe: html, engine: handlebars, preview: true }","meta":{"rootId":"aqiwq2m88fhxnqa","id":"igne0ueca5y8lm4"},"id":"akhacta2jfeciyq","previousOperationId":"09vxtg9noy519qw"}
{"type":"log","timestamp":1699009908978,"level":"debug","message":"Inline data specified.","meta":{"rootId":"aqiwq2m88fhxnqa","id":"igne0ueca5y8lm4"},"id":"ksl4wmgqjgns59g","previousOperationId":"09vxtg9noy519qw"}
{"type":"log","timestamp":1699009908980,"level":"debug","message":"Base url not specified, skipping its injection.","meta":{"rootId":"aqiwq2m88fhxnqa","id":"igne0ueca5y8lm4"},"id":"bv07bj9dwg3du5c","previousOperationId":"09vxtg9noy519qw"}
{"type":"operationStart","subtype":"engine","name":"handlebars","timestamp":1699009908980,"id":"0wjwmu953ld6dr6","previousEventId":"yb7aj55ml2dqkix","operationId":"zysmm202w7v2ftp","previousOperationId":"09vxtg9noy519qw"}
{"type":"log","timestamp":1699009908980,"level":"debug","message":"Rendering engine handlebars","meta":{"rootId":"aqiwq2m88fhxnqa","id":"igne0ueca5y8lm4"},"id":"z6hrlo6feyj6hvg","previousOperationId":"zysmm202w7v2ftp"}
{"type":"operationEnd","operationId":"zysmm202w7v2ftp","timestamp":1699009909000,"id":"xhh1uyzq1rkcj5k","previousEventId":"0wjwmu953ld6dr6","previousOperationId":"zysmm202w7v2ftp"}
{"type":"operationStart","subtype":"recipe","name":"html","timestamp":1699009909000,"id":"vvejpvd3wl0lf4j","previousEventId":"xhh1uyzq1rkcj5k","operationId":"fobcg5q5iil6p69","previousOperationId":"zysmm202w7v2ftp"}
{"type":"log","timestamp":1699009909000,"level":"debug","message":"Executing recipe html","meta":{"rootId":"aqiwq2m88fhxnqa","id":"igne0ueca5y8lm4"},"id":"k20q7d8nvxv4zuo","previousOperationId":"fobcg5q5iil6p69"}
{"type":"operationEnd","operationId":"fobcg5q5iil6p69","timestamp":1699009909000,"id":"27mjja9go2ai97r","previousEventId":"vvejpvd3wl0lf4j","previousOperationId":"fobcg5q5iil6p69"}
{"type":"log","timestamp":1699009909000,"level":"debug","message":"Skipping storing report.","meta":{"rootId":"aqiwq2m88fhxnqa","id":"igne0ueca5y8lm4"},"id":"oom0gq59q9q8r73","previousOperationId":"fobcg5q5iil6p69"}
{"type":"log","timestamp":1699009909000,"level":"info","message":"Rendering (child) request finished in 47 ms","meta":{"rootId":"aqiwq2m88fhxnqa","id":"igne0ueca5y8lm4"},"id":"ulmawldeovkfm3y","previousOperationId":"fobcg5q5iil6p69"}
{"type":"operationEnd","subtype":"render","operationId":"09vxtg9noy519qw","timestamp":1699009909000,"id":"laij0yogvnj9pvr","previousEventId":"27mjja9go2ai97r","previousOperationId":"fobcg5q5iil6p69"}
{"type":"operationEnd","operationId":"k3cx56wsxn6asw1","timestamp":1699009909000,"id":"18giyo2qht7y21p","previousEventId":"qgev8ee1xgnlc24","previousOperationId":"k3cx56wsxn6asw1"}
{"type":"operationStart","subtype":"recipe","name":"html","timestamp":1699009909000,"id":"zok5a3t7j786wwf","previousEventId":"18giyo2qht7y21p","operationId":"703jnt4ceibf0vv","previousOperationId":"k3cx56wsxn6asw1"}
{"type":"log","timestamp":1699009909000,"level":"debug","message":"Executing recipe html","meta":{"rootId":"aqiwq2m88fhxnqa","id":"aqiwq2m88fhxnqa"},"id":"rpn3nn1ecss6z7b","previousOperationId":"703jnt4ceibf0vv"}
{"type":"operationEnd","operationId":"703jnt4ceibf0vv","timestamp":1699009909000,"id":"dlxtb1grvpqx3a3","previousEventId":"zok5a3t7j786wwf","previousOperationId":"703jnt4ceibf0vv"}
{"type":"log","timestamp":1699009909000,"level":"debug","message":"Skipping pdf utils processing because template is rendered with non-pdf recipe.","meta":{"rootId":"aqiwq2m88fhxnqa","id":"aqiwq2m88fhxnqa"},"id":"xwk7okp70koona0","previousOperationId":"703jnt4ceibf0vv"}
{"type":"log","timestamp":1699009909000,"level":"debug","message":"Skipping storing report.","meta":{"rootId":"aqiwq2m88fhxnqa","id":"aqiwq2m88fhxnqa"},"id":"vxwk2vu4c0zls8f","previousOperationId":"703jnt4ceibf0vv"}
{"type":"log","timestamp":1699009909000,"level":"info","message":"Rendering request 250 finished in 47 ms","meta":{"rootId":"aqiwq2m88fhxnqa","id":"aqiwq2m88fhxnqa"},"id":"1urob9m5hmy0m6p","previousOperationId":"703jnt4ceibf0vv"}
{"type":"operationEnd","subtype":"render","operationId":"9k99l0qttplg514","timestamp":1699009909000,"id":"zruacedc1kko9jr","previousEventId":"dlxtb1grvpqx3a3","previousOperationId":"703jnt4ceibf0vv"}
{"type":"operationEnd","doDiffs":false,"previousEventId":"mvpneq5g32n2on6","previousOperationId":"2tf913z6c7te7rn","operationId":"2tf913z6c7te7rn","timestamp":1699009909011,"id":"ec5g0zetg62g9y9"}
