{"type":"operationStart","subtype":"profile","data":{"_id":"aRMwAAnUkRPBCuwZ","timestamp":"2023-11-03T11:11:05.564Z","state":"queued","mode":"standard","creationDate":"2023-11-03T11:11:05.566Z","modificationDate":"2023-11-03T11:11:05.566Z","shortid":"NQ1BE9G","$entitySet":"profiles"},"doDiffs":false,"timestamp":1699009865565,"id":"bl5or25m02fkv1y","previousOperationId":null,"operationId":"0losvbl1al7zehv"}
{"type":"log","level":"info","message":"Render request 248 queued for execution and waiting for available worker","previousOperationId":"0losvbl1al7zehv","timestamp":1699009865565,"id":"gt2m413wfq84yh1"}
{"type":"operationStart","subtype":"render","name":"main","previousOperationId":"0losvbl1al7zehv","timestamp":1699009865574,"id":"e9ul89ojtf7oyvs","previousEventId":"bl5or25m02fkv1y","operationId":"exv8y0spd5y0mi0"}
{"type":"log","timestamp":1699009865574,"level":"info","message":"Starting rendering request 248","meta":{"rootId":"b5c69ypkwm0d54w","id":"b5c69ypkwm0d54w"},"id":"14lmrehijew1c1k","previousOperationId":"exv8y0spd5y0mi0"}
{"type":"log","timestamp":1699009865574,"level":"info","message":"Rendering template { name: main, recipe: html, engine: handlebars, preview: true }","meta":{"rootId":"b5c69ypkwm0d54w","id":"b5c69ypkwm0d54w"},"id":"n83bqp9q0r780be","previousOperationId":"exv8y0spd5y0mi0"}
{"type":"log","timestamp":1699009865576,"level":"debug","message":"Adding sample data xOo8CoQnV","meta":{"rootId":"b5c69ypkwm0d54w","id":"b5c69ypkwm0d54w"},"id":"spet0mm22y998l1","previousOperationId":"exv8y0spd5y0mi0"}
{"type":"log","timestamp":1699009865578,"level":"debug","message":"Base url not specified, skipping its injection.","meta":{"rootId":"b5c69ypkwm0d54w","id":"b5c69ypkwm0d54w"},"id":"hoy7mhqp1ylq52e","previousOperationId":"exv8y0spd5y0mi0"}
{"type":"operationStart","subtype":"engine","name":"handlebars","timestamp":1699009865578,"id":"8kx2ww0rc5ivdnz","previousEventId":"e9ul89ojtf7oyvs","operationId":"xw6epmlrm150zhy","previousOperationId":"exv8y0spd5y0mi0"}
{"type":"log","timestamp":1699009865578,"level":"debug","message":"Rendering engine handlebars","meta":{"rootId":"b5c69ypkwm0d54w","id":"b5c69ypkwm0d54w"},"id":"pl0zs8m07pu11xd","previousOperationId":"xw6epmlrm150zhy"}
{"type":"operationStart","subtype":"render","name":"proposed-portfolio","previousOperationId":"xw6epmlrm150zhy","timestamp":1699009865589,"id":"ifn5896wyiqm402","previousEventId":"8kx2ww0rc5ivdnz","operationId":"paztpswmkearwaj"}
{"type":"log","timestamp":1699009865589,"level":"info","message":"Starting rendering (child) request","meta":{"rootId":"b5c69ypkwm0d54w","id":"twask7hisr5clzs"},"id":"7p6kzjb9zhasgbz","previousOperationId":"paztpswmkearwaj"}
{"type":"log","timestamp":1699009865589,"level":"info","message":"Rendering template { name: proposed-portfolio, recipe: html, engine: handlebars, preview: true }","meta":{"rootId":"b5c69ypkwm0d54w","id":"twask7hisr5clzs"},"id":"e1cq0kx9unl7sfs","previousOperationId":"paztpswmkearwaj"}
{"type":"log","timestamp":1699009865589,"level":"debug","message":"Inline data specified.","meta":{"rootId":"b5c69ypkwm0d54w","id":"twask7hisr5clzs"},"id":"4zjzwba4vdazwrj","previousOperationId":"paztpswmkearwaj"}
{"type":"log","timestamp":1699009865591,"level":"debug","message":"Base url not specified, skipping its injection.","meta":{"rootId":"b5c69ypkwm0d54w","id":"twask7hisr5clzs"},"id":"vinprrr45q4maax","previousOperationId":"paztpswmkearwaj"}
{"type":"operationStart","subtype":"engine","name":"handlebars","timestamp":1699009865591,"id":"7wev590vzm6m3ex","previousEventId":"ifn5896wyiqm402","operationId":"xe2qtwj0hqrxoxk","previousOperationId":"paztpswmkearwaj"}
{"type":"log","timestamp":1699009865591,"level":"debug","message":"Rendering engine handlebars","meta":{"rootId":"b5c69ypkwm0d54w","id":"twask7hisr5clzs"},"id":"4b15qha01anfjo9","previousOperationId":"xe2qtwj0hqrxoxk"}
{"type":"operationEnd","operationId":"xe2qtwj0hqrxoxk","timestamp":1699009865607,"id":"jk4nfk6erwptvaa","previousEventId":"7wev590vzm6m3ex","previousOperationId":"xe2qtwj0hqrxoxk"}
{"type":"operationStart","subtype":"recipe","name":"html","timestamp":1699009865608,"id":"b97h9un31i89luj","previousEventId":"jk4nfk6erwptvaa","operationId":"5iebp2dum7ihjnf","previousOperationId":"xe2qtwj0hqrxoxk"}
{"type":"log","timestamp":1699009865608,"level":"debug","message":"Executing recipe html","meta":{"rootId":"b5c69ypkwm0d54w","id":"twask7hisr5clzs"},"id":"c3re0ehdwfqlink","previousOperationId":"5iebp2dum7ihjnf"}
{"type":"operationEnd","operationId":"5iebp2dum7ihjnf","timestamp":1699009865608,"id":"darfvc2hv4h9g19","previousEventId":"b97h9un31i89luj","previousOperationId":"5iebp2dum7ihjnf"}
{"type":"log","timestamp":1699009865608,"level":"debug","message":"Skipping storing report.","meta":{"rootId":"b5c69ypkwm0d54w","id":"twask7hisr5clzs"},"id":"g2p6qnfs2z0n490","previousOperationId":"5iebp2dum7ihjnf"}
{"type":"log","timestamp":1699009865608,"level":"info","message":"Rendering (child) request finished in 44 ms","meta":{"rootId":"b5c69ypkwm0d54w","id":"twask7hisr5clzs"},"id":"aemacagl21vd9fy","previousOperationId":"5iebp2dum7ihjnf"}
{"type":"operationEnd","subtype":"render","operationId":"paztpswmkearwaj","timestamp":1699009865608,"id":"j8qv10stk36ti08","previousEventId":"darfvc2hv4h9g19","previousOperationId":"5iebp2dum7ihjnf"}
{"type":"operationEnd","operationId":"xw6epmlrm150zhy","timestamp":1699009865608,"id":"b6vqrda7e9omkg7","previousEventId":"8kx2ww0rc5ivdnz","previousOperationId":"xw6epmlrm150zhy"}
{"type":"operationStart","subtype":"recipe","name":"html","timestamp":1699009865608,"id":"nu3tbf26rcidinr","previousEventId":"b6vqrda7e9omkg7","operationId":"pvtmqndlr3jtkkp","previousOperationId":"xw6epmlrm150zhy"}
{"type":"log","timestamp":1699009865608,"level":"debug","message":"Executing recipe html","meta":{"rootId":"b5c69ypkwm0d54w","id":"b5c69ypkwm0d54w"},"id":"3bh5xobvrbtqjd7","previousOperationId":"pvtmqndlr3jtkkp"}
{"type":"operationEnd","operationId":"pvtmqndlr3jtkkp","timestamp":1699009865608,"id":"bo8wu90ms4jk9cj","previousEventId":"nu3tbf26rcidinr","previousOperationId":"pvtmqndlr3jtkkp"}
{"type":"log","timestamp":1699009865608,"level":"debug","message":"Skipping pdf utils processing because template is rendered with non-pdf recipe.","meta":{"rootId":"b5c69ypkwm0d54w","id":"b5c69ypkwm0d54w"},"id":"8qn00udye7x049w","previousOperationId":"pvtmqndlr3jtkkp"}
{"type":"log","timestamp":1699009865608,"level":"debug","message":"Skipping storing report.","meta":{"rootId":"b5c69ypkwm0d54w","id":"b5c69ypkwm0d54w"},"id":"dehgximpc7xfbls","previousOperationId":"pvtmqndlr3jtkkp"}
{"type":"log","timestamp":1699009865608,"level":"info","message":"Rendering request 248 finished in 44 ms","meta":{"rootId":"b5c69ypkwm0d54w","id":"b5c69ypkwm0d54w"},"id":"t0itiopsh85xbka","previousOperationId":"pvtmqndlr3jtkkp"}
{"type":"operationEnd","subtype":"render","operationId":"exv8y0spd5y0mi0","timestamp":1699009865608,"id":"u3rxgv13fifyp4l","previousEventId":"bo8wu90ms4jk9cj","previousOperationId":"pvtmqndlr3jtkkp"}
{"type":"operationEnd","doDiffs":false,"previousEventId":"bl5or25m02fkv1y","previousOperationId":"0losvbl1al7zehv","operationId":"0losvbl1al7zehv","timestamp":1699009865614,"id":"m335m457xje9sr6"}
