{"type":"operationStart","subtype":"profile","data":{"_id":"Bjo17hjErqrm9SKX","timestamp":"2023-11-03T11:12:01.103Z","state":"queued","mode":"standard","creationDate":"2023-11-03T11:12:01.107Z","modificationDate":"2023-11-03T11:12:01.107Z","shortid":"pu2A2Cp","$entitySet":"profiles"},"doDiffs":false,"timestamp":1699009921106,"id":"rckwqdl5zf8vp76","previousOperationId":null,"operationId":"npd0r93apxs960v"}
{"type":"log","level":"info","message":"Render request 251 queued for execution and waiting for available worker","previousOperationId":"npd0r93apxs960v","timestamp":1699009921106,"id":"y285fswu4c3rzki"}
{"type":"operationStart","subtype":"render","name":"main","previousOperationId":"npd0r93apxs960v","timestamp":1699009921118,"id":"2f2go1kfpl74idg","previousEventId":"rckwqdl5zf8vp76","operationId":"7n6hhahqc4kp692"}
{"type":"log","timestamp":1699009921118,"level":"info","message":"Starting rendering request 251","meta":{"rootId":"cnenzzwjjwjjkvs","id":"cnenzzwjjwjjkvs"},"id":"xxb773ye90g6b6l","previousOperationId":"7n6hhahqc4kp692"}
{"type":"log","timestamp":1699009921118,"level":"info","message":"Rendering template { name: main, recipe: html, engine: handlebars, preview: true }","meta":{"rootId":"cnenzzwjjwjjkvs","id":"cnenzzwjjwjjkvs"},"id":"adi95ls9j2gtvsp","previousOperationId":"7n6hhahqc4kp692"}
{"type":"log","timestamp":1699009921119,"level":"debug","message":"Adding sample data xOo8CoQnV","meta":{"rootId":"cnenzzwjjwjjkvs","id":"cnenzzwjjwjjkvs"},"id":"hcn9t8m1u2jfr9y","previousOperationId":"7n6hhahqc4kp692"}
{"type":"log","timestamp":1699009921119,"level":"debug","message":"Base url not specified, skipping its injection.","meta":{"rootId":"cnenzzwjjwjjkvs","id":"cnenzzwjjwjjkvs"},"id":"oaj0c5iveenis1t","previousOperationId":"7n6hhahqc4kp692"}
{"type":"operationStart","subtype":"engine","name":"handlebars","timestamp":1699009921119,"id":"wj0g6c0dalhdksu","previousEventId":"2f2go1kfpl74idg","operationId":"fvxjjtzflsa38fs","previousOperationId":"7n6hhahqc4kp692"}
{"type":"log","timestamp":1699009921119,"level":"debug","message":"Rendering engine handlebars","meta":{"rootId":"cnenzzwjjwjjkvs","id":"cnenzzwjjwjjkvs"},"id":"h8qith7ajtm3wpt","previousOperationId":"fvxjjtzflsa38fs"}
{"type":"operationStart","subtype":"render","name":"proposed-portfolio","previousOperationId":"fvxjjtzflsa38fs","timestamp":1699009921134,"id":"dwi2ziihpxvpoz3","previousEventId":"wj0g6c0dalhdksu","operationId":"mp9r7yohixgragg"}
{"type":"log","timestamp":1699009921134,"level":"info","message":"Starting rendering (child) request","meta":{"rootId":"cnenzzwjjwjjkvs","id":"nhk0cb7rr80jneo"},"id":"zozh3d1lhrxz0a1","previousOperationId":"mp9r7yohixgragg"}
{"type":"log","timestamp":1699009921134,"level":"info","message":"Rendering template { name: proposed-portfolio, recipe: html, engine: handlebars, preview: true }","meta":{"rootId":"cnenzzwjjwjjkvs","id":"nhk0cb7rr80jneo"},"id":"235x9k9p5saguf3","previousOperationId":"mp9r7yohixgragg"}
{"type":"log","timestamp":1699009921134,"level":"debug","message":"Inline data specified.","meta":{"rootId":"cnenzzwjjwjjkvs","id":"nhk0cb7rr80jneo"},"id":"kzcau1c8i0w4l7v","previousOperationId":"mp9r7yohixgragg"}
{"type":"log","timestamp":1699009921136,"level":"debug","message":"Base url not specified, skipping its injection.","meta":{"rootId":"cnenzzwjjwjjkvs","id":"nhk0cb7rr80jneo"},"id":"0tlc2ns8mt1juvt","previousOperationId":"mp9r7yohixgragg"}
{"type":"operationStart","subtype":"engine","name":"handlebars","timestamp":1699009921136,"id":"mzsap4vh848dlc6","previousEventId":"dwi2ziihpxvpoz3","operationId":"732dnt0e5x6z8b9","previousOperationId":"mp9r7yohixgragg"}
{"type":"log","timestamp":1699009921136,"level":"debug","message":"Rendering engine handlebars","meta":{"rootId":"cnenzzwjjwjjkvs","id":"nhk0cb7rr80jneo"},"id":"o23h6aelmq2nm2y","previousOperationId":"732dnt0e5x6z8b9"}
{"type":"operationEnd","operationId":"732dnt0e5x6z8b9","timestamp":1699009921153,"id":"hbdkh8qs295nwb5","previousEventId":"mzsap4vh848dlc6","previousOperationId":"732dnt0e5x6z8b9"}
{"type":"operationStart","subtype":"recipe","name":"html","timestamp":1699009921153,"id":"1qxx67214qfzouh","previousEventId":"hbdkh8qs295nwb5","operationId":"bpsrdypxke7dzeh","previousOperationId":"732dnt0e5x6z8b9"}
{"type":"log","timestamp":1699009921153,"level":"debug","message":"Executing recipe html","meta":{"rootId":"cnenzzwjjwjjkvs","id":"nhk0cb7rr80jneo"},"id":"9b4baefy92pdkh0","previousOperationId":"bpsrdypxke7dzeh"}
{"type":"operationEnd","operationId":"bpsrdypxke7dzeh","timestamp":1699009921153,"id":"hq8zi4hzlbfpxk2","previousEventId":"1qxx67214qfzouh","previousOperationId":"bpsrdypxke7dzeh"}
{"type":"log","timestamp":1699009921153,"level":"debug","message":"Skipping storing report.","meta":{"rootId":"cnenzzwjjwjjkvs","id":"nhk0cb7rr80jneo"},"id":"rt5lciz1azvtq2b","previousOperationId":"bpsrdypxke7dzeh"}
{"type":"log","timestamp":1699009921153,"level":"info","message":"Rendering (child) request finished in 51 ms","meta":{"rootId":"cnenzzwjjwjjkvs","id":"nhk0cb7rr80jneo"},"id":"nhqwxsyyhsl6tr3","previousOperationId":"bpsrdypxke7dzeh"}
{"type":"operationEnd","subtype":"render","operationId":"mp9r7yohixgragg","timestamp":1699009921153,"id":"xfazdz5mbzjh8an","previousEventId":"hq8zi4hzlbfpxk2","previousOperationId":"bpsrdypxke7dzeh"}
{"type":"operationEnd","operationId":"fvxjjtzflsa38fs","timestamp":1699009921153,"id":"y4ewrcj7p0qb4sn","previousEventId":"wj0g6c0dalhdksu","previousOperationId":"fvxjjtzflsa38fs"}
{"type":"operationStart","subtype":"recipe","name":"html","timestamp":1699009921153,"id":"3jkxul6evum531t","previousEventId":"y4ewrcj7p0qb4sn","operationId":"8hz2ap6raa0nh7k","previousOperationId":"fvxjjtzflsa38fs"}
{"type":"log","timestamp":1699009921153,"level":"debug","message":"Executing recipe html","meta":{"rootId":"cnenzzwjjwjjkvs","id":"cnenzzwjjwjjkvs"},"id":"xrh64rqdop34xly","previousOperationId":"8hz2ap6raa0nh7k"}
{"type":"operationEnd","operationId":"8hz2ap6raa0nh7k","timestamp":1699009921153,"id":"4kt59bhtpexjayx","previousEventId":"3jkxul6evum531t","previousOperationId":"8hz2ap6raa0nh7k"}
{"type":"log","timestamp":1699009921153,"level":"debug","message":"Skipping pdf utils processing because template is rendered with non-pdf recipe.","meta":{"rootId":"cnenzzwjjwjjkvs","id":"cnenzzwjjwjjkvs"},"id":"8vik4garp9u129k","previousOperationId":"8hz2ap6raa0nh7k"}
{"type":"log","timestamp":1699009921153,"level":"debug","message":"Skipping storing report.","meta":{"rootId":"cnenzzwjjwjjkvs","id":"cnenzzwjjwjjkvs"},"id":"4nlj30tceyk2h4r","previousOperationId":"8hz2ap6raa0nh7k"}
{"type":"log","timestamp":1699009921153,"level":"info","message":"Rendering request 251 finished in 51 ms","meta":{"rootId":"cnenzzwjjwjjkvs","id":"cnenzzwjjwjjkvs"},"id":"4y2yl07ja1xhf41","previousOperationId":"8hz2ap6raa0nh7k"}
{"type":"operationEnd","subtype":"render","operationId":"7n6hhahqc4kp692","timestamp":1699009921153,"id":"pr7sav9uutn64ys","previousEventId":"4kt59bhtpexjayx","previousOperationId":"8hz2ap6raa0nh7k"}
{"type":"operationEnd","doDiffs":false,"previousEventId":"rckwqdl5zf8vp76","previousOperationId":"npd0r93apxs960v","operationId":"npd0r93apxs960v","timestamp":1699009921161,"id":"r1rb97c6wexabhc"}
