{"type":"operationStart","subtype":"profile","data":{"_id":"9UCDgC0sV48zkkQl","timestamp":"2023-11-01T14:51:58.592Z","state":"queued","mode":"standard","creationDate":"2023-11-01T14:51:58.594Z","modificationDate":"2023-11-01T14:51:58.594Z","shortid":"yZrd_CG","$entitySet":"profiles"},"doDiffs":false,"timestamp":1698850318593,"id":"74rivs9ajxfi1b0","previousOperationId":null,"operationId":"b9evu7g3gohr8iy"}
{"type":"log","level":"info","message":"Render request 14 queued for execution and waiting for available worker","previousOperationId":"b9evu7g3gohr8iy","timestamp":1698850318593,"id":"4y6btkztye6u3kb"}
{"type":"operationStart","subtype":"render","name":"main","previousOperationId":"b9evu7g3gohr8iy","timestamp":1698850318610,"id":"kk4crmeym77upzj","previousEventId":"74rivs9ajxfi1b0","operationId":"5i3gsatdne1j1xz"}
{"type":"log","timestamp":1698850318610,"level":"info","message":"Starting rendering request 14","meta":{"rootId":"ddrliip8qjin7wp","id":"ddrliip8qjin7wp"},"id":"3bivgsddsedd5pj","previousOperationId":"5i3gsatdne1j1xz"}
{"type":"log","timestamp":1698850318613,"level":"info","message":"Rendering template { name: main, recipe: chrome-pdf, engine: handlebars, preview: true }","meta":{"rootId":"ddrliip8qjin7wp","id":"ddrliip8qjin7wp"},"id":"c04vf1jzqjkbwxk","previousOperationId":"5i3gsatdne1j1xz"}
{"type":"log","timestamp":1698850318615,"level":"debug","message":"Data item not defined for this template.","meta":{"rootId":"ddrliip8qjin7wp","id":"ddrliip8qjin7wp"},"id":"hiz6dr8mbrp3mpa","previousOperationId":"5i3gsatdne1j1xz"}
{"type":"log","timestamp":1698850318616,"level":"debug","message":"Base url not specified, skipping its injection.","meta":{"rootId":"ddrliip8qjin7wp","id":"ddrliip8qjin7wp"},"id":"fdv0xj1irch0f68","previousOperationId":"5i3gsatdne1j1xz"}
{"type":"operationStart","subtype":"engine","name":"handlebars","timestamp":1698850318617,"id":"2mw5efbd3lgm9tp","previousEventId":"kk4crmeym77upzj","operationId":"86z7ntq4mpic4q4","previousOperationId":"5i3gsatdne1j1xz"}
{"type":"log","timestamp":1698850318617,"level":"debug","message":"Rendering engine handlebars","meta":{"rootId":"ddrliip8qjin7wp","id":"ddrliip8qjin7wp"},"id":"e3rcj725czgp9es","previousOperationId":"86z7ntq4mpic4q4"}
{"type":"operationEnd","operationId":"86z7ntq4mpic4q4","timestamp":1698850318643,"id":"fbtriaqeh8ehkxr","previousEventId":"2mw5efbd3lgm9tp","previousOperationId":"86z7ntq4mpic4q4"}
{"type":"operationStart","subtype":"recipe","name":"chrome-pdf","timestamp":1698850318643,"id":"oyr9ih086udx8nq","previousEventId":"fbtriaqeh8ehkxr","operationId":"udj255ipbashtl0","previousOperationId":"86z7ntq4mpic4q4"}
{"type":"log","timestamp":1698850318643,"level":"debug","message":"Executing recipe chrome-pdf","meta":{"rootId":"ddrliip8qjin7wp","id":"ddrliip8qjin7wp"},"id":"gh3caroj9oxu57d","previousOperationId":"udj255ipbashtl0"}
{"type":"log","timestamp":1698850318650,"level":"debug","message":"Converting with chrome HeadlessChrome/117.0.5938.149 using chrome-pool strategy","meta":{"rootId":"ddrliip8qjin7wp","id":"ddrliip8qjin7wp"},"id":"c4a6hne9qoww9d2","previousOperationId":"udj255ipbashtl0"}
{"type":"log","timestamp":1698850318777,"level":"debug","message":"Page request: GET (document) file:///C:/Users/OGNJEN~1/AppData/Local/Temp/jsreport/autocleanup/88fbbe24-9647-4994-965f-64a6b930f330-chrome-pdf.html","meta":{"rootId":"ddrliip8qjin7wp","id":"ddrliip8qjin7wp"},"id":"ep96z5a4gxygpwz","previousOperationId":"udj255ipbashtl0"}
{"type":"log","timestamp":1698850318789,"level":"debug","message":"Page request: GET (stylesheet) https://cdn.jsdelivr.net/npm/tailwindcss@2.2.19/dist/tailwind.min.css","meta":{"rootId":"ddrliip8qjin7wp","id":"ddrliip8qjin7wp"},"id":"qrpynzd2ua808xn","previousOperationId":"udj255ipbashtl0"}
{"type":"log","timestamp":1698850318790,"level":"debug","message":"Page request: GET (stylesheet) https://cdnjs.cloudflare.com/ajax/libs/font-awesome/6.0.0-beta3/css/all.min.css","meta":{"rootId":"ddrliip8qjin7wp","id":"ddrliip8qjin7wp"},"id":"8dzrq0ozb5634qr","previousOperationId":"udj255ipbashtl0"}
{"type":"log","timestamp":1698850318790,"level":"debug","message":"Page request: GET (stylesheet) https://fonts.googleapis.com/css2?family=IBM+Plex+Mono:wght@300;400&family=Ubuntu:ital,wght@0,300;0,500;0,700;1,300;1,500;1,700&display=swap","meta":{"rootId":"ddrliip8qjin7wp","id":"ddrliip8qjin7wp"},"id":"60pxv2o093ppwos","previousOperationId":"udj255ipbashtl0"}
{"type":"log","timestamp":1698850318790,"level":"debug","message":"Page request finished: GET (document) 200 file:///C:/Users/OGNJEN~1/AppData/Local/Temp/jsreport/autocleanup/88fbbe24-9647-4994-965f-64a6b930f330-chrome-pdf.html","meta":{"rootId":"ddrliip8qjin7wp","id":"ddrliip8qjin7wp"},"id":"wsmmew80njczds6","previousOperationId":"udj255ipbashtl0"}
{"type":"log","timestamp":1698850318797,"level":"debug","message":"Page request finished: GET (stylesheet) 200 https://cdnjs.cloudflare.com/ajax/libs/font-awesome/6.0.0-beta3/css/all.min.css","meta":{"rootId":"ddrliip8qjin7wp","id":"ddrliip8qjin7wp"},"id":"pn1ikac27yx13s3","previousOperationId":"udj255ipbashtl0"}
{"type":"log","timestamp":1698850318874,"level":"debug","message":"Page request finished: GET (stylesheet) 200 https://cdn.jsdelivr.net/npm/tailwindcss@2.2.19/dist/tailwind.min.css","meta":{"rootId":"ddrliip8qjin7wp","id":"ddrliip8qjin7wp"},"id":"qmtsz42u2ir38lj","previousOperationId":"udj255ipbashtl0"}
{"type":"log","timestamp":1698850321173,"level":"debug","message":"Page request finished: GET (stylesheet) 200 https://fonts.googleapis.com/css2?family=IBM+Plex+Mono:wght@300;400&family=Ubuntu:ital,wght@0,300;0,500;0,700;1,300;1,500;1,700&display=swap","meta":{"rootId":"ddrliip8qjin7wp","id":"ddrliip8qjin7wp"},"id":"sejgt2tw0aynli9","previousOperationId":"udj255ipbashtl0"}
{"type":"log","timestamp":1698850321196,"level":"debug","message":"Page request: GET (font) https://cdnjs.cloudflare.com/ajax/libs/font-awesome/6.0.0-beta3/webfonts/fa-solid-900.woff2","meta":{"rootId":"ddrliip8qjin7wp","id":"ddrliip8qjin7wp"},"id":"4cg662mczlfnw4h","previousOperationId":"udj255ipbashtl0"}
{"type":"log","timestamp":1698850321198,"level":"debug","message":"Running chrome with params {\"printBackground\":true,\"timeout\":59945,\"margin\":{}}","meta":{"rootId":"ddrliip8qjin7wp","id":"ddrliip8qjin7wp"},"id":"16j3vvt3p2074dr","previousOperationId":"udj255ipbashtl0"}
{"type":"log","timestamp":1698850321241,"level":"debug","message":"Page request finished: GET (font) 200 https://cdnjs.cloudflare.com/ajax/libs/font-awesome/6.0.0-beta3/webfonts/fa-solid-900.woff2","meta":{"rootId":"ddrliip8qjin7wp","id":"ddrliip8qjin7wp"},"id":"9wwizrup6t72mf4","previousOperationId":"udj255ipbashtl0"}
{"type":"operationEnd","operationId":"udj255ipbashtl0","timestamp":1698850321243,"id":"kjcok5ihy5ih9el","previousEventId":"oyr9ih086udx8nq","previousOperationId":"udj255ipbashtl0"}
{"type":"log","timestamp":1698850321243,"level":"debug","message":"Skipping storing report.","meta":{"rootId":"ddrliip8qjin7wp","id":"ddrliip8qjin7wp"},"id":"2nj9fwft94s8qsv","previousOperationId":"udj255ipbashtl0"}
{"type":"log","timestamp":1698850321243,"level":"info","message":"Rendering request 14 finished in 2651 ms","meta":{"rootId":"ddrliip8qjin7wp","id":"ddrliip8qjin7wp"},"id":"u5rh9hpbqkozyj4","previousOperationId":"udj255ipbashtl0"}
{"type":"operationEnd","subtype":"render","operationId":"5i3gsatdne1j1xz","timestamp":1698850321244,"id":"19c8ljpo47lsrbf","previousEventId":"kjcok5ihy5ih9el","previousOperationId":"udj255ipbashtl0"}
{"type":"operationEnd","doDiffs":false,"previousEventId":"74rivs9ajxfi1b0","previousOperationId":"b9evu7g3gohr8iy","operationId":"b9evu7g3gohr8iy","timestamp":1698850321256,"id":"0tu2caf2a509wnk"}
