{"type":"operationStart","subtype":"profile","data":{"_id":"O7zVD7Q2zqln59NW","timestamp":"2023-11-03T11:12:20.403Z","state":"queued","mode":"standard","creationDate":"2023-11-03T11:12:20.405Z","modificationDate":"2023-11-03T11:12:20.405Z","shortid":"uWCi5S3","$entitySet":"profiles"},"doDiffs":false,"timestamp":1699009940404,"id":"kl4fce732exeh62","previousOperationId":null,"operationId":"6s79dl6lfcb74sp"}
{"type":"log","level":"info","message":"Render request 252 queued for execution and waiting for available worker","previousOperationId":"6s79dl6lfcb74sp","timestamp":1699009940404,"id":"3a2couyjlvjd3ja"}
{"type":"operationStart","subtype":"render","name":"main","previousOperationId":"6s79dl6lfcb74sp","timestamp":1699009940415,"id":"cxg3kdu680hm3ph","previousEventId":"kl4fce732exeh62","operationId":"iwhannzakegkivw"}
{"type":"log","timestamp":1699009940415,"level":"info","message":"Starting rendering request 252","meta":{"rootId":"dmfha9j3bh35bda","id":"dmfha9j3bh35bda"},"id":"3obq358dis5ttpv","previousOperationId":"iwhannzakegkivw"}
{"type":"log","timestamp":1699009940415,"level":"info","message":"Rendering template { name: main, recipe: html, engine: handlebars, preview: true }","meta":{"rootId":"dmfha9j3bh35bda","id":"dmfha9j3bh35bda"},"id":"9dsx4czctnyv6xo","previousOperationId":"iwhannzakegkivw"}
{"type":"log","timestamp":1699009940415,"level":"debug","message":"Adding sample data xOo8CoQnV","meta":{"rootId":"dmfha9j3bh35bda","id":"dmfha9j3bh35bda"},"id":"lxyj629nml7dres","previousOperationId":"iwhannzakegkivw"}
{"type":"log","timestamp":1699009940419,"level":"debug","message":"Base url not specified, skipping its injection.","meta":{"rootId":"dmfha9j3bh35bda","id":"dmfha9j3bh35bda"},"id":"m8u743jo32at23j","previousOperationId":"iwhannzakegkivw"}
{"type":"operationStart","subtype":"engine","name":"handlebars","timestamp":1699009940419,"id":"w77n869a0fqmqet","previousEventId":"cxg3kdu680hm3ph","operationId":"9mpp1nlao452ykn","previousOperationId":"iwhannzakegkivw"}
{"type":"log","timestamp":1699009940420,"level":"debug","message":"Rendering engine handlebars","meta":{"rootId":"dmfha9j3bh35bda","id":"dmfha9j3bh35bda"},"id":"vhq7fab714emdvq","previousOperationId":"9mpp1nlao452ykn"}
{"type":"operationStart","subtype":"render","name":"proposed-portfolio","previousOperationId":"9mpp1nlao452ykn","timestamp":1699009940427,"id":"wshambyjh817mdd","previousEventId":"w77n869a0fqmqet","operationId":"hwrm6najv6q29kn"}
{"type":"log","timestamp":1699009940427,"level":"info","message":"Starting rendering (child) request","meta":{"rootId":"dmfha9j3bh35bda","id":"c4ohccccbio3zou"},"id":"gbkl8rsh1fkcihg","previousOperationId":"hwrm6najv6q29kn"}
{"type":"log","timestamp":1699009940428,"level":"info","message":"Rendering template { name: proposed-portfolio, recipe: html, engine: handlebars, preview: true }","meta":{"rootId":"dmfha9j3bh35bda","id":"c4ohccccbio3zou"},"id":"extilyiq4cvj9ef","previousOperationId":"hwrm6najv6q29kn"}
{"type":"log","timestamp":1699009940429,"level":"debug","message":"Inline data specified.","meta":{"rootId":"dmfha9j3bh35bda","id":"c4ohccccbio3zou"},"id":"wnc791ojarj1el8","previousOperationId":"hwrm6najv6q29kn"}
{"type":"log","timestamp":1699009940432,"level":"debug","message":"Base url not specified, skipping its injection.","meta":{"rootId":"dmfha9j3bh35bda","id":"c4ohccccbio3zou"},"id":"nrsnzu52bwvvmig","previousOperationId":"hwrm6najv6q29kn"}
{"type":"operationStart","subtype":"engine","name":"handlebars","timestamp":1699009940432,"id":"f3nj9vjqrh3vxy9","previousEventId":"wshambyjh817mdd","operationId":"c76jzujbwshi6bo","previousOperationId":"hwrm6najv6q29kn"}
{"type":"log","timestamp":1699009940432,"level":"debug","message":"Rendering engine handlebars","meta":{"rootId":"dmfha9j3bh35bda","id":"c4ohccccbio3zou"},"id":"ka8ppegt7xjdbac","previousOperationId":"c76jzujbwshi6bo"}
{"type":"operationEnd","operationId":"c76jzujbwshi6bo","timestamp":1699009940450,"id":"gzg8h3pys6btyct","previousEventId":"f3nj9vjqrh3vxy9","previousOperationId":"c76jzujbwshi6bo"}
{"type":"operationStart","subtype":"recipe","name":"html","timestamp":1699009940450,"id":"joypn9bvcuniwt7","previousEventId":"gzg8h3pys6btyct","operationId":"ntg9nbda4ex1ix5","previousOperationId":"c76jzujbwshi6bo"}
{"type":"log","timestamp":1699009940450,"level":"debug","message":"Executing recipe html","meta":{"rootId":"dmfha9j3bh35bda","id":"c4ohccccbio3zou"},"id":"l31ffhxxyhotqrk","previousOperationId":"ntg9nbda4ex1ix5"}
{"type":"operationEnd","operationId":"ntg9nbda4ex1ix5","timestamp":1699009940450,"id":"nhgf9f0w9qvws6g","previousEventId":"joypn9bvcuniwt7","previousOperationId":"ntg9nbda4ex1ix5"}
{"type":"log","timestamp":1699009940450,"level":"debug","message":"Skipping storing report.","meta":{"rootId":"dmfha9j3bh35bda","id":"c4ohccccbio3zou"},"id":"yg5pvs82txwcun1","previousOperationId":"ntg9nbda4ex1ix5"}
{"type":"log","timestamp":1699009940450,"level":"info","message":"Rendering (child) request finished in 47 ms","meta":{"rootId":"dmfha9j3bh35bda","id":"c4ohccccbio3zou"},"id":"ue250eo7gcdysks","previousOperationId":"ntg9nbda4ex1ix5"}
{"type":"operationEnd","subtype":"render","operationId":"hwrm6najv6q29kn","timestamp":1699009940450,"id":"cd06i09dd2pi05c","previousEventId":"nhgf9f0w9qvws6g","previousOperationId":"ntg9nbda4ex1ix5"}
{"type":"operationEnd","operationId":"9mpp1nlao452ykn","timestamp":1699009940451,"id":"fp7c7bv08vy8s9p","previousEventId":"w77n869a0fqmqet","previousOperationId":"9mpp1nlao452ykn"}
{"type":"operationStart","subtype":"recipe","name":"html","timestamp":1699009940451,"id":"khf8iepdggaol5e","previousEventId":"fp7c7bv08vy8s9p","operationId":"l5rk2bsfpvimf46","previousOperationId":"9mpp1nlao452ykn"}
{"type":"log","timestamp":1699009940451,"level":"debug","message":"Executing recipe html","meta":{"rootId":"dmfha9j3bh35bda","id":"dmfha9j3bh35bda"},"id":"mm8s8wmse9fa7pg","previousOperationId":"l5rk2bsfpvimf46"}
{"type":"operationEnd","operationId":"l5rk2bsfpvimf46","timestamp":1699009940451,"id":"jza9k2iusm6a3h4","previousEventId":"khf8iepdggaol5e","previousOperationId":"l5rk2bsfpvimf46"}
{"type":"log","timestamp":1699009940451,"level":"debug","message":"Skipping pdf utils processing because template is rendered with non-pdf recipe.","meta":{"rootId":"dmfha9j3bh35bda","id":"dmfha9j3bh35bda"},"id":"me37gtgzp4bdkh2","previousOperationId":"l5rk2bsfpvimf46"}
{"type":"log","timestamp":1699009940451,"level":"debug","message":"Skipping storing report.","meta":{"rootId":"dmfha9j3bh35bda","id":"dmfha9j3bh35bda"},"id":"s2acw6v6dpahufh","previousOperationId":"l5rk2bsfpvimf46"}
{"type":"log","timestamp":1699009940451,"level":"info","message":"Rendering request 252 finished in 48 ms","meta":{"rootId":"dmfha9j3bh35bda","id":"dmfha9j3bh35bda"},"id":"do7qwhohczs8xji","previousOperationId":"l5rk2bsfpvimf46"}
{"type":"operationEnd","subtype":"render","operationId":"iwhannzakegkivw","timestamp":1699009940451,"id":"0wvcq20xmyzi25o","previousEventId":"jza9k2iusm6a3h4","previousOperationId":"l5rk2bsfpvimf46"}
{"type":"operationEnd","doDiffs":false,"previousEventId":"kl4fce732exeh62","previousOperationId":"6s79dl6lfcb74sp","operationId":"6s79dl6lfcb74sp","timestamp":1699009940466,"id":"sjoc4ptxoszmwt3"}
