{"type":"operationStart","subtype":"profile","data":{"_id":"DR0QnTe73WTtNNkg","timestamp":"2023-11-01T14:22:26.102Z","state":"queued","mode":"standard","creationDate":"2023-11-01T14:22:26.107Z","modificationDate":"2023-11-01T14:22:26.107Z","shortid":"H3eE-rO","$entitySet":"profiles"},"doDiffs":false,"timestamp":1698848546104,"id":"2uzcm49oyrjgs4l","previousOperationId":null,"operationId":"86wvzmprmjz60m8"}
{"type":"log","level":"info","message":"Render request 1 queued for execution and waiting for available worker","previousOperationId":"86wvzmprmjz60m8","timestamp":1698848546104,"id":"ssn6pvkilipasqa"}
{"type":"operationStart","subtype":"render","name":"main","previousOperationId":"86wvzmprmjz60m8","timestamp":1698848546132,"id":"p8g425z25j034tb","previousEventId":"2uzcm49oyrjgs4l","operationId":"wdqd84e9eum4mw3"}
{"type":"log","timestamp":1698848546133,"level":"info","message":"Starting rendering request 1","meta":{"rootId":"e89n9aclwqfdgh4","id":"e89n9aclwqfdgh4"},"id":"a9f2o1jlpp6v4aw","previousOperationId":"wdqd84e9eum4mw3"}
{"type":"log","timestamp":1698848546133,"level":"info","message":"Rendering template { name: main, recipe: chrome-pdf, engine: handlebars, preview: true }","meta":{"rootId":"e89n9aclwqfdgh4","id":"e89n9aclwqfdgh4"},"id":"fjtfqkehayiqx8s","previousOperationId":"wdqd84e9eum4mw3"}
{"type":"log","timestamp":1698848546134,"level":"debug","message":"Data item not defined for this template.","meta":{"rootId":"e89n9aclwqfdgh4","id":"e89n9aclwqfdgh4"},"id":"gmrzsil8zb5kgyk","previousOperationId":"wdqd84e9eum4mw3"}
{"type":"log","timestamp":1698848546136,"level":"debug","message":"Base url not specified, skipping its injection.","meta":{"rootId":"e89n9aclwqfdgh4","id":"e89n9aclwqfdgh4"},"id":"ljlemr38vkm93aj","previousOperationId":"wdqd84e9eum4mw3"}
{"type":"operationStart","subtype":"engine","name":"handlebars","timestamp":1698848546137,"id":"h8zy2wfyi40ca3l","previousEventId":"p8g425z25j034tb","operationId":"o5ljb2rwut8001t","previousOperationId":"wdqd84e9eum4mw3"}
{"type":"log","timestamp":1698848546137,"level":"debug","message":"Rendering engine handlebars","meta":{"rootId":"e89n9aclwqfdgh4","id":"e89n9aclwqfdgh4"},"id":"eb4yam6yccs4hj0","previousOperationId":"o5ljb2rwut8001t"}
{"type":"operationEnd","operationId":"o5ljb2rwut8001t","timestamp":1698848549492,"id":"0wqt3i67jjloh7x","previousEventId":"h8zy2wfyi40ca3l","previousOperationId":"o5ljb2rwut8001t"}
{"type":"operationStart","subtype":"recipe","name":"chrome-pdf","timestamp":1698848549493,"id":"ox6v5x23akunl2l","previousEventId":"0wqt3i67jjloh7x","operationId":"lzi7734gap88grd","previousOperationId":"o5ljb2rwut8001t"}
{"type":"log","timestamp":1698848549493,"level":"debug","message":"Executing recipe chrome-pdf","meta":{"rootId":"e89n9aclwqfdgh4","id":"e89n9aclwqfdgh4"},"id":"10mi1kdtnm6jcpr","previousOperationId":"lzi7734gap88grd"}
{"type":"log","timestamp":1698848551082,"level":"debug","message":"Converting with chrome HeadlessChrome/117.0.5938.149 using chrome-pool strategy","meta":{"rootId":"e89n9aclwqfdgh4","id":"e89n9aclwqfdgh4"},"id":"mxdo80af4zbnvtp","previousOperationId":"lzi7734gap88grd"}
{"type":"log","timestamp":1698848551436,"level":"debug","message":"Page request: GET (document) file:///C:/Users/OGNJEN~1/AppData/Local/Temp/jsreport/autocleanup/fce913c4-1cad-4483-928b-d8ac54e9afe0-chrome-pdf.html","meta":{"rootId":"e89n9aclwqfdgh4","id":"e89n9aclwqfdgh4"},"id":"tpau1znpy2x6mqp","previousOperationId":"lzi7734gap88grd"}
{"type":"log","timestamp":1698848551445,"level":"debug","message":"Page request finished: GET (document) 200 file:///C:/Users/OGNJEN~1/AppData/Local/Temp/jsreport/autocleanup/fce913c4-1cad-4483-928b-d8ac54e9afe0-chrome-pdf.html","meta":{"rootId":"e89n9aclwqfdgh4","id":"e89n9aclwqfdgh4"},"id":"4gehcehzht1x5s2","previousOperationId":"lzi7734gap88grd"}
{"type":"log","timestamp":1698848551445,"level":"debug","message":"Page request: GET (stylesheet) https://cdn.jsdelivr.net/npm/tailwindcss@2.2.19/dist/tailwind.min.css","meta":{"rootId":"e89n9aclwqfdgh4","id":"e89n9aclwqfdgh4"},"id":"wj7tt6jc0ipc4vj","previousOperationId":"lzi7734gap88grd"}
{"type":"log","timestamp":1698848551446,"level":"debug","message":"Page request: GET (stylesheet) https://cdnjs.cloudflare.com/ajax/libs/font-awesome/6.0.0-beta3/css/all.min.css","meta":{"rootId":"e89n9aclwqfdgh4","id":"e89n9aclwqfdgh4"},"id":"g1pq55b87py5blo","previousOperationId":"lzi7734gap88grd"}
{"type":"log","timestamp":1698848553791,"level":"debug","message":"Page request finished: GET (stylesheet) 200 https://cdnjs.cloudflare.com/ajax/libs/font-awesome/6.0.0-beta3/css/all.min.css","meta":{"rootId":"e89n9aclwqfdgh4","id":"e89n9aclwqfdgh4"},"id":"apsqpja8yjjsttb","previousOperationId":"lzi7734gap88grd"}
{"type":"log","timestamp":1698848553910,"level":"debug","message":"Page request finished: GET (stylesheet) 200 https://cdn.jsdelivr.net/npm/tailwindcss@2.2.19/dist/tailwind.min.css","meta":{"rootId":"e89n9aclwqfdgh4","id":"e89n9aclwqfdgh4"},"id":"82wbv9izoxtylc7","previousOperationId":"lzi7734gap88grd"}
{"type":"log","timestamp":1698848553950,"level":"debug","message":"Page request: GET (font) https://cdnjs.cloudflare.com/ajax/libs/font-awesome/6.0.0-beta3/webfonts/fa-solid-900.woff2","meta":{"rootId":"e89n9aclwqfdgh4","id":"e89n9aclwqfdgh4"},"id":"ktot9tknh2dsvtf","previousOperationId":"lzi7734gap88grd"}
{"type":"log","timestamp":1698848553952,"level":"debug","message":"Page request: GET (font) https://cdnjs.cloudflare.com/ajax/libs/font-awesome/6.0.0-beta3/webfonts/fa-solid-900.woff2","meta":{"rootId":"e89n9aclwqfdgh4","id":"e89n9aclwqfdgh4"},"id":"tnkhzksxe0trlzy","previousOperationId":"lzi7734gap88grd"}
{"type":"log","timestamp":1698848554042,"level":"debug","message":"Page request finished: GET (font) 200 https://cdnjs.cloudflare.com/ajax/libs/font-awesome/6.0.0-beta3/webfonts/fa-solid-900.woff2","meta":{"rootId":"e89n9aclwqfdgh4","id":"e89n9aclwqfdgh4"},"id":"0hltu9u3p3znpzk","previousOperationId":"lzi7734gap88grd"}
{"type":"log","timestamp":1698848554045,"level":"debug","message":"Running chrome with params {\"printBackground\":true,\"timeout\":56202,\"margin\":{}}","meta":{"rootId":"e89n9aclwqfdgh4","id":"e89n9aclwqfdgh4"},"id":"3u52isrq6bq8mtg","previousOperationId":"lzi7734gap88grd"}
{"type":"operationEnd","operationId":"lzi7734gap88grd","timestamp":1698848554106,"id":"ptlzvj6h9ye90b9","previousEventId":"ox6v5x23akunl2l","previousOperationId":"lzi7734gap88grd"}
{"type":"log","timestamp":1698848554107,"level":"debug","message":"Skipping storing report.","meta":{"rootId":"e89n9aclwqfdgh4","id":"e89n9aclwqfdgh4"},"id":"alaoo18aejjcq9b","previousOperationId":"lzi7734gap88grd"}
{"type":"log","timestamp":1698848554107,"level":"info","message":"Rendering request 1 finished in 8005 ms","meta":{"rootId":"e89n9aclwqfdgh4","id":"e89n9aclwqfdgh4"},"id":"lua1oeg1oq0hvv6","previousOperationId":"lzi7734gap88grd"}
{"type":"operationEnd","subtype":"render","operationId":"wdqd84e9eum4mw3","timestamp":1698848554107,"id":"1mf41geq9cz37b1","previousEventId":"ptlzvj6h9ye90b9","previousOperationId":"lzi7734gap88grd"}
{"type":"operationEnd","doDiffs":false,"previousEventId":"2uzcm49oyrjgs4l","previousOperationId":"86wvzmprmjz60m8","operationId":"86wvzmprmjz60m8","timestamp":1698848554118,"id":"xt25flgn9qkg0x0"}
