{"type":"operationStart","subtype":"profile","data":{"_id":"Ji14n8vjXicjzAez","timestamp":"2023-11-01T14:26:50.318Z","state":"queued","mode":"standard","creationDate":"2023-11-01T14:26:50.320Z","modificationDate":"2023-11-01T14:26:50.320Z","shortid":"DzoL1fY","$entitySet":"profiles"},"doDiffs":false,"timestamp":1698848810319,"id":"ffiaxycmr6h120i","previousOperationId":null,"operationId":"ow4uq2jvq4p93c0"}
{"type":"log","level":"info","message":"Render request 5 queued for execution and waiting for available worker","previousOperationId":"ow4uq2jvq4p93c0","timestamp":1698848810319,"id":"2hxfhdc1x4bd4qt"}
{"type":"operationStart","subtype":"render","name":"main","previousOperationId":"ow4uq2jvq4p93c0","timestamp":1698848810335,"id":"54kx0unvgr77mmr","previousEventId":"ffiaxycmr6h120i","operationId":"nl8shajaoxhgn4g"}
{"type":"log","timestamp":1698848810335,"level":"info","message":"Starting rendering request 5","meta":{"rootId":"iiqs3mbrnahnzp2","id":"iiqs3mbrnahnzp2"},"id":"2p7qkf7lw3ul2ij","previousOperationId":"nl8shajaoxhgn4g"}
{"type":"log","timestamp":1698848810336,"level":"info","message":"Rendering template { name: main, recipe: chrome-pdf, engine: handlebars, preview: true }","meta":{"rootId":"iiqs3mbrnahnzp2","id":"iiqs3mbrnahnzp2"},"id":"axdqcpmdfjsb7uu","previousOperationId":"nl8shajaoxhgn4g"}
{"type":"log","timestamp":1698848810337,"level":"debug","message":"Data item not defined for this template.","meta":{"rootId":"iiqs3mbrnahnzp2","id":"iiqs3mbrnahnzp2"},"id":"1gnlr6w8zxvml9b","previousOperationId":"nl8shajaoxhgn4g"}
{"type":"log","timestamp":1698848810338,"level":"debug","message":"Base url not specified, skipping its injection.","meta":{"rootId":"iiqs3mbrnahnzp2","id":"iiqs3mbrnahnzp2"},"id":"5tnitr7n3f5ggcp","previousOperationId":"nl8shajaoxhgn4g"}
{"type":"operationStart","subtype":"engine","name":"handlebars","timestamp":1698848810338,"id":"fcdibazzw37xurx","previousEventId":"54kx0unvgr77mmr","operationId":"df3chtff07gek3y","previousOperationId":"nl8shajaoxhgn4g"}
{"type":"log","timestamp":1698848810338,"level":"debug","message":"Rendering engine handlebars","meta":{"rootId":"iiqs3mbrnahnzp2","id":"iiqs3mbrnahnzp2"},"id":"wpntq6s8xwoybs9","previousOperationId":"df3chtff07gek3y"}
{"type":"operationEnd","operationId":"df3chtff07gek3y","timestamp":1698848810373,"id":"kzy8a7oikqtd8tr","previousEventId":"fcdibazzw37xurx","previousOperationId":"df3chtff07gek3y"}
{"type":"operationStart","subtype":"recipe","name":"chrome-pdf","timestamp":1698848810373,"id":"lsvu6jd1eiv7cri","previousEventId":"kzy8a7oikqtd8tr","operationId":"am0by0djkmp11br","previousOperationId":"df3chtff07gek3y"}
{"type":"log","timestamp":1698848810374,"level":"debug","message":"Executing recipe chrome-pdf","meta":{"rootId":"iiqs3mbrnahnzp2","id":"iiqs3mbrnahnzp2"},"id":"gtd31lxtrgmfb6v","previousOperationId":"am0by0djkmp11br"}
{"type":"log","timestamp":1698848810376,"level":"debug","message":"Converting with chrome HeadlessChrome/117.0.5938.149 using chrome-pool strategy","meta":{"rootId":"iiqs3mbrnahnzp2","id":"iiqs3mbrnahnzp2"},"id":"d1a1to32euhtceq","previousOperationId":"am0by0djkmp11br"}
{"type":"log","timestamp":1698848810490,"level":"debug","message":"Page request: GET (document) file:///C:/Users/OGNJEN~1/AppData/Local/Temp/jsreport/autocleanup/333833b0-77a3-4915-a3f7-aa728870f430-chrome-pdf.html","meta":{"rootId":"iiqs3mbrnahnzp2","id":"iiqs3mbrnahnzp2"},"id":"hg4ukzzp0wme5u9","previousOperationId":"am0by0djkmp11br"}
{"type":"log","timestamp":1698848810501,"level":"debug","message":"Page request: GET (stylesheet) https://cdn.jsdelivr.net/npm/tailwindcss@2.2.19/dist/tailwind.min.css","meta":{"rootId":"iiqs3mbrnahnzp2","id":"iiqs3mbrnahnzp2"},"id":"rpnqbdwelhnmnna","previousOperationId":"am0by0djkmp11br"}
{"type":"log","timestamp":1698848810501,"level":"debug","message":"Page request: GET (stylesheet) https://cdnjs.cloudflare.com/ajax/libs/font-awesome/6.0.0-beta3/css/all.min.css","meta":{"rootId":"iiqs3mbrnahnzp2","id":"iiqs3mbrnahnzp2"},"id":"vijkvqz1nwhtrkz","previousOperationId":"am0by0djkmp11br"}
{"type":"log","timestamp":1698848810501,"level":"debug","message":"Page request finished: GET (document) 200 file:///C:/Users/OGNJEN~1/AppData/Local/Temp/jsreport/autocleanup/333833b0-77a3-4915-a3f7-aa728870f430-chrome-pdf.html","meta":{"rootId":"iiqs3mbrnahnzp2","id":"iiqs3mbrnahnzp2"},"id":"f1he84vplac6ftd","previousOperationId":"am0by0djkmp11br"}
{"type":"log","timestamp":1698848810506,"level":"debug","message":"Page request finished: GET (stylesheet) 200 https://cdnjs.cloudflare.com/ajax/libs/font-awesome/6.0.0-beta3/css/all.min.css","meta":{"rootId":"iiqs3mbrnahnzp2","id":"iiqs3mbrnahnzp2"},"id":"el9ohmnpsnkh92w","previousOperationId":"am0by0djkmp11br"}
{"type":"log","timestamp":1698848810569,"level":"debug","message":"Page request finished: GET (stylesheet) 200 https://cdn.jsdelivr.net/npm/tailwindcss@2.2.19/dist/tailwind.min.css","meta":{"rootId":"iiqs3mbrnahnzp2","id":"iiqs3mbrnahnzp2"},"id":"0dyyuhwec99yyli","previousOperationId":"am0by0djkmp11br"}
{"type":"log","timestamp":1698848810602,"level":"debug","message":"Page request: GET (font) https://cdnjs.cloudflare.com/ajax/libs/font-awesome/6.0.0-beta3/webfonts/fa-solid-900.woff2","meta":{"rootId":"iiqs3mbrnahnzp2","id":"iiqs3mbrnahnzp2"},"id":"0fd9wjcbnz1gfck","previousOperationId":"am0by0djkmp11br"}
{"type":"log","timestamp":1698848810603,"level":"debug","message":"Running chrome with params {\"printBackground\":true,\"timeout\":59943,\"margin\":{}}","meta":{"rootId":"iiqs3mbrnahnzp2","id":"iiqs3mbrnahnzp2"},"id":"flt1f4dqyxh9yra","previousOperationId":"am0by0djkmp11br"}
{"type":"operationEnd","operationId":"am0by0djkmp11br","timestamp":1698848810638,"id":"86knffvyl00ba87","previousEventId":"lsvu6jd1eiv7cri","previousOperationId":"am0by0djkmp11br"}
{"type":"log","timestamp":1698848810638,"level":"debug","message":"Skipping storing report.","meta":{"rootId":"iiqs3mbrnahnzp2","id":"iiqs3mbrnahnzp2"},"id":"xaakj84kqk3g024","previousOperationId":"am0by0djkmp11br"}
{"type":"log","timestamp":1698848810638,"level":"info","message":"Rendering request 5 finished in 320 ms","meta":{"rootId":"iiqs3mbrnahnzp2","id":"iiqs3mbrnahnzp2"},"id":"9rr0rbn98y4ohwr","previousOperationId":"am0by0djkmp11br"}
{"type":"operationEnd","subtype":"render","operationId":"nl8shajaoxhgn4g","timestamp":1698848810638,"id":"kscq7u834x4laxb","previousEventId":"86knffvyl00ba87","previousOperationId":"am0by0djkmp11br"}
{"type":"operationEnd","doDiffs":false,"previousEventId":"ffiaxycmr6h120i","previousOperationId":"ow4uq2jvq4p93c0","operationId":"ow4uq2jvq4p93c0","timestamp":1698848810644,"id":"31hh428vnn91v2i"}
