{"type":"operationStart","subtype":"profile","data":{"_id":"NQCwbEn2IllpWtBY","timestamp":"2023-11-03T11:05:11.344Z","state":"queued","mode":"standard","creationDate":"2023-11-03T11:05:11.346Z","modificationDate":"2023-11-03T11:05:11.346Z","shortid":"watJjU_","$entitySet":"profiles"},"doDiffs":false,"timestamp":1699009511345,"id":"l97aws3bg6rf5ol","previousOperationId":null,"operationId":"wrn88j339i89fa2"}
{"type":"log","level":"info","message":"Render request 240 queued for execution and waiting for available worker","previousOperationId":"wrn88j339i89fa2","timestamp":1699009511345,"id":"6cslw1uaepfd328"}
{"type":"operationStart","subtype":"render","name":"main","previousOperationId":"wrn88j339i89fa2","timestamp":1699009511357,"id":"o6sug06b3ed83b0","previousEventId":"l97aws3bg6rf5ol","operationId":"jpo63tvebjvbqf8"}
{"type":"log","timestamp":1699009511357,"level":"info","message":"Starting rendering request 240","meta":{"rootId":"ijasrdeju5uga95","id":"ijasrdeju5uga95"},"id":"xy4momz9mzvc97m","previousOperationId":"jpo63tvebjvbqf8"}
{"type":"log","timestamp":1699009511357,"level":"info","message":"Rendering template { name: main, recipe: html, engine: handlebars, preview: true }","meta":{"rootId":"ijasrdeju5uga95","id":"ijasrdeju5uga95"},"id":"74og51su1yqioz4","previousOperationId":"jpo63tvebjvbqf8"}
{"type":"log","timestamp":1699009511357,"level":"debug","message":"Inline data specified.","meta":{"rootId":"ijasrdeju5uga95","id":"ijasrdeju5uga95"},"id":"7xa5y9c0dmam1i8","previousOperationId":"jpo63tvebjvbqf8"}
{"type":"log","timestamp":1699009511358,"level":"debug","message":"Base url not specified, skipping its injection.","meta":{"rootId":"ijasrdeju5uga95","id":"ijasrdeju5uga95"},"id":"qon7dwty6wuzeh5","previousOperationId":"jpo63tvebjvbqf8"}
{"type":"operationStart","subtype":"engine","name":"handlebars","timestamp":1699009511358,"id":"akq1d752jlkla6o","previousEventId":"o6sug06b3ed83b0","operationId":"qutz2jlgd6fo4rd","previousOperationId":"jpo63tvebjvbqf8"}
{"type":"log","timestamp":1699009511358,"level":"debug","message":"Rendering engine handlebars","meta":{"rootId":"ijasrdeju5uga95","id":"ijasrdeju5uga95"},"id":"qb3f05wrvhi67at","previousOperationId":"qutz2jlgd6fo4rd"}
{"type":"operationStart","subtype":"render","name":"proposed-portfolio","previousOperationId":"qutz2jlgd6fo4rd","timestamp":1699009511370,"id":"enxxixz0xr1rsc7","previousEventId":"akq1d752jlkla6o","operationId":"kj2a1lybjxynf87"}
{"type":"log","timestamp":1699009511370,"level":"info","message":"Starting rendering (child) request","meta":{"rootId":"ijasrdeju5uga95","id":"lwxkh1qgy1eo07w"},"id":"2rok35w30isos0c","previousOperationId":"kj2a1lybjxynf87"}
{"type":"log","timestamp":1699009511370,"level":"info","message":"Rendering template { name: proposed-portfolio, recipe: html, engine: handlebars, preview: true }","meta":{"rootId":"ijasrdeju5uga95","id":"lwxkh1qgy1eo07w"},"id":"ck3gns7gndn6q6t","previousOperationId":"kj2a1lybjxynf87"}
{"type":"log","timestamp":1699009511370,"level":"debug","message":"Inline data specified.","meta":{"rootId":"ijasrdeju5uga95","id":"lwxkh1qgy1eo07w"},"id":"tamvz3qz93nzvda","previousOperationId":"kj2a1lybjxynf87"}
{"type":"log","timestamp":1699009511371,"level":"debug","message":"Base url not specified, skipping its injection.","meta":{"rootId":"ijasrdeju5uga95","id":"lwxkh1qgy1eo07w"},"id":"xcqlyym29aok5k6","previousOperationId":"kj2a1lybjxynf87"}
{"type":"operationStart","subtype":"engine","name":"handlebars","timestamp":1699009511371,"id":"an9jey81jjhwsio","previousEventId":"enxxixz0xr1rsc7","operationId":"ejsvivd9c5ere36","previousOperationId":"kj2a1lybjxynf87"}
{"type":"log","timestamp":1699009511371,"level":"debug","message":"Rendering engine handlebars","meta":{"rootId":"ijasrdeju5uga95","id":"lwxkh1qgy1eo07w"},"id":"0frle57757sfdef","previousOperationId":"ejsvivd9c5ere36"}
{"type":"operationEnd","operationId":"ejsvivd9c5ere36","timestamp":1699009511403,"id":"bc4lgf7ia3eio5d","previousEventId":"an9jey81jjhwsio","previousOperationId":"ejsvivd9c5ere36"}
{"type":"operationStart","subtype":"recipe","name":"html","timestamp":1699009511403,"id":"z7dg8h1homdfyz0","previousEventId":"bc4lgf7ia3eio5d","operationId":"8gosvgng07r16ad","previousOperationId":"ejsvivd9c5ere36"}
{"type":"log","timestamp":1699009511403,"level":"debug","message":"Executing recipe html","meta":{"rootId":"ijasrdeju5uga95","id":"lwxkh1qgy1eo07w"},"id":"i0rqxy5ip5vdtqk","previousOperationId":"8gosvgng07r16ad"}
{"type":"operationEnd","operationId":"8gosvgng07r16ad","timestamp":1699009511403,"id":"0604f7ifm6jcnfk","previousEventId":"z7dg8h1homdfyz0","previousOperationId":"8gosvgng07r16ad"}
{"type":"log","timestamp":1699009511404,"level":"debug","message":"Skipping storing report.","meta":{"rootId":"ijasrdeju5uga95","id":"lwxkh1qgy1eo07w"},"id":"40h6g71zlgl4q31","previousOperationId":"8gosvgng07r16ad"}
{"type":"log","timestamp":1699009511404,"level":"info","message":"Rendering (child) request finished in 60 ms","meta":{"rootId":"ijasrdeju5uga95","id":"lwxkh1qgy1eo07w"},"id":"mqa1e33voykdwnf","previousOperationId":"8gosvgng07r16ad"}
{"type":"operationEnd","subtype":"render","operationId":"kj2a1lybjxynf87","timestamp":1699009511404,"id":"sbkqnzviakxzlod","previousEventId":"0604f7ifm6jcnfk","previousOperationId":"8gosvgng07r16ad"}
{"type":"operationEnd","operationId":"qutz2jlgd6fo4rd","timestamp":1699009511404,"id":"2h92yqzkmclxflw","previousEventId":"akq1d752jlkla6o","previousOperationId":"qutz2jlgd6fo4rd"}
{"type":"operationStart","subtype":"recipe","name":"html","timestamp":1699009511404,"id":"wynct5pvh27q0x0","previousEventId":"2h92yqzkmclxflw","operationId":"qok0tt7ulo69d0t","previousOperationId":"qutz2jlgd6fo4rd"}
{"type":"log","timestamp":1699009511404,"level":"debug","message":"Executing recipe html","meta":{"rootId":"ijasrdeju5uga95","id":"ijasrdeju5uga95"},"id":"wkfa9wg3x3y0ice","previousOperationId":"qok0tt7ulo69d0t"}
{"type":"operationEnd","operationId":"qok0tt7ulo69d0t","timestamp":1699009511404,"id":"ko7zcwczp2vidhv","previousEventId":"wynct5pvh27q0x0","previousOperationId":"qok0tt7ulo69d0t"}
{"type":"log","timestamp":1699009511404,"level":"debug","message":"Skipping pdf utils processing because template is rendered with non-pdf recipe.","meta":{"rootId":"ijasrdeju5uga95","id":"ijasrdeju5uga95"},"id":"gvv4mkdbr21ialk","previousOperationId":"qok0tt7ulo69d0t"}
{"type":"log","timestamp":1699009511404,"level":"debug","message":"Skipping storing report.","meta":{"rootId":"ijasrdeju5uga95","id":"ijasrdeju5uga95"},"id":"fqvj2cl5gxh6dp3","previousOperationId":"qok0tt7ulo69d0t"}
{"type":"log","timestamp":1699009511404,"level":"info","message":"Rendering request 240 finished in 60 ms","meta":{"rootId":"ijasrdeju5uga95","id":"ijasrdeju5uga95"},"id":"990gmpulq1n06y6","previousOperationId":"qok0tt7ulo69d0t"}
{"type":"operationEnd","subtype":"render","operationId":"jpo63tvebjvbqf8","timestamp":1699009511404,"id":"1t6e67gtimof5xn","previousEventId":"ko7zcwczp2vidhv","previousOperationId":"qok0tt7ulo69d0t"}
{"type":"operationEnd","doDiffs":false,"previousEventId":"l97aws3bg6rf5ol","previousOperationId":"wrn88j339i89fa2","operationId":"wrn88j339i89fa2","timestamp":1699009511421,"id":"gygwoxceyp4qiaf"}
