{"type":"operationStart","subtype":"profile","data":{"_id":"fB5Om57HsfGFqBos","timestamp":"2023-11-01T14:30:25.602Z","state":"queued","mode":"standard","creationDate":"2023-11-01T14:30:25.603Z","modificationDate":"2023-11-01T14:30:25.603Z","shortid":"GpyimRj","$entitySet":"profiles"},"doDiffs":false,"timestamp":1698849025603,"id":"izeuarr3ros3cyu","previousOperationId":null,"operationId":"8pxi4orxj9hi58m"}
{"type":"log","level":"info","message":"Render request 9 queued for execution and waiting for available worker","previousOperationId":"8pxi4orxj9hi58m","timestamp":1698849025603,"id":"hbhnk0vjqz9tkpr"}
{"type":"operationStart","subtype":"render","name":"main","previousOperationId":"8pxi4orxj9hi58m","timestamp":1698849025614,"id":"tqx1n15qabprvdz","previousEventId":"izeuarr3ros3cyu","operationId":"wooz5lhpqyustiy"}
{"type":"log","timestamp":1698849025614,"level":"info","message":"Starting rendering request 9","meta":{"rootId":"ioeqrl4rx5umhrm","id":"ioeqrl4rx5umhrm"},"id":"pqyqb6ewig3ao0n","previousOperationId":"wooz5lhpqyustiy"}
{"type":"log","timestamp":1698849025614,"level":"info","message":"Rendering template { name: main, recipe: chrome-pdf, engine: handlebars, preview: true }","meta":{"rootId":"ioeqrl4rx5umhrm","id":"ioeqrl4rx5umhrm"},"id":"tu0yv3bo16mnajj","previousOperationId":"wooz5lhpqyustiy"}
{"type":"log","timestamp":1698849025615,"level":"debug","message":"Data item not defined for this template.","meta":{"rootId":"ioeqrl4rx5umhrm","id":"ioeqrl4rx5umhrm"},"id":"iqiekqjcfz6593n","previousOperationId":"wooz5lhpqyustiy"}
{"type":"log","timestamp":1698849025616,"level":"debug","message":"Base url not specified, skipping its injection.","meta":{"rootId":"ioeqrl4rx5umhrm","id":"ioeqrl4rx5umhrm"},"id":"szvgr3z7dyoi0sc","previousOperationId":"wooz5lhpqyustiy"}
{"type":"operationStart","subtype":"engine","name":"handlebars","timestamp":1698849025617,"id":"u07lzdnvaut4r3t","previousEventId":"tqx1n15qabprvdz","operationId":"a9kvie1dmnjr543","previousOperationId":"wooz5lhpqyustiy"}
{"type":"log","timestamp":1698849025617,"level":"debug","message":"Rendering engine handlebars","meta":{"rootId":"ioeqrl4rx5umhrm","id":"ioeqrl4rx5umhrm"},"id":"y8fttd5jz2flve2","previousOperationId":"a9kvie1dmnjr543"}
{"type":"operationEnd","operationId":"a9kvie1dmnjr543","timestamp":1698849025636,"id":"b8kbhoz2er9b0r6","previousEventId":"u07lzdnvaut4r3t","previousOperationId":"a9kvie1dmnjr543"}
{"type":"operationStart","subtype":"recipe","name":"chrome-pdf","timestamp":1698849025636,"id":"nmaxp6vv4pxmeyg","previousEventId":"b8kbhoz2er9b0r6","operationId":"eam1w5b5es1zqev","previousOperationId":"a9kvie1dmnjr543"}
{"type":"log","timestamp":1698849025636,"level":"debug","message":"Executing recipe chrome-pdf","meta":{"rootId":"ioeqrl4rx5umhrm","id":"ioeqrl4rx5umhrm"},"id":"i6mj1abaem1f5vo","previousOperationId":"eam1w5b5es1zqev"}
{"type":"log","timestamp":1698849025642,"level":"debug","message":"Converting with chrome HeadlessChrome/117.0.5938.149 using chrome-pool strategy","meta":{"rootId":"ioeqrl4rx5umhrm","id":"ioeqrl4rx5umhrm"},"id":"9ja320700m838f0","previousOperationId":"eam1w5b5es1zqev"}
{"type":"log","timestamp":1698849025748,"level":"debug","message":"Page request: GET (document) file:///C:/Users/OGNJEN~1/AppData/Local/Temp/jsreport/autocleanup/6caa14c7-9f19-4629-8cfe-73a1abbc5d26-chrome-pdf.html","meta":{"rootId":"ioeqrl4rx5umhrm","id":"ioeqrl4rx5umhrm"},"id":"gk6r2ryb5jcbokn","previousOperationId":"eam1w5b5es1zqev"}
{"type":"log","timestamp":1698849025755,"level":"debug","message":"Page request finished: GET (document) 200 file:///C:/Users/OGNJEN~1/AppData/Local/Temp/jsreport/autocleanup/6caa14c7-9f19-4629-8cfe-73a1abbc5d26-chrome-pdf.html","meta":{"rootId":"ioeqrl4rx5umhrm","id":"ioeqrl4rx5umhrm"},"id":"4fy3wq1d29n0tcz","previousOperationId":"eam1w5b5es1zqev"}
{"type":"log","timestamp":1698849025756,"level":"debug","message":"Page request: GET (stylesheet) https://cdn.jsdelivr.net/npm/tailwindcss@2.2.19/dist/tailwind.min.css","meta":{"rootId":"ioeqrl4rx5umhrm","id":"ioeqrl4rx5umhrm"},"id":"xtchl1x5iwtboog","previousOperationId":"eam1w5b5es1zqev"}
{"type":"log","timestamp":1698849025757,"level":"debug","message":"Page request: GET (stylesheet) https://cdnjs.cloudflare.com/ajax/libs/font-awesome/6.0.0-beta3/css/all.min.css","meta":{"rootId":"ioeqrl4rx5umhrm","id":"ioeqrl4rx5umhrm"},"id":"2u2ox8721obj7w6","previousOperationId":"eam1w5b5es1zqev"}
{"type":"log","timestamp":1698849025765,"level":"debug","message":"Page request finished: GET (stylesheet) 200 https://cdnjs.cloudflare.com/ajax/libs/font-awesome/6.0.0-beta3/css/all.min.css","meta":{"rootId":"ioeqrl4rx5umhrm","id":"ioeqrl4rx5umhrm"},"id":"msy8z8yjurvgpev","previousOperationId":"eam1w5b5es1zqev"}
{"type":"log","timestamp":1698849025828,"level":"debug","message":"Page request finished: GET (stylesheet) 200 https://cdn.jsdelivr.net/npm/tailwindcss@2.2.19/dist/tailwind.min.css","meta":{"rootId":"ioeqrl4rx5umhrm","id":"ioeqrl4rx5umhrm"},"id":"onp28nvr6pkpf0o","previousOperationId":"eam1w5b5es1zqev"}
{"type":"log","timestamp":1698849025873,"level":"debug","message":"Page request: GET (font) https://cdnjs.cloudflare.com/ajax/libs/font-awesome/6.0.0-beta3/webfonts/fa-solid-900.woff2","meta":{"rootId":"ioeqrl4rx5umhrm","id":"ioeqrl4rx5umhrm"},"id":"wnqyy4rcq7u7gde","previousOperationId":"eam1w5b5es1zqev"}
{"type":"log","timestamp":1698849025875,"level":"debug","message":"Page request: GET (font) https://cdnjs.cloudflare.com/ajax/libs/font-awesome/6.0.0-beta3/webfonts/fa-regular-400.woff2","meta":{"rootId":"ioeqrl4rx5umhrm","id":"ioeqrl4rx5umhrm"},"id":"z9garae0r1z6x3i","previousOperationId":"eam1w5b5es1zqev"}
{"type":"log","timestamp":1698849025877,"level":"debug","message":"Running chrome with params {\"printBackground\":true,\"timeout\":59961,\"margin\":{}}","meta":{"rootId":"ioeqrl4rx5umhrm","id":"ioeqrl4rx5umhrm"},"id":"8bfsm3vnsw825kn","previousOperationId":"eam1w5b5es1zqev"}
{"type":"log","timestamp":1698849025878,"level":"debug","message":"Page request: GET (font) https://cdnjs.cloudflare.com/ajax/libs/font-awesome/6.0.0-beta3/webfonts/fa-regular-400.woff2","meta":{"rootId":"ioeqrl4rx5umhrm","id":"ioeqrl4rx5umhrm"},"id":"vm1shvujural0qg","previousOperationId":"eam1w5b5es1zqev"}
{"type":"operationEnd","operationId":"eam1w5b5es1zqev","timestamp":1698849025916,"id":"u08o1wdrx728y06","previousEventId":"nmaxp6vv4pxmeyg","previousOperationId":"eam1w5b5es1zqev"}
{"type":"log","timestamp":1698849025916,"level":"debug","message":"Skipping storing report.","meta":{"rootId":"ioeqrl4rx5umhrm","id":"ioeqrl4rx5umhrm"},"id":"te63nfnxojial0s","previousOperationId":"eam1w5b5es1zqev"}
{"type":"log","timestamp":1698849025916,"level":"info","message":"Rendering request 9 finished in 315 ms","meta":{"rootId":"ioeqrl4rx5umhrm","id":"ioeqrl4rx5umhrm"},"id":"p0jk335g5sdp5od","previousOperationId":"eam1w5b5es1zqev"}
{"type":"operationEnd","subtype":"render","operationId":"wooz5lhpqyustiy","timestamp":1698849025916,"id":"atospzwlt58hnyn","previousEventId":"u08o1wdrx728y06","previousOperationId":"eam1w5b5es1zqev"}
{"type":"operationEnd","doDiffs":false,"previousEventId":"izeuarr3ros3cyu","previousOperationId":"8pxi4orxj9hi58m","operationId":"8pxi4orxj9hi58m","timestamp":1698849025929,"id":"2fywsomlozxhxoo"}
