{"type":"operationStart","subtype":"profile","data":{"_id":"aJLZsoeeHwLFslJF","timestamp":"2023-11-01T14:26:23.971Z","state":"queued","mode":"standard","creationDate":"2023-11-01T14:26:23.973Z","modificationDate":"2023-11-01T14:26:23.973Z","shortid":"fFY3yjW","$entitySet":"profiles"},"doDiffs":false,"timestamp":1698848783972,"id":"x6gks8vv701142z","previousOperationId":null,"operationId":"pi090j5zn3fjv0v"}
{"type":"log","level":"info","message":"Render request 4 queued for execution and waiting for available worker","previousOperationId":"pi090j5zn3fjv0v","timestamp":1698848783972,"id":"xgqhfew0pyhfhdq"}
{"type":"operationStart","subtype":"render","name":"main","previousOperationId":"pi090j5zn3fjv0v","timestamp":1698848783991,"id":"11y5hajqikhvy02","previousEventId":"x6gks8vv701142z","operationId":"ciweofdjjg6n239"}
{"type":"log","timestamp":1698848783992,"level":"info","message":"Starting rendering request 4","meta":{"rootId":"jh8tez6jo9sxpko","id":"jh8tez6jo9sxpko"},"id":"g29aapwahcjc0s9","previousOperationId":"ciweofdjjg6n239"}
{"type":"log","timestamp":1698848783993,"level":"info","message":"Rendering template { name: main, recipe: chrome-pdf, engine: handlebars, preview: true }","meta":{"rootId":"jh8tez6jo9sxpko","id":"jh8tez6jo9sxpko"},"id":"g74jat9mzy9tuzi","previousOperationId":"ciweofdjjg6n239"}
{"type":"log","timestamp":1698848783994,"level":"debug","message":"Data item not defined for this template.","meta":{"rootId":"jh8tez6jo9sxpko","id":"jh8tez6jo9sxpko"},"id":"yh6jklpia0c4qc4","previousOperationId":"ciweofdjjg6n239"}
{"type":"log","timestamp":1698848783996,"level":"debug","message":"Base url not specified, skipping its injection.","meta":{"rootId":"jh8tez6jo9sxpko","id":"jh8tez6jo9sxpko"},"id":"1abujdpyk2pzl3f","previousOperationId":"ciweofdjjg6n239"}
{"type":"operationStart","subtype":"engine","name":"handlebars","timestamp":1698848783997,"id":"e8r852y3hp85wsk","previousEventId":"11y5hajqikhvy02","operationId":"2otsl4cu2hy9zu5","previousOperationId":"ciweofdjjg6n239"}
{"type":"log","timestamp":1698848783997,"level":"debug","message":"Rendering engine handlebars","meta":{"rootId":"jh8tez6jo9sxpko","id":"jh8tez6jo9sxpko"},"id":"vc2wjy3p7pcqh6j","previousOperationId":"2otsl4cu2hy9zu5"}
{"type":"operationEnd","operationId":"2otsl4cu2hy9zu5","timestamp":1698848784029,"id":"zlx994excxvzgyf","previousEventId":"e8r852y3hp85wsk","previousOperationId":"2otsl4cu2hy9zu5"}
{"type":"operationStart","subtype":"recipe","name":"chrome-pdf","timestamp":1698848784030,"id":"628fymrtas5mcjr","previousEventId":"zlx994excxvzgyf","operationId":"r1o4ip5ezoj5enc","previousOperationId":"2otsl4cu2hy9zu5"}
{"type":"log","timestamp":1698848784030,"level":"debug","message":"Executing recipe chrome-pdf","meta":{"rootId":"jh8tez6jo9sxpko","id":"jh8tez6jo9sxpko"},"id":"064lut1o26fr7v9","previousOperationId":"r1o4ip5ezoj5enc"}
{"type":"log","timestamp":1698848784036,"level":"debug","message":"Converting with chrome HeadlessChrome/117.0.5938.149 using chrome-pool strategy","meta":{"rootId":"jh8tez6jo9sxpko","id":"jh8tez6jo9sxpko"},"id":"pnmj5z52zcf6f6d","previousOperationId":"r1o4ip5ezoj5enc"}
{"type":"log","timestamp":1698848784142,"level":"debug","message":"Page request: GET (document) file:///C:/Users/OGNJEN~1/AppData/Local/Temp/jsreport/autocleanup/7b73cf40-0495-4e74-89a6-7eab1d2c5bfb-chrome-pdf.html","meta":{"rootId":"jh8tez6jo9sxpko","id":"jh8tez6jo9sxpko"},"id":"2hkjkwcghy4s24x","previousOperationId":"r1o4ip5ezoj5enc"}
{"type":"log","timestamp":1698848784149,"level":"debug","message":"Page request: GET (stylesheet) https://cdn.jsdelivr.net/npm/tailwindcss@2.2.19/dist/tailwind.min.css","meta":{"rootId":"jh8tez6jo9sxpko","id":"jh8tez6jo9sxpko"},"id":"vax6rv6o70mqt5u","previousOperationId":"r1o4ip5ezoj5enc"}
{"type":"log","timestamp":1698848784149,"level":"debug","message":"Page request: GET (stylesheet) https://cdnjs.cloudflare.com/ajax/libs/font-awesome/6.0.0-beta3/css/all.min.css","meta":{"rootId":"jh8tez6jo9sxpko","id":"jh8tez6jo9sxpko"},"id":"ahiuy1wafqipx2g","previousOperationId":"r1o4ip5ezoj5enc"}
{"type":"log","timestamp":1698848784149,"level":"debug","message":"Page request finished: GET (document) 200 file:///C:/Users/OGNJEN~1/AppData/Local/Temp/jsreport/autocleanup/7b73cf40-0495-4e74-89a6-7eab1d2c5bfb-chrome-pdf.html","meta":{"rootId":"jh8tez6jo9sxpko","id":"jh8tez6jo9sxpko"},"id":"zxm68n0x5culj8x","previousOperationId":"r1o4ip5ezoj5enc"}
{"type":"log","timestamp":1698848784155,"level":"debug","message":"Page request finished: GET (stylesheet) 200 https://cdnjs.cloudflare.com/ajax/libs/font-awesome/6.0.0-beta3/css/all.min.css","meta":{"rootId":"jh8tez6jo9sxpko","id":"jh8tez6jo9sxpko"},"id":"bz6rrw1hq7gdwum","previousOperationId":"r1o4ip5ezoj5enc"}
{"type":"log","timestamp":1698848784215,"level":"debug","message":"Page request finished: GET (stylesheet) 200 https://cdn.jsdelivr.net/npm/tailwindcss@2.2.19/dist/tailwind.min.css","meta":{"rootId":"jh8tez6jo9sxpko","id":"jh8tez6jo9sxpko"},"id":"99mc4rkyy00ct1c","previousOperationId":"r1o4ip5ezoj5enc"}
{"type":"log","timestamp":1698848784248,"level":"debug","message":"Page request: GET (font) https://cdnjs.cloudflare.com/ajax/libs/font-awesome/6.0.0-beta3/webfonts/fa-solid-900.woff2","meta":{"rootId":"jh8tez6jo9sxpko","id":"jh8tez6jo9sxpko"},"id":"0vso9ny7y4bbjnk","previousOperationId":"r1o4ip5ezoj5enc"}
{"type":"log","timestamp":1698848784249,"level":"debug","message":"Running chrome with params {\"printBackground\":true,\"timeout\":59938,\"margin\":{}}","meta":{"rootId":"jh8tez6jo9sxpko","id":"jh8tez6jo9sxpko"},"id":"zy1wh4v6pgac3zu","previousOperationId":"r1o4ip5ezoj5enc"}
{"type":"operationEnd","operationId":"r1o4ip5ezoj5enc","timestamp":1698848784285,"id":"9p8yz7em4bpjuaz","previousEventId":"628fymrtas5mcjr","previousOperationId":"r1o4ip5ezoj5enc"}
{"type":"log","timestamp":1698848784285,"level":"debug","message":"Skipping storing report.","meta":{"rootId":"jh8tez6jo9sxpko","id":"jh8tez6jo9sxpko"},"id":"muaej9b6m40erg4","previousOperationId":"r1o4ip5ezoj5enc"}
{"type":"log","timestamp":1698848784285,"level":"info","message":"Rendering request 4 finished in 314 ms","meta":{"rootId":"jh8tez6jo9sxpko","id":"jh8tez6jo9sxpko"},"id":"ufjemgko9vt1kej","previousOperationId":"r1o4ip5ezoj5enc"}
{"type":"operationEnd","subtype":"render","operationId":"ciweofdjjg6n239","timestamp":1698848784285,"id":"1eqbrvxm0d9jc1k","previousEventId":"9p8yz7em4bpjuaz","previousOperationId":"r1o4ip5ezoj5enc"}
{"type":"operationEnd","doDiffs":false,"previousEventId":"x6gks8vv701142z","previousOperationId":"pi090j5zn3fjv0v","operationId":"pi090j5zn3fjv0v","timestamp":1698848784295,"id":"kov8nlxkk5mxtbn"}
