{"type":"operationStart","subtype":"profile","data":{"_id":"q0yHAnvcmvAI31GZ","timestamp":"2023-11-01T14:26:12.395Z","state":"queued","mode":"standard","creationDate":"2023-11-01T14:26:12.397Z","modificationDate":"2023-11-01T14:26:12.397Z","shortid":"Gk7PzBl","$entitySet":"profiles"},"doDiffs":false,"timestamp":1698848772396,"id":"l6pyv8lgmvotmg8","previousOperationId":null,"operationId":"xhuhvtjhk7pf6a1"}
{"type":"log","level":"info","message":"Render request 3 queued for execution and waiting for available worker","previousOperationId":"xhuhvtjhk7pf6a1","timestamp":1698848772396,"id":"enhaoazd06raofv"}
{"type":"operationStart","subtype":"render","name":"main","previousOperationId":"xhuhvtjhk7pf6a1","timestamp":1698848772410,"id":"w9bpq3gtgtlt5pt","previousEventId":"l6pyv8lgmvotmg8","operationId":"y2cbf24u79nxp35"}
{"type":"log","timestamp":1698848772411,"level":"info","message":"Starting rendering request 3","meta":{"rootId":"jm59m5z4szrihe6","id":"jm59m5z4szrihe6"},"id":"zwk80c1cxml3pm2","previousOperationId":"y2cbf24u79nxp35"}
{"type":"log","timestamp":1698848772413,"level":"info","message":"Rendering template { name: main, recipe: chrome-pdf, engine: handlebars, preview: true }","meta":{"rootId":"jm59m5z4szrihe6","id":"jm59m5z4szrihe6"},"id":"awjgjqnq3igpm9b","previousOperationId":"y2cbf24u79nxp35"}
{"type":"log","timestamp":1698848772413,"level":"debug","message":"Data item not defined for this template.","meta":{"rootId":"jm59m5z4szrihe6","id":"jm59m5z4szrihe6"},"id":"9udeahdcznz8rn4","previousOperationId":"y2cbf24u79nxp35"}
{"type":"log","timestamp":1698848772416,"level":"debug","message":"Base url not specified, skipping its injection.","meta":{"rootId":"jm59m5z4szrihe6","id":"jm59m5z4szrihe6"},"id":"ha1hu7vqcgzs1ac","previousOperationId":"y2cbf24u79nxp35"}
{"type":"operationStart","subtype":"engine","name":"handlebars","timestamp":1698848772416,"id":"1y9uooru5wzf45l","previousEventId":"w9bpq3gtgtlt5pt","operationId":"b6wfh05n4hj0wzf","previousOperationId":"y2cbf24u79nxp35"}
{"type":"log","timestamp":1698848772416,"level":"debug","message":"Rendering engine handlebars","meta":{"rootId":"jm59m5z4szrihe6","id":"jm59m5z4szrihe6"},"id":"x1joctpnxp72k2l","previousOperationId":"b6wfh05n4hj0wzf"}
{"type":"operationEnd","operationId":"b6wfh05n4hj0wzf","timestamp":1698848772455,"id":"yw2hwddnwm2340h","previousEventId":"1y9uooru5wzf45l","previousOperationId":"b6wfh05n4hj0wzf"}
{"type":"operationStart","subtype":"recipe","name":"chrome-pdf","timestamp":1698848772455,"id":"ktu45drbu8iakga","previousEventId":"yw2hwddnwm2340h","operationId":"upofdjc8qdrtoyd","previousOperationId":"b6wfh05n4hj0wzf"}
{"type":"log","timestamp":1698848772455,"level":"debug","message":"Executing recipe chrome-pdf","meta":{"rootId":"jm59m5z4szrihe6","id":"jm59m5z4szrihe6"},"id":"ez5i2gz9880cn8s","previousOperationId":"upofdjc8qdrtoyd"}
{"type":"log","timestamp":1698848772460,"level":"debug","message":"Converting with chrome HeadlessChrome/117.0.5938.149 using chrome-pool strategy","meta":{"rootId":"jm59m5z4szrihe6","id":"jm59m5z4szrihe6"},"id":"7hvw00m973jjere","previousOperationId":"upofdjc8qdrtoyd"}
{"type":"log","timestamp":1698848772576,"level":"debug","message":"Page request: GET (document) file:///C:/Users/OGNJEN~1/AppData/Local/Temp/jsreport/autocleanup/71ede345-02d0-43a9-af26-671c53d1ef68-chrome-pdf.html","meta":{"rootId":"jm59m5z4szrihe6","id":"jm59m5z4szrihe6"},"id":"ig2gnz1q1wmfhtp","previousOperationId":"upofdjc8qdrtoyd"}
{"type":"log","timestamp":1698848772584,"level":"debug","message":"Page request: GET (stylesheet) https://cdn.jsdelivr.net/npm/tailwindcss@2.2.19/dist/tailwind.min.css","meta":{"rootId":"jm59m5z4szrihe6","id":"jm59m5z4szrihe6"},"id":"xfooi55ub5943eh","previousOperationId":"upofdjc8qdrtoyd"}
{"type":"log","timestamp":1698848772585,"level":"debug","message":"Page request: GET (stylesheet) https://cdnjs.cloudflare.com/ajax/libs/font-awesome/6.0.0-beta3/css/all.min.css","meta":{"rootId":"jm59m5z4szrihe6","id":"jm59m5z4szrihe6"},"id":"ykzhd6h5yptbgqt","previousOperationId":"upofdjc8qdrtoyd"}
{"type":"log","timestamp":1698848772585,"level":"debug","message":"Page request finished: GET (document) 200 file:///C:/Users/OGNJEN~1/AppData/Local/Temp/jsreport/autocleanup/71ede345-02d0-43a9-af26-671c53d1ef68-chrome-pdf.html","meta":{"rootId":"jm59m5z4szrihe6","id":"jm59m5z4szrihe6"},"id":"hcr5o1gyk698g0e","previousOperationId":"upofdjc8qdrtoyd"}
{"type":"log","timestamp":1698848772590,"level":"debug","message":"Page request finished: GET (stylesheet) 200 https://cdnjs.cloudflare.com/ajax/libs/font-awesome/6.0.0-beta3/css/all.min.css","meta":{"rootId":"jm59m5z4szrihe6","id":"jm59m5z4szrihe6"},"id":"oxpbvav80wlhiyf","previousOperationId":"upofdjc8qdrtoyd"}
{"type":"log","timestamp":1698848772649,"level":"debug","message":"Page request finished: GET (stylesheet) 200 https://cdn.jsdelivr.net/npm/tailwindcss@2.2.19/dist/tailwind.min.css","meta":{"rootId":"jm59m5z4szrihe6","id":"jm59m5z4szrihe6"},"id":"0qawbv1ch2ec1rx","previousOperationId":"upofdjc8qdrtoyd"}
{"type":"log","timestamp":1698848772677,"level":"debug","message":"Page request: GET (font) https://cdnjs.cloudflare.com/ajax/libs/font-awesome/6.0.0-beta3/webfonts/fa-solid-900.woff2","meta":{"rootId":"jm59m5z4szrihe6","id":"jm59m5z4szrihe6"},"id":"jdrrlbnu85bbz59","previousOperationId":"upofdjc8qdrtoyd"}
{"type":"log","timestamp":1698848772679,"level":"debug","message":"Running chrome with params {\"printBackground\":true,\"timeout\":59938,\"margin\":{}}","meta":{"rootId":"jm59m5z4szrihe6","id":"jm59m5z4szrihe6"},"id":"p2i3grb5zoubcgk","previousOperationId":"upofdjc8qdrtoyd"}
{"type":"operationEnd","operationId":"upofdjc8qdrtoyd","timestamp":1698848772724,"id":"d5tolb7bhfchntp","previousEventId":"ktu45drbu8iakga","previousOperationId":"upofdjc8qdrtoyd"}
{"type":"log","timestamp":1698848772724,"level":"debug","message":"Skipping storing report.","meta":{"rootId":"jm59m5z4szrihe6","id":"jm59m5z4szrihe6"},"id":"47pwtyyo5fq9ccc","previousOperationId":"upofdjc8qdrtoyd"}
{"type":"log","timestamp":1698848772724,"level":"info","message":"Rendering request 3 finished in 329 ms","meta":{"rootId":"jm59m5z4szrihe6","id":"jm59m5z4szrihe6"},"id":"dsboghkwr7z2x8f","previousOperationId":"upofdjc8qdrtoyd"}
{"type":"operationEnd","subtype":"render","operationId":"y2cbf24u79nxp35","timestamp":1698848772724,"id":"gl2is9rvzz2eegh","previousEventId":"d5tolb7bhfchntp","previousOperationId":"upofdjc8qdrtoyd"}
{"type":"operationEnd","doDiffs":false,"previousEventId":"l6pyv8lgmvotmg8","previousOperationId":"xhuhvtjhk7pf6a1","operationId":"xhuhvtjhk7pf6a1","timestamp":1698848772743,"id":"ww6tco5cix1ko3i"}
