{"type":"operationStart","subtype":"profile","data":{"_id":"zcTzRT0nSs3FHrRh","timestamp":"2023-11-03T11:13:16.842Z","state":"queued","mode":"standard","creationDate":"2023-11-03T11:13:16.843Z","modificationDate":"2023-11-03T11:13:16.843Z","shortid":"keqUqWc","$entitySet":"profiles"},"doDiffs":false,"timestamp":1699009996843,"id":"uc5tgu0ndxv3hxz","previousOperationId":null,"operationId":"8mf1cz6dz7lg5za"}
{"type":"log","level":"info","message":"Render request 255 queued for execution and waiting for available worker","previousOperationId":"8mf1cz6dz7lg5za","timestamp":1699009996843,"id":"wgvtttca5e5d16f"}
{"type":"operationStart","subtype":"render","name":"main","previousOperationId":"8mf1cz6dz7lg5za","timestamp":1699009996851,"id":"he15lnf10yl3372","previousEventId":"uc5tgu0ndxv3hxz","operationId":"n55sxx0ead5q9v8"}
{"type":"log","timestamp":1699009996851,"level":"info","message":"Starting rendering request 255","meta":{"rootId":"pk479okaqjhd0of","id":"pk479okaqjhd0of"},"id":"4w59m4kke21i3bb","previousOperationId":"n55sxx0ead5q9v8"}
{"type":"log","timestamp":1699009996851,"level":"info","message":"Rendering template { name: main, recipe: html, engine: handlebars, preview: true }","meta":{"rootId":"pk479okaqjhd0of","id":"pk479okaqjhd0of"},"id":"kk3epq36pv89mkv","previousOperationId":"n55sxx0ead5q9v8"}
{"type":"log","timestamp":1699009996853,"level":"debug","message":"Adding sample data xOo8CoQnV","meta":{"rootId":"pk479okaqjhd0of","id":"pk479okaqjhd0of"},"id":"qw2qj0tdb1iqi4x","previousOperationId":"n55sxx0ead5q9v8"}
{"type":"log","timestamp":1699009996854,"level":"debug","message":"Base url not specified, skipping its injection.","meta":{"rootId":"pk479okaqjhd0of","id":"pk479okaqjhd0of"},"id":"243vuelk7q5f23m","previousOperationId":"n55sxx0ead5q9v8"}
{"type":"operationStart","subtype":"engine","name":"handlebars","timestamp":1699009996854,"id":"4n3nedcui1n1tsg","previousEventId":"he15lnf10yl3372","operationId":"scz6o0iy0uvryx2","previousOperationId":"n55sxx0ead5q9v8"}
{"type":"log","timestamp":1699009996854,"level":"debug","message":"Rendering engine handlebars","meta":{"rootId":"pk479okaqjhd0of","id":"pk479okaqjhd0of"},"id":"c7xo37vdm7lapso","previousOperationId":"scz6o0iy0uvryx2"}
{"type":"operationStart","subtype":"render","name":"proposed-portfolio","previousOperationId":"scz6o0iy0uvryx2","timestamp":1699009996863,"id":"swdkquxpm7mucq5","previousEventId":"4n3nedcui1n1tsg","operationId":"xny6m2ve467uwkz"}
{"type":"log","timestamp":1699009996863,"level":"info","message":"Starting rendering (child) request","meta":{"rootId":"pk479okaqjhd0of","id":"mhcop65yqeqt85t"},"id":"8m0r1wn117ykqy9","previousOperationId":"xny6m2ve467uwkz"}
{"type":"log","timestamp":1699009996863,"level":"info","message":"Rendering template { name: proposed-portfolio, recipe: html, engine: handlebars, preview: true }","meta":{"rootId":"pk479okaqjhd0of","id":"mhcop65yqeqt85t"},"id":"f4nrdjg9l5cg0co","previousOperationId":"xny6m2ve467uwkz"}
{"type":"log","timestamp":1699009996864,"level":"debug","message":"Inline data specified.","meta":{"rootId":"pk479okaqjhd0of","id":"mhcop65yqeqt85t"},"id":"xepfcb8y3u361p0","previousOperationId":"xny6m2ve467uwkz"}
{"type":"log","timestamp":1699009996865,"level":"debug","message":"Base url not specified, skipping its injection.","meta":{"rootId":"pk479okaqjhd0of","id":"mhcop65yqeqt85t"},"id":"vv6ig8agtvsa19y","previousOperationId":"xny6m2ve467uwkz"}
{"type":"operationStart","subtype":"engine","name":"handlebars","timestamp":1699009996866,"id":"oiq88u0nx5pnlz5","previousEventId":"swdkquxpm7mucq5","operationId":"1w952h4cxqmdfyy","previousOperationId":"xny6m2ve467uwkz"}
{"type":"log","timestamp":1699009996866,"level":"debug","message":"Rendering engine handlebars","meta":{"rootId":"pk479okaqjhd0of","id":"mhcop65yqeqt85t"},"id":"p1g8rk5plpa7g0p","previousOperationId":"1w952h4cxqmdfyy"}
{"type":"operationEnd","operationId":"1w952h4cxqmdfyy","timestamp":1699009996889,"id":"zfo2r17ifb8ncck","previousEventId":"oiq88u0nx5pnlz5","previousOperationId":"1w952h4cxqmdfyy"}
{"type":"operationStart","subtype":"recipe","name":"html","timestamp":1699009996889,"id":"s0ptgvj0qcnkks6","previousEventId":"zfo2r17ifb8ncck","operationId":"mnenbq1trtqpeus","previousOperationId":"1w952h4cxqmdfyy"}
{"type":"log","timestamp":1699009996889,"level":"debug","message":"Executing recipe html","meta":{"rootId":"pk479okaqjhd0of","id":"mhcop65yqeqt85t"},"id":"hg8n2yhy00k8pey","previousOperationId":"mnenbq1trtqpeus"}
{"type":"operationEnd","operationId":"mnenbq1trtqpeus","timestamp":1699009996889,"id":"uyytm7zlvn1602k","previousEventId":"s0ptgvj0qcnkks6","previousOperationId":"mnenbq1trtqpeus"}
{"type":"log","timestamp":1699009996889,"level":"debug","message":"Skipping storing report.","meta":{"rootId":"pk479okaqjhd0of","id":"mhcop65yqeqt85t"},"id":"xl0l2hl6t1ryqf0","previousOperationId":"mnenbq1trtqpeus"}
{"type":"log","timestamp":1699009996890,"level":"info","message":"Rendering (child) request finished in 49 ms","meta":{"rootId":"pk479okaqjhd0of","id":"mhcop65yqeqt85t"},"id":"bgqozjm95dlldvk","previousOperationId":"mnenbq1trtqpeus"}
{"type":"operationEnd","subtype":"render","operationId":"xny6m2ve467uwkz","timestamp":1699009996891,"id":"954u0mi68rqb88d","previousEventId":"uyytm7zlvn1602k","previousOperationId":"mnenbq1trtqpeus"}
{"type":"operationEnd","operationId":"scz6o0iy0uvryx2","timestamp":1699009996892,"id":"1lrf3i6naeofjhw","previousEventId":"4n3nedcui1n1tsg","previousOperationId":"scz6o0iy0uvryx2"}
{"type":"operationStart","subtype":"recipe","name":"html","timestamp":1699009996892,"id":"z7y8csdgpi3iv8w","previousEventId":"1lrf3i6naeofjhw","operationId":"3rdpo3dt1sjxqe0","previousOperationId":"scz6o0iy0uvryx2"}
{"type":"log","timestamp":1699009996892,"level":"debug","message":"Executing recipe html","meta":{"rootId":"pk479okaqjhd0of","id":"pk479okaqjhd0of"},"id":"mzvkw56zb80mqcv","previousOperationId":"3rdpo3dt1sjxqe0"}
{"type":"operationEnd","operationId":"3rdpo3dt1sjxqe0","timestamp":1699009996892,"id":"8rvp5j46dsi3a5a","previousEventId":"z7y8csdgpi3iv8w","previousOperationId":"3rdpo3dt1sjxqe0"}
{"type":"log","timestamp":1699009996892,"level":"debug","message":"Skipping pdf utils processing because template is rendered with non-pdf recipe.","meta":{"rootId":"pk479okaqjhd0of","id":"pk479okaqjhd0of"},"id":"fhgv1vco55vty0h","previousOperationId":"3rdpo3dt1sjxqe0"}
{"type":"log","timestamp":1699009996892,"level":"debug","message":"Skipping storing report.","meta":{"rootId":"pk479okaqjhd0of","id":"pk479okaqjhd0of"},"id":"htj7kin4becan5z","previousOperationId":"3rdpo3dt1sjxqe0"}
{"type":"log","timestamp":1699009996892,"level":"info","message":"Rendering request 255 finished in 51 ms","meta":{"rootId":"pk479okaqjhd0of","id":"pk479okaqjhd0of"},"id":"q1j86tjavs87v18","previousOperationId":"3rdpo3dt1sjxqe0"}
{"type":"operationEnd","subtype":"render","operationId":"n55sxx0ead5q9v8","timestamp":1699009996892,"id":"805bzkz8xrzz4hu","previousEventId":"8rvp5j46dsi3a5a","previousOperationId":"3rdpo3dt1sjxqe0"}
{"type":"operationEnd","doDiffs":false,"previousEventId":"uc5tgu0ndxv3hxz","previousOperationId":"8mf1cz6dz7lg5za","operationId":"8mf1cz6dz7lg5za","timestamp":1699009996955,"id":"ldm6fj6n262vpuz"}
