{"type":"operationStart","subtype":"profile","data":{"_id":"mrGaSe1g4XwCKn6J","timestamp":"2023-11-01T14:30:51.884Z","state":"queued","mode":"standard","creationDate":"2023-11-01T14:30:51.886Z","modificationDate":"2023-11-01T14:30:51.886Z","shortid":"ca5LSwd","$entitySet":"profiles"},"doDiffs":false,"timestamp":1698849051885,"id":"dcrm63v8u0dn10x","previousOperationId":null,"operationId":"lvjzirvlq96rdzj"}
{"type":"log","level":"info","message":"Render request 12 queued for execution and waiting for available worker","previousOperationId":"lvjzirvlq96rdzj","timestamp":1698849051885,"id":"dg5mf0wtz11w6ep"}
{"type":"operationStart","subtype":"render","name":"main","previousOperationId":"lvjzirvlq96rdzj","timestamp":1698849051897,"id":"s8vs0j0t89g29h1","previousEventId":"dcrm63v8u0dn10x","operationId":"o3cro7p9w9pqqv7"}
{"type":"log","timestamp":1698849051898,"level":"info","message":"Starting rendering request 12","meta":{"rootId":"pk6q0k77vdhitmb","id":"pk6q0k77vdhitmb"},"id":"epl1uoakmw6czze","previousOperationId":"o3cro7p9w9pqqv7"}
{"type":"log","timestamp":1698849051898,"level":"info","message":"Rendering template { name: main, recipe: chrome-pdf, engine: handlebars, preview: true }","meta":{"rootId":"pk6q0k77vdhitmb","id":"pk6q0k77vdhitmb"},"id":"7y60ra5q6gp5f4b","previousOperationId":"o3cro7p9w9pqqv7"}
{"type":"log","timestamp":1698849051898,"level":"debug","message":"Data item not defined for this template.","meta":{"rootId":"pk6q0k77vdhitmb","id":"pk6q0k77vdhitmb"},"id":"gin8li0or1f9veo","previousOperationId":"o3cro7p9w9pqqv7"}
{"type":"log","timestamp":1698849051911,"level":"debug","message":"Base url not specified, skipping its injection.","meta":{"rootId":"pk6q0k77vdhitmb","id":"pk6q0k77vdhitmb"},"id":"1fjhqotfmpqyzwc","previousOperationId":"o3cro7p9w9pqqv7"}
{"type":"operationStart","subtype":"engine","name":"handlebars","timestamp":1698849051911,"id":"7g9553o5qr02ykb","previousEventId":"s8vs0j0t89g29h1","operationId":"hkcebzs8jwfyku5","previousOperationId":"o3cro7p9w9pqqv7"}
{"type":"log","timestamp":1698849051911,"level":"debug","message":"Rendering engine handlebars","meta":{"rootId":"pk6q0k77vdhitmb","id":"pk6q0k77vdhitmb"},"id":"45y21b82grxrm2c","previousOperationId":"hkcebzs8jwfyku5"}
{"type":"operationEnd","operationId":"hkcebzs8jwfyku5","timestamp":1698849051927,"id":"hmqat4q9feqmbkq","previousEventId":"7g9553o5qr02ykb","previousOperationId":"hkcebzs8jwfyku5"}
{"type":"operationStart","subtype":"recipe","name":"chrome-pdf","timestamp":1698849051928,"id":"axigte1gna3ymfr","previousEventId":"hmqat4q9feqmbkq","operationId":"dw634yl078is5qn","previousOperationId":"hkcebzs8jwfyku5"}
{"type":"log","timestamp":1698849051928,"level":"debug","message":"Executing recipe chrome-pdf","meta":{"rootId":"pk6q0k77vdhitmb","id":"pk6q0k77vdhitmb"},"id":"yphpp3t6gux0go4","previousOperationId":"dw634yl078is5qn"}
{"type":"log","timestamp":1698849051933,"level":"debug","message":"Converting with chrome HeadlessChrome/117.0.5938.149 using chrome-pool strategy","meta":{"rootId":"pk6q0k77vdhitmb","id":"pk6q0k77vdhitmb"},"id":"1hrj4k7ga3nqmpu","previousOperationId":"dw634yl078is5qn"}
{"type":"log","timestamp":1698849052030,"level":"debug","message":"Page request: GET (document) file:///C:/Users/OGNJEN~1/AppData/Local/Temp/jsreport/autocleanup/4d7a9887-70d1-412f-baf5-545f9b66ebfc-chrome-pdf.html","meta":{"rootId":"pk6q0k77vdhitmb","id":"pk6q0k77vdhitmb"},"id":"zrlfb5qistt0d32","previousOperationId":"dw634yl078is5qn"}
{"type":"log","timestamp":1698849052039,"level":"debug","message":"Page request: GET (stylesheet) https://cdn.jsdelivr.net/npm/tailwindcss@2.2.19/dist/tailwind.min.css","meta":{"rootId":"pk6q0k77vdhitmb","id":"pk6q0k77vdhitmb"},"id":"02yyaiz9fcx0ym5","previousOperationId":"dw634yl078is5qn"}
{"type":"log","timestamp":1698849052039,"level":"debug","message":"Page request: GET (stylesheet) https://cdnjs.cloudflare.com/ajax/libs/font-awesome/6.0.0-beta3/css/all.min.css","meta":{"rootId":"pk6q0k77vdhitmb","id":"pk6q0k77vdhitmb"},"id":"a6uqqd9jebs79jk","previousOperationId":"dw634yl078is5qn"}
{"type":"log","timestamp":1698849052040,"level":"debug","message":"Page request finished: GET (document) 200 file:///C:/Users/OGNJEN~1/AppData/Local/Temp/jsreport/autocleanup/4d7a9887-70d1-412f-baf5-545f9b66ebfc-chrome-pdf.html","meta":{"rootId":"pk6q0k77vdhitmb","id":"pk6q0k77vdhitmb"},"id":"75d0a4eii7tdtig","previousOperationId":"dw634yl078is5qn"}
{"type":"log","timestamp":1698849052046,"level":"debug","message":"Page request finished: GET (stylesheet) 200 https://cdnjs.cloudflare.com/ajax/libs/font-awesome/6.0.0-beta3/css/all.min.css","meta":{"rootId":"pk6q0k77vdhitmb","id":"pk6q0k77vdhitmb"},"id":"74yu3yoytolkqov","previousOperationId":"dw634yl078is5qn"}
{"type":"log","timestamp":1698849052113,"level":"debug","message":"Page request finished: GET (stylesheet) 200 https://cdn.jsdelivr.net/npm/tailwindcss@2.2.19/dist/tailwind.min.css","meta":{"rootId":"pk6q0k77vdhitmb","id":"pk6q0k77vdhitmb"},"id":"aopay729uawcbhz","previousOperationId":"dw634yl078is5qn"}
{"type":"log","timestamp":1698849052145,"level":"debug","message":"Page request: GET (font) https://cdnjs.cloudflare.com/ajax/libs/font-awesome/6.0.0-beta3/webfonts/fa-solid-900.woff2","meta":{"rootId":"pk6q0k77vdhitmb","id":"pk6q0k77vdhitmb"},"id":"sw4am20ltgyodsp","previousOperationId":"dw634yl078is5qn"}
{"type":"log","timestamp":1698849052147,"level":"debug","message":"Running chrome with params {\"printBackground\":true,\"timeout\":59952,\"margin\":{}}","meta":{"rootId":"pk6q0k77vdhitmb","id":"pk6q0k77vdhitmb"},"id":"yr77185zv1f70vq","previousOperationId":"dw634yl078is5qn"}
{"type":"operationEnd","operationId":"dw634yl078is5qn","timestamp":1698849052186,"id":"90npgp3srcg87pd","previousEventId":"axigte1gna3ymfr","previousOperationId":"dw634yl078is5qn"}
{"type":"log","timestamp":1698849052186,"level":"debug","message":"Skipping storing report.","meta":{"rootId":"pk6q0k77vdhitmb","id":"pk6q0k77vdhitmb"},"id":"a9ejttxqkotd264","previousOperationId":"dw634yl078is5qn"}
{"type":"log","timestamp":1698849052186,"level":"info","message":"Rendering request 12 finished in 302 ms","meta":{"rootId":"pk6q0k77vdhitmb","id":"pk6q0k77vdhitmb"},"id":"gppzprd1s8fjsj3","previousOperationId":"dw634yl078is5qn"}
{"type":"operationEnd","subtype":"render","operationId":"o3cro7p9w9pqqv7","timestamp":1698849052186,"id":"o3gi5hji9i7lcpa","previousEventId":"90npgp3srcg87pd","previousOperationId":"dw634yl078is5qn"}
{"type":"operationEnd","doDiffs":false,"previousEventId":"dcrm63v8u0dn10x","previousOperationId":"lvjzirvlq96rdzj","operationId":"lvjzirvlq96rdzj","timestamp":1698849052192,"id":"fzlqm5foofvin2j"}
