{"type":"operationStart","subtype":"profile","data":{"_id":"v1KKq09dgDB6LhqY","timestamp":"2023-11-01T14:30:09.847Z","state":"queued","mode":"standard","creationDate":"2023-11-01T14:30:09.849Z","modificationDate":"2023-11-01T14:30:09.849Z","shortid":"TjZMLR7","$entitySet":"profiles"},"doDiffs":false,"timestamp":1698849009848,"id":"1qnwdv6uf2qikxl","previousOperationId":null,"operationId":"v76aodioknbxsbs"}
{"type":"log","level":"info","message":"Render request 8 queued for execution and waiting for available worker","previousOperationId":"v76aodioknbxsbs","timestamp":1698849009848,"id":"6irnsgcaew0pzu4"}
{"type":"operationStart","subtype":"render","name":"main","previousOperationId":"v76aodioknbxsbs","timestamp":1698849009861,"id":"e5vy78kxg4u2ldk","previousEventId":"1qnwdv6uf2qikxl","operationId":"k9i1x4aazxrn1tl"}
{"type":"log","timestamp":1698849009862,"level":"info","message":"Starting rendering request 8","meta":{"rootId":"pso3wbq1r3o95z7","id":"pso3wbq1r3o95z7"},"id":"i45aauuof5ytgx0","previousOperationId":"k9i1x4aazxrn1tl"}
{"type":"log","timestamp":1698849009865,"level":"info","message":"Rendering template { name: main, recipe: chrome-pdf, engine: handlebars, preview: true }","meta":{"rootId":"pso3wbq1r3o95z7","id":"pso3wbq1r3o95z7"},"id":"qr4ggq5kov9oqhd","previousOperationId":"k9i1x4aazxrn1tl"}
{"type":"log","timestamp":1698849009865,"level":"debug","message":"Data item not defined for this template.","meta":{"rootId":"pso3wbq1r3o95z7","id":"pso3wbq1r3o95z7"},"id":"h6luktl1kzq56q7","previousOperationId":"k9i1x4aazxrn1tl"}
{"type":"log","timestamp":1698849009868,"level":"debug","message":"Base url not specified, skipping its injection.","meta":{"rootId":"pso3wbq1r3o95z7","id":"pso3wbq1r3o95z7"},"id":"puv8p9ak2uwlqy2","previousOperationId":"k9i1x4aazxrn1tl"}
{"type":"operationStart","subtype":"engine","name":"handlebars","timestamp":1698849009868,"id":"kpbnspq6uxh1a3k","previousEventId":"e5vy78kxg4u2ldk","operationId":"l33gtfszjyxu3u6","previousOperationId":"k9i1x4aazxrn1tl"}
{"type":"log","timestamp":1698849009868,"level":"debug","message":"Rendering engine handlebars","meta":{"rootId":"pso3wbq1r3o95z7","id":"pso3wbq1r3o95z7"},"id":"k8j5tv5jx1sbafe","previousOperationId":"l33gtfszjyxu3u6"}
{"type":"operationEnd","operationId":"l33gtfszjyxu3u6","timestamp":1698849009929,"id":"wjqsgcjjrgrjfcq","previousEventId":"kpbnspq6uxh1a3k","previousOperationId":"l33gtfszjyxu3u6"}
{"type":"operationStart","subtype":"recipe","name":"chrome-pdf","timestamp":1698849009930,"id":"kpbunaxabiy7dwv","previousEventId":"wjqsgcjjrgrjfcq","operationId":"md5n1vdqjumh3m0","previousOperationId":"l33gtfszjyxu3u6"}
{"type":"log","timestamp":1698849009931,"level":"debug","message":"Executing recipe chrome-pdf","meta":{"rootId":"pso3wbq1r3o95z7","id":"pso3wbq1r3o95z7"},"id":"xqheemnsztcu1kg","previousOperationId":"md5n1vdqjumh3m0"}
{"type":"log","timestamp":1698849009934,"level":"debug","message":"Converting with chrome HeadlessChrome/117.0.5938.149 using chrome-pool strategy","meta":{"rootId":"pso3wbq1r3o95z7","id":"pso3wbq1r3o95z7"},"id":"xj5qhuxw4c373q7","previousOperationId":"md5n1vdqjumh3m0"}
{"type":"log","timestamp":1698849010037,"level":"debug","message":"Page request: GET (document) file:///C:/Users/OGNJEN~1/AppData/Local/Temp/jsreport/autocleanup/4af25e12-e548-4bf4-88c2-04ad6d3e551c-chrome-pdf.html","meta":{"rootId":"pso3wbq1r3o95z7","id":"pso3wbq1r3o95z7"},"id":"u08cobpuzdwcqqm","previousOperationId":"md5n1vdqjumh3m0"}
{"type":"log","timestamp":1698849010045,"level":"debug","message":"Page request: GET (stylesheet) https://cdn.jsdelivr.net/npm/tailwindcss@2.2.19/dist/tailwind.min.css","meta":{"rootId":"pso3wbq1r3o95z7","id":"pso3wbq1r3o95z7"},"id":"gltvjt4alp5quvy","previousOperationId":"md5n1vdqjumh3m0"}
{"type":"log","timestamp":1698849010046,"level":"debug","message":"Page request: GET (stylesheet) https://cdnjs.cloudflare.com/ajax/libs/font-awesome/6.0.0-beta3/css/all.min.css","meta":{"rootId":"pso3wbq1r3o95z7","id":"pso3wbq1r3o95z7"},"id":"tz8luufkewi7pxi","previousOperationId":"md5n1vdqjumh3m0"}
{"type":"log","timestamp":1698849010046,"level":"debug","message":"Page request finished: GET (document) 200 file:///C:/Users/OGNJEN~1/AppData/Local/Temp/jsreport/autocleanup/4af25e12-e548-4bf4-88c2-04ad6d3e551c-chrome-pdf.html","meta":{"rootId":"pso3wbq1r3o95z7","id":"pso3wbq1r3o95z7"},"id":"tkna52qrx0k6h7a","previousOperationId":"md5n1vdqjumh3m0"}
{"type":"log","timestamp":1698849010051,"level":"debug","message":"Page request finished: GET (stylesheet) 200 https://cdnjs.cloudflare.com/ajax/libs/font-awesome/6.0.0-beta3/css/all.min.css","meta":{"rootId":"pso3wbq1r3o95z7","id":"pso3wbq1r3o95z7"},"id":"g4l98i3gpm0f7p9","previousOperationId":"md5n1vdqjumh3m0"}
{"type":"log","timestamp":1698849010123,"level":"debug","message":"Page request finished: GET (stylesheet) 200 https://cdn.jsdelivr.net/npm/tailwindcss@2.2.19/dist/tailwind.min.css","meta":{"rootId":"pso3wbq1r3o95z7","id":"pso3wbq1r3o95z7"},"id":"20ve6rx6wkbqh3u","previousOperationId":"md5n1vdqjumh3m0"}
{"type":"log","timestamp":1698849010153,"level":"debug","message":"Page request: GET (font) https://cdnjs.cloudflare.com/ajax/libs/font-awesome/6.0.0-beta3/webfonts/fa-solid-900.woff2","meta":{"rootId":"pso3wbq1r3o95z7","id":"pso3wbq1r3o95z7"},"id":"ad0xc1cu27nnu5q","previousOperationId":"md5n1vdqjumh3m0"}
{"type":"log","timestamp":1698849010153,"level":"debug","message":"Running chrome with params {\"printBackground\":true,\"timeout\":59914,\"margin\":{}}","meta":{"rootId":"pso3wbq1r3o95z7","id":"pso3wbq1r3o95z7"},"id":"tqsrhrk5g6wbjap","previousOperationId":"md5n1vdqjumh3m0"}
{"type":"log","timestamp":1698849010200,"level":"debug","message":"Page request finished: GET (font) 200 https://cdnjs.cloudflare.com/ajax/libs/font-awesome/6.0.0-beta3/webfonts/fa-solid-900.woff2","meta":{"rootId":"pso3wbq1r3o95z7","id":"pso3wbq1r3o95z7"},"id":"vgm6zs7to3u0fqi","previousOperationId":"md5n1vdqjumh3m0"}
{"type":"operationEnd","operationId":"md5n1vdqjumh3m0","timestamp":1698849010203,"id":"h9bpedba1d5khja","previousEventId":"kpbunaxabiy7dwv","previousOperationId":"md5n1vdqjumh3m0"}
{"type":"log","timestamp":1698849010203,"level":"debug","message":"Skipping storing report.","meta":{"rootId":"pso3wbq1r3o95z7","id":"pso3wbq1r3o95z7"},"id":"p6inxvlotvpyyav","previousOperationId":"md5n1vdqjumh3m0"}
{"type":"log","timestamp":1698849010203,"level":"info","message":"Rendering request 8 finished in 356 ms","meta":{"rootId":"pso3wbq1r3o95z7","id":"pso3wbq1r3o95z7"},"id":"zay4gchpasj363h","previousOperationId":"md5n1vdqjumh3m0"}
{"type":"operationEnd","subtype":"render","operationId":"k9i1x4aazxrn1tl","timestamp":1698849010203,"id":"2nx62lt95e7p1c4","previousEventId":"h9bpedba1d5khja","previousOperationId":"md5n1vdqjumh3m0"}
{"type":"operationEnd","doDiffs":false,"previousEventId":"1qnwdv6uf2qikxl","previousOperationId":"v76aodioknbxsbs","operationId":"v76aodioknbxsbs","timestamp":1698849010210,"id":"8gzjd7t7ko6ziqn"}
