{"type":"operationStart","subtype":"profile","data":{"_id":"H0XnfPJBrOYnxvpd","timestamp":"2023-11-03T11:04:09.585Z","state":"queued","mode":"standard","creationDate":"2023-11-03T11:04:09.589Z","modificationDate":"2023-11-03T11:04:09.589Z","shortid":"FDZhZQ7","$entitySet":"profiles"},"doDiffs":false,"timestamp":1699009449588,"id":"z09c2h9onyd11em","previousOperationId":null,"operationId":"ilb6odl0lsmisdl"}
{"type":"log","level":"info","message":"Render request 238 queued for execution and waiting for available worker","previousOperationId":"ilb6odl0lsmisdl","timestamp":1699009449588,"id":"xbzxh4sjplugzea"}
{"type":"operationStart","subtype":"render","name":"main","previousOperationId":"ilb6odl0lsmisdl","timestamp":1699009449600,"id":"81toqsaztjze6up","previousEventId":"z09c2h9onyd11em","operationId":"24eqfcv2r4oupj6"}
{"type":"log","timestamp":1699009449600,"level":"info","message":"Starting rendering request 238","meta":{"rootId":"s3jfjhkv3knwv64","id":"s3jfjhkv3knwv64"},"id":"ce2a4x3656iyfaz","previousOperationId":"24eqfcv2r4oupj6"}
{"type":"log","timestamp":1699009449600,"level":"info","message":"Rendering template { name: main, recipe: html, engine: handlebars, preview: true }","meta":{"rootId":"s3jfjhkv3knwv64","id":"s3jfjhkv3knwv64"},"id":"btcmkwoy41o9oht","previousOperationId":"24eqfcv2r4oupj6"}
{"type":"log","timestamp":1699009449600,"level":"debug","message":"Inline data specified.","meta":{"rootId":"s3jfjhkv3knwv64","id":"s3jfjhkv3knwv64"},"id":"mct9q0pb3zxf238","previousOperationId":"24eqfcv2r4oupj6"}
{"type":"log","timestamp":1699009449601,"level":"debug","message":"Base url not specified, skipping its injection.","meta":{"rootId":"s3jfjhkv3knwv64","id":"s3jfjhkv3knwv64"},"id":"3vwmom8rwidwvuf","previousOperationId":"24eqfcv2r4oupj6"}
{"type":"operationStart","subtype":"engine","name":"handlebars","timestamp":1699009449601,"id":"z0gagxy645shupp","previousEventId":"81toqsaztjze6up","operationId":"v8e28qdtp375320","previousOperationId":"24eqfcv2r4oupj6"}
{"type":"log","timestamp":1699009449601,"level":"debug","message":"Rendering engine handlebars","meta":{"rootId":"s3jfjhkv3knwv64","id":"s3jfjhkv3knwv64"},"id":"92vaan3fwxhosmr","previousOperationId":"v8e28qdtp375320"}
{"type":"operationStart","subtype":"render","name":"proposed-portfolio","previousOperationId":"v8e28qdtp375320","timestamp":1699009449615,"id":"1ebiik7d26125hi","previousEventId":"z0gagxy645shupp","operationId":"44670901k8l6b06"}
{"type":"log","timestamp":1699009449615,"level":"info","message":"Starting rendering (child) request","meta":{"rootId":"s3jfjhkv3knwv64","id":"9lkoavewcixvnmw"},"id":"f1xktkyowk6mkj3","previousOperationId":"44670901k8l6b06"}
{"type":"log","timestamp":1699009449615,"level":"info","message":"Rendering template { name: proposed-portfolio, recipe: html, engine: handlebars, preview: true }","meta":{"rootId":"s3jfjhkv3knwv64","id":"9lkoavewcixvnmw"},"id":"g3m5oej4h5gp71a","previousOperationId":"44670901k8l6b06"}
{"type":"log","timestamp":1699009449615,"level":"debug","message":"Inline data specified.","meta":{"rootId":"s3jfjhkv3knwv64","id":"9lkoavewcixvnmw"},"id":"upoxk6gklforoe1","previousOperationId":"44670901k8l6b06"}
{"type":"log","timestamp":1699009449616,"level":"debug","message":"Base url not specified, skipping its injection.","meta":{"rootId":"s3jfjhkv3knwv64","id":"9lkoavewcixvnmw"},"id":"8otzup4gyyogdq1","previousOperationId":"44670901k8l6b06"}
{"type":"operationStart","subtype":"engine","name":"handlebars","timestamp":1699009449616,"id":"ain0z6p46d4y3d0","previousEventId":"1ebiik7d26125hi","operationId":"fc3y2cqgnk8e37l","previousOperationId":"44670901k8l6b06"}
{"type":"log","timestamp":1699009449616,"level":"debug","message":"Rendering engine handlebars","meta":{"rootId":"s3jfjhkv3knwv64","id":"9lkoavewcixvnmw"},"id":"etu2g31fnf6hkdt","previousOperationId":"fc3y2cqgnk8e37l"}
{"type":"operationEnd","operationId":"fc3y2cqgnk8e37l","timestamp":1699009449637,"id":"yir9jzj4zql2d24","previousEventId":"ain0z6p46d4y3d0","previousOperationId":"fc3y2cqgnk8e37l"}
{"type":"operationStart","subtype":"recipe","name":"html","timestamp":1699009449637,"id":"f4f8f5vk22pal2e","previousEventId":"yir9jzj4zql2d24","operationId":"talxn7n5bg7r9up","previousOperationId":"fc3y2cqgnk8e37l"}
{"type":"log","timestamp":1699009449637,"level":"debug","message":"Executing recipe html","meta":{"rootId":"s3jfjhkv3knwv64","id":"9lkoavewcixvnmw"},"id":"yqpqs3zekd8ad8c","previousOperationId":"talxn7n5bg7r9up"}
{"type":"operationEnd","operationId":"talxn7n5bg7r9up","timestamp":1699009449637,"id":"cna6ijv2siposyq","previousEventId":"f4f8f5vk22pal2e","previousOperationId":"talxn7n5bg7r9up"}
{"type":"log","timestamp":1699009449637,"level":"debug","message":"Skipping storing report.","meta":{"rootId":"s3jfjhkv3knwv64","id":"9lkoavewcixvnmw"},"id":"tv50ig1ajze7xe6","previousOperationId":"talxn7n5bg7r9up"}
{"type":"log","timestamp":1699009449637,"level":"info","message":"Rendering (child) request finished in 52 ms","meta":{"rootId":"s3jfjhkv3knwv64","id":"9lkoavewcixvnmw"},"id":"jx9vktyra4x7msp","previousOperationId":"talxn7n5bg7r9up"}
{"type":"operationEnd","subtype":"render","operationId":"44670901k8l6b06","timestamp":1699009449637,"id":"yvsncut0zjaygnc","previousEventId":"cna6ijv2siposyq","previousOperationId":"talxn7n5bg7r9up"}
{"type":"operationEnd","operationId":"v8e28qdtp375320","timestamp":1699009449637,"id":"tohsq81elkc9z4d","previousEventId":"z0gagxy645shupp","previousOperationId":"v8e28qdtp375320"}
{"type":"operationStart","subtype":"recipe","name":"html","timestamp":1699009449637,"id":"icu7l4erzb0k2hz","previousEventId":"tohsq81elkc9z4d","operationId":"to59op830gdafqb","previousOperationId":"v8e28qdtp375320"}
{"type":"log","timestamp":1699009449637,"level":"debug","message":"Executing recipe html","meta":{"rootId":"s3jfjhkv3knwv64","id":"s3jfjhkv3knwv64"},"id":"dh4sl2849wl0b9k","previousOperationId":"to59op830gdafqb"}
{"type":"operationEnd","operationId":"to59op830gdafqb","timestamp":1699009449637,"id":"b0coei74bih6j6c","previousEventId":"icu7l4erzb0k2hz","previousOperationId":"to59op830gdafqb"}
{"type":"log","timestamp":1699009449637,"level":"debug","message":"Skipping pdf utils processing because template is rendered with non-pdf recipe.","meta":{"rootId":"s3jfjhkv3knwv64","id":"s3jfjhkv3knwv64"},"id":"f27i25r7qpf1tys","previousOperationId":"to59op830gdafqb"}
{"type":"log","timestamp":1699009449637,"level":"debug","message":"Skipping storing report.","meta":{"rootId":"s3jfjhkv3knwv64","id":"s3jfjhkv3knwv64"},"id":"7ix0ayzrpw903j5","previousOperationId":"to59op830gdafqb"}
{"type":"log","timestamp":1699009449637,"level":"info","message":"Rendering request 238 finished in 52 ms","meta":{"rootId":"s3jfjhkv3knwv64","id":"s3jfjhkv3knwv64"},"id":"mqvgd7gwk41qy7a","previousOperationId":"to59op830gdafqb"}
{"type":"operationEnd","subtype":"render","operationId":"24eqfcv2r4oupj6","timestamp":1699009449637,"id":"vtqscswf60y7fla","previousEventId":"b0coei74bih6j6c","previousOperationId":"to59op830gdafqb"}
{"type":"operationEnd","doDiffs":false,"previousEventId":"z09c2h9onyd11em","previousOperationId":"ilb6odl0lsmisdl","operationId":"ilb6odl0lsmisdl","timestamp":1699009449648,"id":"1vhlfyzbsff0m18"}
