{"type":"operationStart","subtype":"profile","data":{"_id":"stxc2CKq9j1UUVXS","timestamp":"2023-11-01T14:25:40.666Z","state":"queued","mode":"standard","creationDate":"2023-11-01T14:25:40.669Z","modificationDate":"2023-11-01T14:25:40.669Z","shortid":"pmZ55z4","$entitySet":"profiles"},"doDiffs":false,"timestamp":1698848740668,"id":"n8fe9hfrw77ml4x","previousOperationId":null,"operationId":"hg5xrluq01vvjjq"}
{"type":"log","level":"info","message":"Render request 2 queued for execution and waiting for available worker","previousOperationId":"hg5xrluq01vvjjq","timestamp":1698848740668,"id":"i6mpe1iusib1nes"}
{"type":"operationStart","subtype":"render","name":"main","previousOperationId":"hg5xrluq01vvjjq","timestamp":1698848740693,"id":"k5c2me0lcc22ywp","previousEventId":"n8fe9hfrw77ml4x","operationId":"cz47c5bk1k9hqfb"}
{"type":"log","timestamp":1698848740694,"level":"info","message":"Starting rendering request 2","meta":{"rootId":"tvl7alapomk8mjf","id":"tvl7alapomk8mjf"},"id":"adu1vdggile98nc","previousOperationId":"cz47c5bk1k9hqfb"}
{"type":"log","timestamp":1698848740695,"level":"info","message":"Rendering template { name: main, recipe: chrome-pdf, engine: handlebars, preview: true }","meta":{"rootId":"tvl7alapomk8mjf","id":"tvl7alapomk8mjf"},"id":"i391cfvkqsxo40q","previousOperationId":"cz47c5bk1k9hqfb"}
{"type":"log","timestamp":1698848740695,"level":"debug","message":"Data item not defined for this template.","meta":{"rootId":"tvl7alapomk8mjf","id":"tvl7alapomk8mjf"},"id":"kuf078wcnm1ae0s","previousOperationId":"cz47c5bk1k9hqfb"}
{"type":"log","timestamp":1698848740697,"level":"debug","message":"Base url not specified, skipping its injection.","meta":{"rootId":"tvl7alapomk8mjf","id":"tvl7alapomk8mjf"},"id":"kr0zaaub4d9ouqo","previousOperationId":"cz47c5bk1k9hqfb"}
{"type":"operationStart","subtype":"engine","name":"handlebars","timestamp":1698848740699,"id":"55oi18sdfttlq7q","previousEventId":"k5c2me0lcc22ywp","operationId":"cc5lah6t7exmpvc","previousOperationId":"cz47c5bk1k9hqfb"}
{"type":"log","timestamp":1698848740699,"level":"debug","message":"Rendering engine handlebars","meta":{"rootId":"tvl7alapomk8mjf","id":"tvl7alapomk8mjf"},"id":"nrdtvdlneeqk817","previousOperationId":"cc5lah6t7exmpvc"}
{"type":"operationEnd","operationId":"cc5lah6t7exmpvc","timestamp":1698848741254,"id":"ik27cawmp81b9ri","previousEventId":"55oi18sdfttlq7q","previousOperationId":"cc5lah6t7exmpvc"}
{"type":"operationStart","subtype":"recipe","name":"chrome-pdf","timestamp":1698848741255,"id":"os1oxgrg1lqlxsz","previousEventId":"ik27cawmp81b9ri","operationId":"hbtjfdjuecseqlc","previousOperationId":"cc5lah6t7exmpvc"}
{"type":"log","timestamp":1698848741255,"level":"debug","message":"Executing recipe chrome-pdf","meta":{"rootId":"tvl7alapomk8mjf","id":"tvl7alapomk8mjf"},"id":"atg5mfq4yaky3e1","previousOperationId":"hbtjfdjuecseqlc"}
{"type":"log","timestamp":1698848741812,"level":"debug","message":"Converting with chrome HeadlessChrome/117.0.5938.149 using chrome-pool strategy","meta":{"rootId":"tvl7alapomk8mjf","id":"tvl7alapomk8mjf"},"id":"9blsvoix7h6gk0m","previousOperationId":"hbtjfdjuecseqlc"}
{"type":"log","timestamp":1698848741976,"level":"debug","message":"Page request: GET (document) file:///C:/Users/OGNJEN~1/AppData/Local/Temp/jsreport/autocleanup/a39a60a4-1470-47fc-978c-75446ae2a30d-chrome-pdf.html","meta":{"rootId":"tvl7alapomk8mjf","id":"tvl7alapomk8mjf"},"id":"9i0mcy7u2kuf2bv","previousOperationId":"hbtjfdjuecseqlc"}
{"type":"log","timestamp":1698848741985,"level":"debug","message":"Page request: GET (stylesheet) https://cdn.jsdelivr.net/npm/tailwindcss@2.2.19/dist/tailwind.min.css","meta":{"rootId":"tvl7alapomk8mjf","id":"tvl7alapomk8mjf"},"id":"kklo83n183sya0c","previousOperationId":"hbtjfdjuecseqlc"}
{"type":"log","timestamp":1698848741986,"level":"debug","message":"Page request: GET (stylesheet) https://cdnjs.cloudflare.com/ajax/libs/font-awesome/6.0.0-beta3/css/all.min.css","meta":{"rootId":"tvl7alapomk8mjf","id":"tvl7alapomk8mjf"},"id":"izu7wb78lqd00qt","previousOperationId":"hbtjfdjuecseqlc"}
{"type":"log","timestamp":1698848741987,"level":"debug","message":"Page request finished: GET (document) 200 file:///C:/Users/OGNJEN~1/AppData/Local/Temp/jsreport/autocleanup/a39a60a4-1470-47fc-978c-75446ae2a30d-chrome-pdf.html","meta":{"rootId":"tvl7alapomk8mjf","id":"tvl7alapomk8mjf"},"id":"u4hgj9fiqbpf19l","previousOperationId":"hbtjfdjuecseqlc"}
{"type":"log","timestamp":1698848742042,"level":"debug","message":"Page request finished: GET (stylesheet) 200 https://cdnjs.cloudflare.com/ajax/libs/font-awesome/6.0.0-beta3/css/all.min.css","meta":{"rootId":"tvl7alapomk8mjf","id":"tvl7alapomk8mjf"},"id":"utbhjvt03g4ckkr","previousOperationId":"hbtjfdjuecseqlc"}
{"type":"log","timestamp":1698848742189,"level":"debug","message":"Page request finished: GET (stylesheet) 200 https://cdn.jsdelivr.net/npm/tailwindcss@2.2.19/dist/tailwind.min.css","meta":{"rootId":"tvl7alapomk8mjf","id":"tvl7alapomk8mjf"},"id":"3t96yq0mi610zjx","previousOperationId":"hbtjfdjuecseqlc"}
{"type":"log","timestamp":1698848742226,"level":"debug","message":"Page request: GET (font) https://cdnjs.cloudflare.com/ajax/libs/font-awesome/6.0.0-beta3/webfonts/fa-solid-900.woff2","meta":{"rootId":"tvl7alapomk8mjf","id":"tvl7alapomk8mjf"},"id":"r8ar3bd1z170yzy","previousOperationId":"hbtjfdjuecseqlc"}
{"type":"log","timestamp":1698848742228,"level":"debug","message":"Page request: GET (font) https://cdnjs.cloudflare.com/ajax/libs/font-awesome/6.0.0-beta3/webfonts/fa-solid-900.woff2","meta":{"rootId":"tvl7alapomk8mjf","id":"tvl7alapomk8mjf"},"id":"uljgbmzaa5rgviu","previousOperationId":"hbtjfdjuecseqlc"}
{"type":"log","timestamp":1698848742285,"level":"debug","message":"Page request finished: GET (font) 200 https://cdnjs.cloudflare.com/ajax/libs/font-awesome/6.0.0-beta3/webfonts/fa-solid-900.woff2","meta":{"rootId":"tvl7alapomk8mjf","id":"tvl7alapomk8mjf"},"id":"954bg3igc8yk1ct","previousOperationId":"hbtjfdjuecseqlc"}
{"type":"log","timestamp":1698848742288,"level":"debug","message":"Running chrome with params {\"printBackground\":true,\"timeout\":59027,\"margin\":{}}","meta":{"rootId":"tvl7alapomk8mjf","id":"tvl7alapomk8mjf"},"id":"xsgy6ckke4zg72b","previousOperationId":"hbtjfdjuecseqlc"}
{"type":"operationEnd","operationId":"hbtjfdjuecseqlc","timestamp":1698848742338,"id":"a6z8be7p83j1tjy","previousEventId":"os1oxgrg1lqlxsz","previousOperationId":"hbtjfdjuecseqlc"}
{"type":"log","timestamp":1698848742339,"level":"debug","message":"Skipping storing report.","meta":{"rootId":"tvl7alapomk8mjf","id":"tvl7alapomk8mjf"},"id":"3faqvdl4ky7g4lf","previousOperationId":"hbtjfdjuecseqlc"}
{"type":"log","timestamp":1698848742340,"level":"info","message":"Rendering request 2 finished in 1674 ms","meta":{"rootId":"tvl7alapomk8mjf","id":"tvl7alapomk8mjf"},"id":"fgwxy5xc5p2lae5","previousOperationId":"hbtjfdjuecseqlc"}
{"type":"operationEnd","subtype":"render","operationId":"cz47c5bk1k9hqfb","timestamp":1698848742340,"id":"35i30n3iboarexs","previousEventId":"a6z8be7p83j1tjy","previousOperationId":"hbtjfdjuecseqlc"}
{"type":"operationEnd","doDiffs":false,"previousEventId":"n8fe9hfrw77ml4x","previousOperationId":"hg5xrluq01vvjjq","operationId":"hg5xrluq01vvjjq","timestamp":1698848742347,"id":"sbq56lt361rflhn"}
