{"type":"operationStart","subtype":"profile","data":{"_id":"BmKLxsyIV9XviFXr","timestamp":"2023-11-01T14:29:59.002Z","state":"queued","mode":"standard","creationDate":"2023-11-01T14:29:59.004Z","modificationDate":"2023-11-01T14:29:59.004Z","shortid":"MhHQuGn","$entitySet":"profiles"},"doDiffs":false,"timestamp":1698848999003,"id":"6qvhvaptqtvf2pk","previousOperationId":null,"operationId":"kaaru4i6xks9pr7"}
{"type":"log","level":"info","message":"Render request 7 queued for execution and waiting for available worker","previousOperationId":"kaaru4i6xks9pr7","timestamp":1698848999003,"id":"q2b8kn128kd4juf"}
{"type":"operationStart","subtype":"render","name":"main","previousOperationId":"kaaru4i6xks9pr7","timestamp":1698848999012,"id":"jir3jqkpntmxssb","previousEventId":"6qvhvaptqtvf2pk","operationId":"m9pw1tvvgkzr127"}
{"type":"log","timestamp":1698848999012,"level":"info","message":"Starting rendering request 7","meta":{"rootId":"v2vuyiji4hw8fi4","id":"v2vuyiji4hw8fi4"},"id":"x17iebbqjmd5skt","previousOperationId":"m9pw1tvvgkzr127"}
{"type":"log","timestamp":1698848999013,"level":"info","message":"Rendering template { name: main, recipe: chrome-pdf, engine: handlebars, preview: true }","meta":{"rootId":"v2vuyiji4hw8fi4","id":"v2vuyiji4hw8fi4"},"id":"iflaegb8r3pwftb","previousOperationId":"m9pw1tvvgkzr127"}
{"type":"log","timestamp":1698848999013,"level":"debug","message":"Data item not defined for this template.","meta":{"rootId":"v2vuyiji4hw8fi4","id":"v2vuyiji4hw8fi4"},"id":"x2q8nf59tle7nqo","previousOperationId":"m9pw1tvvgkzr127"}
{"type":"log","timestamp":1698848999014,"level":"debug","message":"Base url not specified, skipping its injection.","meta":{"rootId":"v2vuyiji4hw8fi4","id":"v2vuyiji4hw8fi4"},"id":"f71hozs6ffkreii","previousOperationId":"m9pw1tvvgkzr127"}
{"type":"operationStart","subtype":"engine","name":"handlebars","timestamp":1698848999015,"id":"4f4c8emfhr9zs2u","previousEventId":"jir3jqkpntmxssb","operationId":"c4ltpwzznwe62lo","previousOperationId":"m9pw1tvvgkzr127"}
{"type":"log","timestamp":1698848999015,"level":"debug","message":"Rendering engine handlebars","meta":{"rootId":"v2vuyiji4hw8fi4","id":"v2vuyiji4hw8fi4"},"id":"tbomxjpe81qfuc7","previousOperationId":"c4ltpwzznwe62lo"}
{"type":"operationEnd","operationId":"c4ltpwzznwe62lo","timestamp":1698848999034,"id":"z2zyy2xdc3pcyfa","previousEventId":"4f4c8emfhr9zs2u","previousOperationId":"c4ltpwzznwe62lo"}
{"type":"operationStart","subtype":"recipe","name":"chrome-pdf","timestamp":1698848999034,"id":"sybeahqqo49cqu3","previousEventId":"z2zyy2xdc3pcyfa","operationId":"d2k1eg3hzurgeu8","previousOperationId":"c4ltpwzznwe62lo"}
{"type":"log","timestamp":1698848999034,"level":"debug","message":"Executing recipe chrome-pdf","meta":{"rootId":"v2vuyiji4hw8fi4","id":"v2vuyiji4hw8fi4"},"id":"oggitwtsumask6c","previousOperationId":"d2k1eg3hzurgeu8"}
{"type":"log","timestamp":1698848999038,"level":"debug","message":"Converting with chrome HeadlessChrome/117.0.5938.149 using chrome-pool strategy","meta":{"rootId":"v2vuyiji4hw8fi4","id":"v2vuyiji4hw8fi4"},"id":"aw9uyft6ugeyxm3","previousOperationId":"d2k1eg3hzurgeu8"}
{"type":"log","timestamp":1698848999140,"level":"debug","message":"Page request: GET (document) file:///C:/Users/OGNJEN~1/AppData/Local/Temp/jsreport/autocleanup/c0c017b3-962c-404d-81a1-c0c518bb9377-chrome-pdf.html","meta":{"rootId":"v2vuyiji4hw8fi4","id":"v2vuyiji4hw8fi4"},"id":"h9x1qhgdjoqirxl","previousOperationId":"d2k1eg3hzurgeu8"}
{"type":"log","timestamp":1698848999148,"level":"debug","message":"Page request: GET (stylesheet) https://cdn.jsdelivr.net/npm/tailwindcss@2.2.19/dist/tailwind.min.css","meta":{"rootId":"v2vuyiji4hw8fi4","id":"v2vuyiji4hw8fi4"},"id":"n1cl21ovnulldz2","previousOperationId":"d2k1eg3hzurgeu8"}
{"type":"log","timestamp":1698848999148,"level":"debug","message":"Page request: GET (stylesheet) https://cdnjs.cloudflare.com/ajax/libs/font-awesome/6.0.0-beta3/css/all.min.css","meta":{"rootId":"v2vuyiji4hw8fi4","id":"v2vuyiji4hw8fi4"},"id":"dzcy4nwovyb57nn","previousOperationId":"d2k1eg3hzurgeu8"}
{"type":"log","timestamp":1698848999148,"level":"debug","message":"Page request finished: GET (document) 200 file:///C:/Users/OGNJEN~1/AppData/Local/Temp/jsreport/autocleanup/c0c017b3-962c-404d-81a1-c0c518bb9377-chrome-pdf.html","meta":{"rootId":"v2vuyiji4hw8fi4","id":"v2vuyiji4hw8fi4"},"id":"08przegt7coob75","previousOperationId":"d2k1eg3hzurgeu8"}
{"type":"log","timestamp":1698848999154,"level":"debug","message":"Page request finished: GET (stylesheet) 200 https://cdnjs.cloudflare.com/ajax/libs/font-awesome/6.0.0-beta3/css/all.min.css","meta":{"rootId":"v2vuyiji4hw8fi4","id":"v2vuyiji4hw8fi4"},"id":"rsvnj893ebehdvj","previousOperationId":"d2k1eg3hzurgeu8"}
{"type":"log","timestamp":1698848999214,"level":"debug","message":"Page request finished: GET (stylesheet) 200 https://cdn.jsdelivr.net/npm/tailwindcss@2.2.19/dist/tailwind.min.css","meta":{"rootId":"v2vuyiji4hw8fi4","id":"v2vuyiji4hw8fi4"},"id":"7g81c3wkuuvlokp","previousOperationId":"d2k1eg3hzurgeu8"}
{"type":"log","timestamp":1698848999247,"level":"debug","message":"Page request: GET (font) https://cdnjs.cloudflare.com/ajax/libs/font-awesome/6.0.0-beta3/webfonts/fa-solid-900.woff2","meta":{"rootId":"v2vuyiji4hw8fi4","id":"v2vuyiji4hw8fi4"},"id":"t8grjldo662c7l7","previousOperationId":"d2k1eg3hzurgeu8"}
{"type":"log","timestamp":1698848999249,"level":"debug","message":"Running chrome with params {\"printBackground\":true,\"timeout\":59965,\"margin\":{}}","meta":{"rootId":"v2vuyiji4hw8fi4","id":"v2vuyiji4hw8fi4"},"id":"b0sr92t93z1zsv3","previousOperationId":"d2k1eg3hzurgeu8"}
{"type":"log","timestamp":1698848999292,"level":"debug","message":"Page request finished: GET (font) 200 https://cdnjs.cloudflare.com/ajax/libs/font-awesome/6.0.0-beta3/webfonts/fa-solid-900.woff2","meta":{"rootId":"v2vuyiji4hw8fi4","id":"v2vuyiji4hw8fi4"},"id":"srv8plsh4o3wg5s","previousOperationId":"d2k1eg3hzurgeu8"}
{"type":"operationEnd","operationId":"d2k1eg3hzurgeu8","timestamp":1698848999295,"id":"o0ion64a6aj0id3","previousEventId":"sybeahqqo49cqu3","previousOperationId":"d2k1eg3hzurgeu8"}
{"type":"log","timestamp":1698848999295,"level":"debug","message":"Skipping storing report.","meta":{"rootId":"v2vuyiji4hw8fi4","id":"v2vuyiji4hw8fi4"},"id":"9mle54b6uyuj7q5","previousOperationId":"d2k1eg3hzurgeu8"}
{"type":"log","timestamp":1698848999295,"level":"info","message":"Rendering request 7 finished in 293 ms","meta":{"rootId":"v2vuyiji4hw8fi4","id":"v2vuyiji4hw8fi4"},"id":"q7cx6z1u38psr36","previousOperationId":"d2k1eg3hzurgeu8"}
{"type":"operationEnd","subtype":"render","operationId":"m9pw1tvvgkzr127","timestamp":1698848999295,"id":"5u7bm41d55apmfo","previousEventId":"o0ion64a6aj0id3","previousOperationId":"d2k1eg3hzurgeu8"}
{"type":"operationEnd","doDiffs":false,"previousEventId":"6qvhvaptqtvf2pk","previousOperationId":"kaaru4i6xks9pr7","operationId":"kaaru4i6xks9pr7","timestamp":1698848999309,"id":"stxp8bc0a0ijqtr"}
