{"type":"operationStart","subtype":"profile","data":{"_id":"3V6BCjlxIi51NeFc","timestamp":"2023-11-01T14:52:54.465Z","state":"queued","mode":"standard","creationDate":"2023-11-01T14:52:54.466Z","modificationDate":"2023-11-01T14:52:54.466Z","shortid":"0FeCaCE","$entitySet":"profiles"},"doDiffs":false,"timestamp":1698850374465,"id":"6cgz9nynqt95p5m","previousOperationId":null,"operationId":"3j8lzu8hysvwt8u"}
{"type":"log","level":"info","message":"Render request 16 queued for execution and waiting for available worker","previousOperationId":"3j8lzu8hysvwt8u","timestamp":1698850374466,"id":"pxisx7g7jtw85e2"}
{"type":"operationStart","subtype":"render","name":"main","previousOperationId":"3j8lzu8hysvwt8u","timestamp":1698850374500,"id":"bima9xohznlig5g","previousEventId":"6cgz9nynqt95p5m","operationId":"d6j2hpn7utpemue"}
{"type":"log","timestamp":1698850374500,"level":"info","message":"Starting rendering request 16","meta":{"rootId":"vsycp9tgift2fpb","id":"vsycp9tgift2fpb"},"id":"m81tbi725nt2irx","previousOperationId":"d6j2hpn7utpemue"}
{"type":"log","timestamp":1698850374500,"level":"info","message":"Rendering template { name: main, recipe: chrome-pdf, engine: handlebars, preview: true }","meta":{"rootId":"vsycp9tgift2fpb","id":"vsycp9tgift2fpb"},"id":"8wlk861u8tgvio4","previousOperationId":"d6j2hpn7utpemue"}
{"type":"log","timestamp":1698850374500,"level":"debug","message":"Data item not defined for this template.","meta":{"rootId":"vsycp9tgift2fpb","id":"vsycp9tgift2fpb"},"id":"bvtmv3cqz1yh6w9","previousOperationId":"d6j2hpn7utpemue"}
{"type":"log","timestamp":1698850374502,"level":"debug","message":"Base url not specified, skipping its injection.","meta":{"rootId":"vsycp9tgift2fpb","id":"vsycp9tgift2fpb"},"id":"9zcuvrwmbu3rza1","previousOperationId":"d6j2hpn7utpemue"}
{"type":"operationStart","subtype":"engine","name":"handlebars","timestamp":1698850374502,"id":"w17fk5ampcktwhi","previousEventId":"bima9xohznlig5g","operationId":"qba0osgukw5xfh4","previousOperationId":"d6j2hpn7utpemue"}
{"type":"log","timestamp":1698850374502,"level":"debug","message":"Rendering engine handlebars","meta":{"rootId":"vsycp9tgift2fpb","id":"vsycp9tgift2fpb"},"id":"3n0pejc6v0qubj5","previousOperationId":"qba0osgukw5xfh4"}
{"type":"operationEnd","operationId":"qba0osgukw5xfh4","timestamp":1698850374529,"id":"j6elwy4iwa4a7kg","previousEventId":"w17fk5ampcktwhi","previousOperationId":"qba0osgukw5xfh4"}
{"type":"operationStart","subtype":"recipe","name":"chrome-pdf","timestamp":1698850374529,"id":"9f0f1s8b85i4mg6","previousEventId":"j6elwy4iwa4a7kg","operationId":"bncdjns9gn5hijx","previousOperationId":"qba0osgukw5xfh4"}
{"type":"log","timestamp":1698850374529,"level":"debug","message":"Executing recipe chrome-pdf","meta":{"rootId":"vsycp9tgift2fpb","id":"vsycp9tgift2fpb"},"id":"o9c6chtve966kfi","previousOperationId":"bncdjns9gn5hijx"}
{"type":"log","timestamp":1698850374532,"level":"debug","message":"Converting with chrome HeadlessChrome/117.0.5938.149 using chrome-pool strategy","meta":{"rootId":"vsycp9tgift2fpb","id":"vsycp9tgift2fpb"},"id":"lgsoy6khle50590","previousOperationId":"bncdjns9gn5hijx"}
{"type":"log","timestamp":1698850374653,"level":"debug","message":"Page request: GET (document) file:///C:/Users/OGNJEN~1/AppData/Local/Temp/jsreport/autocleanup/f6515f9f-9425-410b-9f94-05012062c3d0-chrome-pdf.html","meta":{"rootId":"vsycp9tgift2fpb","id":"vsycp9tgift2fpb"},"id":"78nq5n7owy0dpjf","previousOperationId":"bncdjns9gn5hijx"}
{"type":"log","timestamp":1698850374662,"level":"debug","message":"Page request: GET (stylesheet) https://cdn.jsdelivr.net/npm/tailwindcss@2.2.19/dist/tailwind.min.css","meta":{"rootId":"vsycp9tgift2fpb","id":"vsycp9tgift2fpb"},"id":"8k26sogxnrtlf0c","previousOperationId":"bncdjns9gn5hijx"}
{"type":"log","timestamp":1698850374663,"level":"debug","message":"Page request: GET (stylesheet) https://cdnjs.cloudflare.com/ajax/libs/font-awesome/6.0.0-beta3/css/all.min.css","meta":{"rootId":"vsycp9tgift2fpb","id":"vsycp9tgift2fpb"},"id":"szpkevshnxxylsn","previousOperationId":"bncdjns9gn5hijx"}
{"type":"log","timestamp":1698850374663,"level":"debug","message":"Page request: GET (stylesheet) https://fonts.googleapis.com/css2?family=IBM+Plex+Mono:wght@300;400&family=Ubuntu:ital,wght@0,300;0,500;0,700;1,300;1,500;1,700&display=swap","meta":{"rootId":"vsycp9tgift2fpb","id":"vsycp9tgift2fpb"},"id":"06lz4c97ucgfp6w","previousOperationId":"bncdjns9gn5hijx"}
{"type":"log","timestamp":1698850374663,"level":"debug","message":"Page request finished: GET (document) 200 file:///C:/Users/OGNJEN~1/AppData/Local/Temp/jsreport/autocleanup/f6515f9f-9425-410b-9f94-05012062c3d0-chrome-pdf.html","meta":{"rootId":"vsycp9tgift2fpb","id":"vsycp9tgift2fpb"},"id":"iy7j5ouku0pd58w","previousOperationId":"bncdjns9gn5hijx"}
{"type":"log","timestamp":1698850374667,"level":"debug","message":"Page request finished: GET (stylesheet) 200 https://fonts.googleapis.com/css2?family=IBM+Plex+Mono:wght@300;400&family=Ubuntu:ital,wght@0,300;0,500;0,700;1,300;1,500;1,700&display=swap","meta":{"rootId":"vsycp9tgift2fpb","id":"vsycp9tgift2fpb"},"id":"dce0z15mjpnst1i","previousOperationId":"bncdjns9gn5hijx"}
{"type":"log","timestamp":1698850374669,"level":"debug","message":"Page request finished: GET (stylesheet) 200 https://cdnjs.cloudflare.com/ajax/libs/font-awesome/6.0.0-beta3/css/all.min.css","meta":{"rootId":"vsycp9tgift2fpb","id":"vsycp9tgift2fpb"},"id":"x8x1eyxggi45zoq","previousOperationId":"bncdjns9gn5hijx"}
{"type":"log","timestamp":1698850374737,"level":"debug","message":"Page request finished: GET (stylesheet) 200 https://cdn.jsdelivr.net/npm/tailwindcss@2.2.19/dist/tailwind.min.css","meta":{"rootId":"vsycp9tgift2fpb","id":"vsycp9tgift2fpb"},"id":"xe8ialf1su2ag1v","previousOperationId":"bncdjns9gn5hijx"}
{"type":"log","timestamp":1698850374765,"level":"debug","message":"Page request: GET (font) https://cdnjs.cloudflare.com/ajax/libs/font-awesome/6.0.0-beta3/webfonts/fa-solid-900.woff2","meta":{"rootId":"vsycp9tgift2fpb","id":"vsycp9tgift2fpb"},"id":"wzujyckho2pa5ap","previousOperationId":"bncdjns9gn5hijx"}
{"type":"log","timestamp":1698850374766,"level":"debug","message":"Running chrome with params {\"printBackground\":true,\"timeout\":59933,\"margin\":{}}","meta":{"rootId":"vsycp9tgift2fpb","id":"vsycp9tgift2fpb"},"id":"fto9o65c5ig19ys","previousOperationId":"bncdjns9gn5hijx"}
{"type":"operationEnd","operationId":"bncdjns9gn5hijx","timestamp":1698850374804,"id":"88zgwfsr98j7ksw","previousEventId":"9f0f1s8b85i4mg6","previousOperationId":"bncdjns9gn5hijx"}
{"type":"log","timestamp":1698850374804,"level":"debug","message":"Skipping storing report.","meta":{"rootId":"vsycp9tgift2fpb","id":"vsycp9tgift2fpb"},"id":"zfahn0bxv3gnc7e","previousOperationId":"bncdjns9gn5hijx"}
{"type":"log","timestamp":1698850374805,"level":"info","message":"Rendering request 16 finished in 341 ms","meta":{"rootId":"vsycp9tgift2fpb","id":"vsycp9tgift2fpb"},"id":"pwwnzk2pdn1zzcx","previousOperationId":"bncdjns9gn5hijx"}
{"type":"operationEnd","subtype":"render","operationId":"d6j2hpn7utpemue","timestamp":1698850374805,"id":"zzgamiwuk0bigr4","previousEventId":"88zgwfsr98j7ksw","previousOperationId":"bncdjns9gn5hijx"}
{"type":"operationEnd","doDiffs":false,"previousEventId":"6cgz9nynqt95p5m","previousOperationId":"3j8lzu8hysvwt8u","operationId":"3j8lzu8hysvwt8u","timestamp":1698850374812,"id":"s4fcq6uvpd2slbt"}
