{"type":"operationStart","subtype":"profile","data":{"_id":"wmTPU3UZ4rbXVpkw","timestamp":"2023-11-03T11:11:20.196Z","state":"queued","mode":"standard","creationDate":"2023-11-03T11:11:20.198Z","modificationDate":"2023-11-03T11:11:20.198Z","shortid":"bYNVRdf","$entitySet":"profiles"},"doDiffs":false,"timestamp":1699009880197,"id":"dcl97ok5xu19mrn","previousOperationId":null,"operationId":"q8dl258gyz7xtyz"}
{"type":"log","level":"info","message":"Render request 249 queued for execution and waiting for available worker","previousOperationId":"q8dl258gyz7xtyz","timestamp":1699009880197,"id":"sorl8da94o4zt0o"}
{"type":"operationStart","subtype":"render","name":"main","previousOperationId":"q8dl258gyz7xtyz","timestamp":1699009880205,"id":"tl9h70tww5jx63j","previousEventId":"dcl97ok5xu19mrn","operationId":"1zvp9hnv9bwjmsg"}
{"type":"log","timestamp":1699009880205,"level":"info","message":"Starting rendering request 249","meta":{"rootId":"w3zgie4lefuyht7","id":"w3zgie4lefuyht7"},"id":"mvw6yhqrxzknh68","previousOperationId":"1zvp9hnv9bwjmsg"}
{"type":"log","timestamp":1699009880205,"level":"info","message":"Rendering template { name: main, recipe: html, engine: handlebars, preview: true }","meta":{"rootId":"w3zgie4lefuyht7","id":"w3zgie4lefuyht7"},"id":"lacrodlwblonccj","previousOperationId":"1zvp9hnv9bwjmsg"}
{"type":"log","timestamp":1699009880205,"level":"debug","message":"Adding sample data xOo8CoQnV","meta":{"rootId":"w3zgie4lefuyht7","id":"w3zgie4lefuyht7"},"id":"2lkbcydp2wdspjt","previousOperationId":"1zvp9hnv9bwjmsg"}
{"type":"log","timestamp":1699009880207,"level":"debug","message":"Base url not specified, skipping its injection.","meta":{"rootId":"w3zgie4lefuyht7","id":"w3zgie4lefuyht7"},"id":"6dyzg6p1dwobm7z","previousOperationId":"1zvp9hnv9bwjmsg"}
{"type":"operationStart","subtype":"engine","name":"handlebars","timestamp":1699009880207,"id":"vquhx73hx0efecw","previousEventId":"tl9h70tww5jx63j","operationId":"ql381b9yepm3hgk","previousOperationId":"1zvp9hnv9bwjmsg"}
{"type":"log","timestamp":1699009880207,"level":"debug","message":"Rendering engine handlebars","meta":{"rootId":"w3zgie4lefuyht7","id":"w3zgie4lefuyht7"},"id":"dateawj828auoi8","previousOperationId":"ql381b9yepm3hgk"}
{"type":"operationStart","subtype":"render","name":"proposed-portfolio","previousOperationId":"ql381b9yepm3hgk","timestamp":1699009880220,"id":"k2jyszgt5hk5htu","previousEventId":"vquhx73hx0efecw","operationId":"q8bcdacxaoodaed"}
{"type":"log","timestamp":1699009880220,"level":"info","message":"Starting rendering (child) request","meta":{"rootId":"w3zgie4lefuyht7","id":"a5ciovcij93sz9z"},"id":"0xurgwzc7kx4l98","previousOperationId":"q8bcdacxaoodaed"}
{"type":"log","timestamp":1699009880220,"level":"info","message":"Rendering template { name: proposed-portfolio, recipe: html, engine: handlebars, preview: true }","meta":{"rootId":"w3zgie4lefuyht7","id":"a5ciovcij93sz9z"},"id":"n782uqpo5xt7g57","previousOperationId":"q8bcdacxaoodaed"}
{"type":"log","timestamp":1699009880220,"level":"debug","message":"Inline data specified.","meta":{"rootId":"w3zgie4lefuyht7","id":"a5ciovcij93sz9z"},"id":"0onmpfuf5fw0c0k","previousOperationId":"q8bcdacxaoodaed"}
{"type":"log","timestamp":1699009880222,"level":"debug","message":"Base url not specified, skipping its injection.","meta":{"rootId":"w3zgie4lefuyht7","id":"a5ciovcij93sz9z"},"id":"13wmu7nrhschsmk","previousOperationId":"q8bcdacxaoodaed"}
{"type":"operationStart","subtype":"engine","name":"handlebars","timestamp":1699009880222,"id":"chdf509wjs10jk4","previousEventId":"k2jyszgt5hk5htu","operationId":"wnvt6czanwoj63o","previousOperationId":"q8bcdacxaoodaed"}
{"type":"log","timestamp":1699009880222,"level":"debug","message":"Rendering engine handlebars","meta":{"rootId":"w3zgie4lefuyht7","id":"a5ciovcij93sz9z"},"id":"6osbo0fl4k0p56s","previousOperationId":"wnvt6czanwoj63o"}
{"type":"operationEnd","operationId":"wnvt6czanwoj63o","timestamp":1699009880243,"id":"6dg0ob1sf6isvua","previousEventId":"chdf509wjs10jk4","previousOperationId":"wnvt6czanwoj63o"}
{"type":"operationStart","subtype":"recipe","name":"html","timestamp":1699009880243,"id":"4hpiletx324nkz8","previousEventId":"6dg0ob1sf6isvua","operationId":"64ubugkjgqdadg8","previousOperationId":"wnvt6czanwoj63o"}
{"type":"log","timestamp":1699009880243,"level":"debug","message":"Executing recipe html","meta":{"rootId":"w3zgie4lefuyht7","id":"a5ciovcij93sz9z"},"id":"j6e53ybv705oykz","previousOperationId":"64ubugkjgqdadg8"}
{"type":"operationEnd","operationId":"64ubugkjgqdadg8","timestamp":1699009880243,"id":"wzj0bzud2w2oqpt","previousEventId":"4hpiletx324nkz8","previousOperationId":"64ubugkjgqdadg8"}
{"type":"log","timestamp":1699009880243,"level":"debug","message":"Skipping storing report.","meta":{"rootId":"w3zgie4lefuyht7","id":"a5ciovcij93sz9z"},"id":"8q7y6e4mayu7opi","previousOperationId":"64ubugkjgqdadg8"}
{"type":"log","timestamp":1699009880243,"level":"info","message":"Rendering (child) request finished in 47 ms","meta":{"rootId":"w3zgie4lefuyht7","id":"a5ciovcij93sz9z"},"id":"4isdyb6weg94igt","previousOperationId":"64ubugkjgqdadg8"}
{"type":"operationEnd","subtype":"render","operationId":"q8bcdacxaoodaed","timestamp":1699009880243,"id":"063uoy3ht2r7cf7","previousEventId":"wzj0bzud2w2oqpt","previousOperationId":"64ubugkjgqdadg8"}
{"type":"operationEnd","operationId":"ql381b9yepm3hgk","timestamp":1699009880243,"id":"4b99liy23yicfqy","previousEventId":"vquhx73hx0efecw","previousOperationId":"ql381b9yepm3hgk"}
{"type":"operationStart","subtype":"recipe","name":"html","timestamp":1699009880244,"id":"yo5f669bufm5ak9","previousEventId":"4b99liy23yicfqy","operationId":"1qg0blcawckdyi8","previousOperationId":"ql381b9yepm3hgk"}
{"type":"log","timestamp":1699009880244,"level":"debug","message":"Executing recipe html","meta":{"rootId":"w3zgie4lefuyht7","id":"w3zgie4lefuyht7"},"id":"p95hcvg9843qxca","previousOperationId":"1qg0blcawckdyi8"}
{"type":"operationEnd","operationId":"1qg0blcawckdyi8","timestamp":1699009880244,"id":"jkvdxq66z0kdc5h","previousEventId":"yo5f669bufm5ak9","previousOperationId":"1qg0blcawckdyi8"}
{"type":"log","timestamp":1699009880244,"level":"debug","message":"Skipping pdf utils processing because template is rendered with non-pdf recipe.","meta":{"rootId":"w3zgie4lefuyht7","id":"w3zgie4lefuyht7"},"id":"m53pq3xqhetos08","previousOperationId":"1qg0blcawckdyi8"}
{"type":"log","timestamp":1699009880244,"level":"debug","message":"Skipping storing report.","meta":{"rootId":"w3zgie4lefuyht7","id":"w3zgie4lefuyht7"},"id":"tvilkjnqwrhedub","previousOperationId":"1qg0blcawckdyi8"}
{"type":"log","timestamp":1699009880244,"level":"info","message":"Rendering request 249 finished in 48 ms","meta":{"rootId":"w3zgie4lefuyht7","id":"w3zgie4lefuyht7"},"id":"rw24pcbb9csu3d5","previousOperationId":"1qg0blcawckdyi8"}
{"type":"operationEnd","subtype":"render","operationId":"1zvp9hnv9bwjmsg","timestamp":1699009880244,"id":"mhqi66kixnmjsp3","previousEventId":"jkvdxq66z0kdc5h","previousOperationId":"1qg0blcawckdyi8"}
{"type":"operationEnd","doDiffs":false,"previousEventId":"dcl97ok5xu19mrn","previousOperationId":"q8dl258gyz7xtyz","operationId":"q8dl258gyz7xtyz","timestamp":1699009880256,"id":"h3ewobudc942m19"}
