{"type":"operationStart","subtype":"profile","data":{"_id":"RJblZf95PJJWcvfQ","timestamp":"2023-11-03T11:09:58.756Z","state":"queued","mode":"standard","creationDate":"2023-11-03T11:09:58.758Z","modificationDate":"2023-11-03T11:09:58.758Z","shortid":"D0ObYQa","$entitySet":"profiles"},"doDiffs":false,"timestamp":1699009798757,"id":"1pglrt0x9j7zgc7","previousOperationId":null,"operationId":"6vx3tfflwtg4cez"}
{"type":"log","level":"info","message":"Render request 247 queued for execution and waiting for available worker","previousOperationId":"6vx3tfflwtg4cez","timestamp":1699009798757,"id":"pv763ncly8yazw2"}
{"type":"operationStart","subtype":"render","name":"main","previousOperationId":"6vx3tfflwtg4cez","timestamp":1699009798768,"id":"j2bmqr5u5ebu8xq","previousEventId":"1pglrt0x9j7zgc7","operationId":"1o28vsctdj8siru"}
{"type":"log","timestamp":1699009798768,"level":"info","message":"Starting rendering request 247","meta":{"rootId":"x3c07iv3miljhm4","id":"x3c07iv3miljhm4"},"id":"x9m24w07a4anxyw","previousOperationId":"1o28vsctdj8siru"}
{"type":"log","timestamp":1699009798768,"level":"info","message":"Rendering template { name: main, recipe: html, engine: handlebars, preview: true }","meta":{"rootId":"x3c07iv3miljhm4","id":"x3c07iv3miljhm4"},"id":"5qear2eafhcmmpy","previousOperationId":"1o28vsctdj8siru"}
{"type":"log","timestamp":1699009798769,"level":"debug","message":"Adding sample data xOo8CoQnV","meta":{"rootId":"x3c07iv3miljhm4","id":"x3c07iv3miljhm4"},"id":"8ywt6hpso953esp","previousOperationId":"1o28vsctdj8siru"}
{"type":"log","timestamp":1699009798770,"level":"debug","message":"Base url not specified, skipping its injection.","meta":{"rootId":"x3c07iv3miljhm4","id":"x3c07iv3miljhm4"},"id":"bqxt6pptn2akp57","previousOperationId":"1o28vsctdj8siru"}
{"type":"operationStart","subtype":"engine","name":"handlebars","timestamp":1699009798770,"id":"wfxpxpps4d4iu6g","previousEventId":"j2bmqr5u5ebu8xq","operationId":"g30i0nhm6ok1zqy","previousOperationId":"1o28vsctdj8siru"}
{"type":"log","timestamp":1699009798770,"level":"debug","message":"Rendering engine handlebars","meta":{"rootId":"x3c07iv3miljhm4","id":"x3c07iv3miljhm4"},"id":"fnx4ovfbdto3y12","previousOperationId":"g30i0nhm6ok1zqy"}
{"type":"operationStart","subtype":"render","name":"proposed-portfolio","previousOperationId":"g30i0nhm6ok1zqy","timestamp":1699009798781,"id":"mbv09gclqpw3o37","previousEventId":"wfxpxpps4d4iu6g","operationId":"vsjlw03j5429fae"}
{"type":"log","timestamp":1699009798781,"level":"info","message":"Starting rendering (child) request","meta":{"rootId":"x3c07iv3miljhm4","id":"qnspd8qwab6uzql"},"id":"6jglwss1pvlh7m2","previousOperationId":"vsjlw03j5429fae"}
{"type":"log","timestamp":1699009798781,"level":"info","message":"Rendering template { name: proposed-portfolio, recipe: html, engine: handlebars, preview: true }","meta":{"rootId":"x3c07iv3miljhm4","id":"qnspd8qwab6uzql"},"id":"pjse2b3h1y576bx","previousOperationId":"vsjlw03j5429fae"}
{"type":"log","timestamp":1699009798781,"level":"debug","message":"Inline data specified.","meta":{"rootId":"x3c07iv3miljhm4","id":"qnspd8qwab6uzql"},"id":"y40ylofakr5zjbm","previousOperationId":"vsjlw03j5429fae"}
{"type":"log","timestamp":1699009798783,"level":"debug","message":"Base url not specified, skipping its injection.","meta":{"rootId":"x3c07iv3miljhm4","id":"qnspd8qwab6uzql"},"id":"15j0skr6tgqm2ob","previousOperationId":"vsjlw03j5429fae"}
{"type":"operationStart","subtype":"engine","name":"handlebars","timestamp":1699009798783,"id":"60fqlc342ml3dh1","previousEventId":"mbv09gclqpw3o37","operationId":"0p0o3takrtkw51i","previousOperationId":"vsjlw03j5429fae"}
{"type":"log","timestamp":1699009798783,"level":"debug","message":"Rendering engine handlebars","meta":{"rootId":"x3c07iv3miljhm4","id":"qnspd8qwab6uzql"},"id":"hb11m14cvymle6w","previousOperationId":"0p0o3takrtkw51i"}
{"type":"operationEnd","operationId":"0p0o3takrtkw51i","timestamp":1699009798799,"id":"ljymzdx6swtz07d","previousEventId":"60fqlc342ml3dh1","previousOperationId":"0p0o3takrtkw51i"}
{"type":"operationStart","subtype":"recipe","name":"html","timestamp":1699009798799,"id":"hzbpgbsqb0moaui","previousEventId":"ljymzdx6swtz07d","operationId":"taq7ndd7b3piifi","previousOperationId":"0p0o3takrtkw51i"}
{"type":"log","timestamp":1699009798799,"level":"debug","message":"Executing recipe html","meta":{"rootId":"x3c07iv3miljhm4","id":"qnspd8qwab6uzql"},"id":"i5rvpvh79vyxaax","previousOperationId":"taq7ndd7b3piifi"}
{"type":"operationEnd","operationId":"taq7ndd7b3piifi","timestamp":1699009798799,"id":"cyac0jd34y75mxr","previousEventId":"hzbpgbsqb0moaui","previousOperationId":"taq7ndd7b3piifi"}
{"type":"log","timestamp":1699009798799,"level":"debug","message":"Skipping storing report.","meta":{"rootId":"x3c07iv3miljhm4","id":"qnspd8qwab6uzql"},"id":"ksj31d9e8scvfw8","previousOperationId":"taq7ndd7b3piifi"}
{"type":"log","timestamp":1699009798799,"level":"info","message":"Rendering (child) request finished in 43 ms","meta":{"rootId":"x3c07iv3miljhm4","id":"qnspd8qwab6uzql"},"id":"x49y37tl9zcocrd","previousOperationId":"taq7ndd7b3piifi"}
{"type":"operationEnd","subtype":"render","operationId":"vsjlw03j5429fae","timestamp":1699009798799,"id":"1dz6j91lfxhgqby","previousEventId":"cyac0jd34y75mxr","previousOperationId":"taq7ndd7b3piifi"}
{"type":"operationEnd","operationId":"g30i0nhm6ok1zqy","timestamp":1699009798799,"id":"del3ix2x5sbs5zd","previousEventId":"wfxpxpps4d4iu6g","previousOperationId":"g30i0nhm6ok1zqy"}
{"type":"operationStart","subtype":"recipe","name":"html","timestamp":1699009798799,"id":"5e1u67rm19va9b4","previousEventId":"del3ix2x5sbs5zd","operationId":"3ysw7hbu181fahb","previousOperationId":"g30i0nhm6ok1zqy"}
{"type":"log","timestamp":1699009798799,"level":"debug","message":"Executing recipe html","meta":{"rootId":"x3c07iv3miljhm4","id":"x3c07iv3miljhm4"},"id":"l98jyprdf34b19j","previousOperationId":"3ysw7hbu181fahb"}
{"type":"operationEnd","operationId":"3ysw7hbu181fahb","timestamp":1699009798799,"id":"6hr05gft1x8nmcv","previousEventId":"5e1u67rm19va9b4","previousOperationId":"3ysw7hbu181fahb"}
{"type":"log","timestamp":1699009798799,"level":"debug","message":"Skipping pdf utils processing because template is rendered with non-pdf recipe.","meta":{"rootId":"x3c07iv3miljhm4","id":"x3c07iv3miljhm4"},"id":"m5rn39mpo5luhv8","previousOperationId":"3ysw7hbu181fahb"}
{"type":"log","timestamp":1699009798799,"level":"debug","message":"Skipping storing report.","meta":{"rootId":"x3c07iv3miljhm4","id":"x3c07iv3miljhm4"},"id":"f9171rhf6w3f7k6","previousOperationId":"3ysw7hbu181fahb"}
{"type":"log","timestamp":1699009798799,"level":"info","message":"Rendering request 247 finished in 43 ms","meta":{"rootId":"x3c07iv3miljhm4","id":"x3c07iv3miljhm4"},"id":"4qk761ubs3o0ztm","previousOperationId":"3ysw7hbu181fahb"}
{"type":"operationEnd","subtype":"render","operationId":"1o28vsctdj8siru","timestamp":1699009798799,"id":"kepvcbbxe5iq3x4","previousEventId":"6hr05gft1x8nmcv","previousOperationId":"3ysw7hbu181fahb"}
{"type":"operationEnd","doDiffs":false,"previousEventId":"1pglrt0x9j7zgc7","previousOperationId":"6vx3tfflwtg4cez","operationId":"6vx3tfflwtg4cez","timestamp":1699009798806,"id":"6l0ky5xpxzaavtr"}
