{"type":"operationStart","subtype":"profile","data":{"_id":"HkBnTM1v4yKvnQyk","timestamp":"2023-11-01T14:30:39.853Z","state":"queued","mode":"standard","creationDate":"2023-11-01T14:30:39.855Z","modificationDate":"2023-11-01T14:30:39.855Z","shortid":"ASirHbB","$entitySet":"profiles"},"doDiffs":false,"timestamp":1698849039854,"id":"qpmjjyynd6af3k5","previousOperationId":null,"operationId":"vnz3m202d8plrx9"}
{"type":"log","level":"info","message":"Render request 11 queued for execution and waiting for available worker","previousOperationId":"vnz3m202d8plrx9","timestamp":1698849039854,"id":"4kphvhyoasrpyed"}
{"type":"operationStart","subtype":"render","name":"main","previousOperationId":"vnz3m202d8plrx9","timestamp":1698849039865,"id":"fmvwcgqlxa06k52","previousEventId":"qpmjjyynd6af3k5","operationId":"ccn1djfapv214ax"}
{"type":"log","timestamp":1698849039865,"level":"info","message":"Starting rendering request 11","meta":{"rootId":"xzgf2omwegufmwm","id":"xzgf2omwegufmwm"},"id":"7jsjb2d9trsihj0","previousOperationId":"ccn1djfapv214ax"}
{"type":"log","timestamp":1698849039865,"level":"info","message":"Rendering template { name: main, recipe: chrome-pdf, engine: handlebars, preview: true }","meta":{"rootId":"xzgf2omwegufmwm","id":"xzgf2omwegufmwm"},"id":"ouqdkwh0aelhwwy","previousOperationId":"ccn1djfapv214ax"}
{"type":"log","timestamp":1698849039865,"level":"debug","message":"Data item not defined for this template.","meta":{"rootId":"xzgf2omwegufmwm","id":"xzgf2omwegufmwm"},"id":"vyi94r1cnvtt9d6","previousOperationId":"ccn1djfapv214ax"}
{"type":"log","timestamp":1698849039868,"level":"debug","message":"Base url not specified, skipping its injection.","meta":{"rootId":"xzgf2omwegufmwm","id":"xzgf2omwegufmwm"},"id":"imkzdi87kgfa5dl","previousOperationId":"ccn1djfapv214ax"}
{"type":"operationStart","subtype":"engine","name":"handlebars","timestamp":1698849039868,"id":"6bbxu3nxr6ds4ah","previousEventId":"fmvwcgqlxa06k52","operationId":"upcwwksh6rg1b0m","previousOperationId":"ccn1djfapv214ax"}
{"type":"log","timestamp":1698849039868,"level":"debug","message":"Rendering engine handlebars","meta":{"rootId":"xzgf2omwegufmwm","id":"xzgf2omwegufmwm"},"id":"j6rxd3cl8w0pdpq","previousOperationId":"upcwwksh6rg1b0m"}
{"type":"operationEnd","operationId":"upcwwksh6rg1b0m","timestamp":1698849039887,"id":"4yvyp342s8uw2sz","previousEventId":"6bbxu3nxr6ds4ah","previousOperationId":"upcwwksh6rg1b0m"}
{"type":"operationStart","subtype":"recipe","name":"chrome-pdf","timestamp":1698849039888,"id":"37267zhzam2khhs","previousEventId":"4yvyp342s8uw2sz","operationId":"glfuu32c326rqgn","previousOperationId":"upcwwksh6rg1b0m"}
{"type":"log","timestamp":1698849039888,"level":"debug","message":"Executing recipe chrome-pdf","meta":{"rootId":"xzgf2omwegufmwm","id":"xzgf2omwegufmwm"},"id":"6sg4gs2a2gp3740","previousOperationId":"glfuu32c326rqgn"}
{"type":"log","timestamp":1698849039890,"level":"debug","message":"Converting with chrome HeadlessChrome/117.0.5938.149 using chrome-pool strategy","meta":{"rootId":"xzgf2omwegufmwm","id":"xzgf2omwegufmwm"},"id":"c92c74kxu3c55jk","previousOperationId":"glfuu32c326rqgn"}
{"type":"log","timestamp":1698849040014,"level":"debug","message":"Page request: GET (document) file:///C:/Users/OGNJEN~1/AppData/Local/Temp/jsreport/autocleanup/201688ca-85f4-41bd-a13b-ee591fd14136-chrome-pdf.html","meta":{"rootId":"xzgf2omwegufmwm","id":"xzgf2omwegufmwm"},"id":"yiipql20idv0m2j","previousOperationId":"glfuu32c326rqgn"}
{"type":"log","timestamp":1698849040026,"level":"debug","message":"Page request: GET (stylesheet) https://cdn.jsdelivr.net/npm/tailwindcss@2.2.19/dist/tailwind.min.css","meta":{"rootId":"xzgf2omwegufmwm","id":"xzgf2omwegufmwm"},"id":"rf41vu4zwm4ml0l","previousOperationId":"glfuu32c326rqgn"}
{"type":"log","timestamp":1698849040026,"level":"debug","message":"Page request: GET (stylesheet) https://cdnjs.cloudflare.com/ajax/libs/font-awesome/6.0.0-beta3/css/all.min.css","meta":{"rootId":"xzgf2omwegufmwm","id":"xzgf2omwegufmwm"},"id":"iqwigvz19a7cqsy","previousOperationId":"glfuu32c326rqgn"}
{"type":"log","timestamp":1698849040026,"level":"debug","message":"Page request finished: GET (document) 200 file:///C:/Users/OGNJEN~1/AppData/Local/Temp/jsreport/autocleanup/201688ca-85f4-41bd-a13b-ee591fd14136-chrome-pdf.html","meta":{"rootId":"xzgf2omwegufmwm","id":"xzgf2omwegufmwm"},"id":"7b0rkxbt9i0nn4s","previousOperationId":"glfuu32c326rqgn"}
{"type":"log","timestamp":1698849040031,"level":"debug","message":"Page request finished: GET (stylesheet) 200 https://cdnjs.cloudflare.com/ajax/libs/font-awesome/6.0.0-beta3/css/all.min.css","meta":{"rootId":"xzgf2omwegufmwm","id":"xzgf2omwegufmwm"},"id":"d2rkpokipwxj70i","previousOperationId":"glfuu32c326rqgn"}
{"type":"log","timestamp":1698849040095,"level":"debug","message":"Page request finished: GET (stylesheet) 200 https://cdn.jsdelivr.net/npm/tailwindcss@2.2.19/dist/tailwind.min.css","meta":{"rootId":"xzgf2omwegufmwm","id":"xzgf2omwegufmwm"},"id":"prdk812us2oayas","previousOperationId":"glfuu32c326rqgn"}
{"type":"log","timestamp":1698849040131,"level":"debug","message":"Page request: GET (font) https://cdnjs.cloudflare.com/ajax/libs/font-awesome/6.0.0-beta3/webfonts/fa-solid-900.woff2","meta":{"rootId":"xzgf2omwegufmwm","id":"xzgf2omwegufmwm"},"id":"yeakh4knd1f56wi","previousOperationId":"glfuu32c326rqgn"}
{"type":"log","timestamp":1698849040152,"level":"debug","message":"Page request finished: GET (font) 200 https://cdnjs.cloudflare.com/ajax/libs/font-awesome/6.0.0-beta3/webfonts/fa-solid-900.woff2","meta":{"rootId":"xzgf2omwegufmwm","id":"xzgf2omwegufmwm"},"id":"472n97b1t8znqc4","previousOperationId":"glfuu32c326rqgn"}
{"type":"log","timestamp":1698849040155,"level":"debug","message":"Running chrome with params {\"printBackground\":true,\"timeout\":59964,\"margin\":{}}","meta":{"rootId":"xzgf2omwegufmwm","id":"xzgf2omwegufmwm"},"id":"ibf8hcgc32h4s0o","previousOperationId":"glfuu32c326rqgn"}
{"type":"operationEnd","operationId":"glfuu32c326rqgn","timestamp":1698849040192,"id":"amj7zhcvn1x3lag","previousEventId":"37267zhzam2khhs","previousOperationId":"glfuu32c326rqgn"}
{"type":"log","timestamp":1698849040192,"level":"debug","message":"Skipping storing report.","meta":{"rootId":"xzgf2omwegufmwm","id":"xzgf2omwegufmwm"},"id":"ihni8n100canq1v","previousOperationId":"glfuu32c326rqgn"}
{"type":"log","timestamp":1698849040192,"level":"info","message":"Rendering request 11 finished in 339 ms","meta":{"rootId":"xzgf2omwegufmwm","id":"xzgf2omwegufmwm"},"id":"1w8thm97eu4d6lq","previousOperationId":"glfuu32c326rqgn"}
{"type":"operationEnd","subtype":"render","operationId":"ccn1djfapv214ax","timestamp":1698849040192,"id":"enmh5alcms1k97a","previousEventId":"amj7zhcvn1x3lag","previousOperationId":"glfuu32c326rqgn"}
{"type":"operationEnd","doDiffs":false,"previousEventId":"qpmjjyynd6af3k5","previousOperationId":"vnz3m202d8plrx9","operationId":"vnz3m202d8plrx9","timestamp":1698849040196,"id":"enfyjftzxsa6uaq"}
