{"type":"operationStart","subtype":"profile","data":{"_id":"DGZuiB3eRNbXkPqM","timestamp":"2023-11-03T11:12:27.381Z","state":"queued","mode":"standard","creationDate":"2023-11-03T11:12:27.383Z","modificationDate":"2023-11-03T11:12:27.383Z","shortid":"7zLiEO4","$entitySet":"profiles"},"doDiffs":false,"timestamp":1699009947382,"id":"8ec3ekj95vx3t9f","previousOperationId":null,"operationId":"28me9q4u19q2ub3"}
{"type":"log","level":"info","message":"Render request 253 queued for execution and waiting for available worker","previousOperationId":"28me9q4u19q2ub3","timestamp":1699009947383,"id":"77bcdtr5uw0axlp"}
{"type":"operationStart","subtype":"render","name":"main","previousOperationId":"28me9q4u19q2ub3","timestamp":1699009947392,"id":"rwgk6v8fe2qmg94","previousEventId":"8ec3ekj95vx3t9f","operationId":"wtkjuhquzw09tma"}
{"type":"log","timestamp":1699009947392,"level":"info","message":"Starting rendering request 253","meta":{"rootId":"zc0xnaucx7nje4g","id":"zc0xnaucx7nje4g"},"id":"46ysjn5lpr8se6z","previousOperationId":"wtkjuhquzw09tma"}
{"type":"log","timestamp":1699009947393,"level":"info","message":"Rendering template { name: main, recipe: html, engine: handlebars, preview: true }","meta":{"rootId":"zc0xnaucx7nje4g","id":"zc0xnaucx7nje4g"},"id":"66z1pc94urtl999","previousOperationId":"wtkjuhquzw09tma"}
{"type":"log","timestamp":1699009947393,"level":"debug","message":"Adding sample data xOo8CoQnV","meta":{"rootId":"zc0xnaucx7nje4g","id":"zc0xnaucx7nje4g"},"id":"bnsz88cvaetil5a","previousOperationId":"wtkjuhquzw09tma"}
{"type":"log","timestamp":1699009947394,"level":"debug","message":"Base url not specified, skipping its injection.","meta":{"rootId":"zc0xnaucx7nje4g","id":"zc0xnaucx7nje4g"},"id":"uics73e7aja4lm8","previousOperationId":"wtkjuhquzw09tma"}
{"type":"operationStart","subtype":"engine","name":"handlebars","timestamp":1699009947394,"id":"tf0eumd99wvhuau","previousEventId":"rwgk6v8fe2qmg94","operationId":"nl4ylm6rt0cct95","previousOperationId":"wtkjuhquzw09tma"}
{"type":"log","timestamp":1699009947394,"level":"debug","message":"Rendering engine handlebars","meta":{"rootId":"zc0xnaucx7nje4g","id":"zc0xnaucx7nje4g"},"id":"zyl0hc2f7y5m8fw","previousOperationId":"nl4ylm6rt0cct95"}
{"type":"operationStart","subtype":"render","name":"proposed-portfolio","previousOperationId":"nl4ylm6rt0cct95","timestamp":1699009947405,"id":"jl1lkmx0uqc0t9h","previousEventId":"tf0eumd99wvhuau","operationId":"e2s7le346gyjg1l"}
{"type":"log","timestamp":1699009947405,"level":"info","message":"Starting rendering (child) request","meta":{"rootId":"zc0xnaucx7nje4g","id":"ucpgeacbuntmf5r"},"id":"6l81re49ydev531","previousOperationId":"e2s7le346gyjg1l"}
{"type":"log","timestamp":1699009947405,"level":"info","message":"Rendering template { name: proposed-portfolio, recipe: html, engine: handlebars, preview: true }","meta":{"rootId":"zc0xnaucx7nje4g","id":"ucpgeacbuntmf5r"},"id":"uxn36bh7fgfsj16","previousOperationId":"e2s7le346gyjg1l"}
{"type":"log","timestamp":1699009947406,"level":"debug","message":"Inline data specified.","meta":{"rootId":"zc0xnaucx7nje4g","id":"ucpgeacbuntmf5r"},"id":"gi3ibfdnjqoh7fe","previousOperationId":"e2s7le346gyjg1l"}
{"type":"log","timestamp":1699009947408,"level":"debug","message":"Base url not specified, skipping its injection.","meta":{"rootId":"zc0xnaucx7nje4g","id":"ucpgeacbuntmf5r"},"id":"zmbodsdsr1xrjej","previousOperationId":"e2s7le346gyjg1l"}
{"type":"operationStart","subtype":"engine","name":"handlebars","timestamp":1699009947408,"id":"63ew00javui0nay","previousEventId":"jl1lkmx0uqc0t9h","operationId":"zo8j7x30msotic6","previousOperationId":"e2s7le346gyjg1l"}
{"type":"log","timestamp":1699009947408,"level":"debug","message":"Rendering engine handlebars","meta":{"rootId":"zc0xnaucx7nje4g","id":"ucpgeacbuntmf5r"},"id":"nrdxprb3y8l23u2","previousOperationId":"zo8j7x30msotic6"}
{"type":"operationEnd","operationId":"zo8j7x30msotic6","timestamp":1699009947425,"id":"s1elxvg0b8xz8dh","previousEventId":"63ew00javui0nay","previousOperationId":"zo8j7x30msotic6"}
{"type":"operationStart","subtype":"recipe","name":"html","timestamp":1699009947425,"id":"upd5z1ea4wh9z81","previousEventId":"s1elxvg0b8xz8dh","operationId":"vt1694eahrraszo","previousOperationId":"zo8j7x30msotic6"}
{"type":"log","timestamp":1699009947425,"level":"debug","message":"Executing recipe html","meta":{"rootId":"zc0xnaucx7nje4g","id":"ucpgeacbuntmf5r"},"id":"ozvjga2pb26osuc","previousOperationId":"vt1694eahrraszo"}
{"type":"operationEnd","operationId":"vt1694eahrraszo","timestamp":1699009947425,"id":"kusx1kw4vauim1g","previousEventId":"upd5z1ea4wh9z81","previousOperationId":"vt1694eahrraszo"}
{"type":"log","timestamp":1699009947426,"level":"debug","message":"Skipping storing report.","meta":{"rootId":"zc0xnaucx7nje4g","id":"ucpgeacbuntmf5r"},"id":"p1zb7qvycedej4x","previousOperationId":"vt1694eahrraszo"}
{"type":"log","timestamp":1699009947426,"level":"info","message":"Rendering (child) request finished in 45 ms","meta":{"rootId":"zc0xnaucx7nje4g","id":"ucpgeacbuntmf5r"},"id":"lpbe988uu8whupf","previousOperationId":"vt1694eahrraszo"}
{"type":"operationEnd","subtype":"render","operationId":"e2s7le346gyjg1l","timestamp":1699009947426,"id":"vcj5qmacq536705","previousEventId":"kusx1kw4vauim1g","previousOperationId":"vt1694eahrraszo"}
{"type":"operationEnd","operationId":"nl4ylm6rt0cct95","timestamp":1699009947426,"id":"ittezcj3llpg8cb","previousEventId":"tf0eumd99wvhuau","previousOperationId":"nl4ylm6rt0cct95"}
{"type":"operationStart","subtype":"recipe","name":"html","timestamp":1699009947426,"id":"3yn3h9ylrinpzt2","previousEventId":"ittezcj3llpg8cb","operationId":"27pt80hz0om72nd","previousOperationId":"nl4ylm6rt0cct95"}
{"type":"log","timestamp":1699009947426,"level":"debug","message":"Executing recipe html","meta":{"rootId":"zc0xnaucx7nje4g","id":"zc0xnaucx7nje4g"},"id":"axb7i0vy62i9r1y","previousOperationId":"27pt80hz0om72nd"}
{"type":"operationEnd","operationId":"27pt80hz0om72nd","timestamp":1699009947426,"id":"f5bbziw8bhhcydu","previousEventId":"3yn3h9ylrinpzt2","previousOperationId":"27pt80hz0om72nd"}
{"type":"log","timestamp":1699009947426,"level":"debug","message":"Skipping pdf utils processing because template is rendered with non-pdf recipe.","meta":{"rootId":"zc0xnaucx7nje4g","id":"zc0xnaucx7nje4g"},"id":"5zgd7cuya2u6un7","previousOperationId":"27pt80hz0om72nd"}
{"type":"log","timestamp":1699009947426,"level":"debug","message":"Skipping storing report.","meta":{"rootId":"zc0xnaucx7nje4g","id":"zc0xnaucx7nje4g"},"id":"suwovw6a2zqqwk4","previousOperationId":"27pt80hz0om72nd"}
{"type":"log","timestamp":1699009947426,"level":"info","message":"Rendering request 253 finished in 45 ms","meta":{"rootId":"zc0xnaucx7nje4g","id":"zc0xnaucx7nje4g"},"id":"9ss9ci4xlz3p3go","previousOperationId":"27pt80hz0om72nd"}
{"type":"operationEnd","subtype":"render","operationId":"wtkjuhquzw09tma","timestamp":1699009947426,"id":"3vhsfj96jkuxofg","previousEventId":"f5bbziw8bhhcydu","previousOperationId":"27pt80hz0om72nd"}
{"type":"operationEnd","doDiffs":false,"previousEventId":"8ec3ekj95vx3t9f","previousOperationId":"28me9q4u19q2ub3","operationId":"28me9q4u19q2ub3","timestamp":1699009947434,"id":"oxrtmwsh25adgp3"}
